-----------
Initializing structure...
Working in 2D dimensions.
Computational cell is 1 x 12 x 0 with resolution 20
     block, center = (0,0,0)
          size (1e+20,1.2,1e+20)
          axes (1,0,0), (0,1,0), (0,0,1)
          dielectric constant epsilon diagonal = (13,13,13)
     cylinder, center = (0,0,0)
          radius 0.36, height 1e+20, axis (0, 0, 1)
          dielectric constant epsilon diagonal = (1,1,1)
Halving computational cell along direction y
time for set_epsilon = 0.0160809 s
-----------
Meep: using complex fields.
harminv0:, frequency, imag. freq., Q, |amp|, amplitude, error
harminv0:, 0.188981770271277, -3.21863511008628e-9, 29357439.381535, 0.917362793095337, 0.621555941348127-0.674701938585122i, 2.34916238250544e-9
harminv0:, 0.313977168328424, -4.60766060748271e-8, 3407121.26039116, 0.168131321739749, -0.160186250939767+0.0510735387438237i, 8.56172045158164e-9
harminv0:, 0.395313531940321, 1.23174746381923e-4, -1604.68579620447, 0.0394703410922342, 0.0136119230455568+0.0370489321970168i, 1.48279111092147e-8
harminv0:, 0.582924839389776, -0.00141249940446995, 206.345162888235, 0.0314166703507054, -0.0307630866913499+0.0063749253442985i, 1.75467367056968e-8
harminv0:, 0.724995612550715, -0.00203297010675381, 178.309462136748, 0.0790056301760544, 0.0697368632930668+0.0371303043020064i, 4.664121953341e-8
harminv0:, 0.776705747681738, -0.00500496200793771, 77.5935707853433, 0.0489093103981041, 0.0373178634512961-0.0316148337185017i, 2.43430288218715e-7
harminv0:, 0.798175559946362, -1.34326356105116e-4, 2971.0310883508, 0.0459212612328904, 0.0216341370566329-0.04050588040068i, 1.49527832154491e-8
harminv0:, 0.857404782174689, -0.00326828142186663, 131.170586541014, 0.030458277186399, -0.013804601144586-0.0271503155856872i, 1.87502774194293e-7
harminv0:, 0.946670101008818, -0.00563456624271036, 84.0055880284981, 0.0122444538550206, -0.00444789867904023+0.0114080168105031i, 1.37256723046792e-6
harminv0:, 0.96419994281148, -0.0045616429325575, 105.685600239528, 0.00107425668052288, 7.32845265696429e-4-7.85471343967662e-4i, 1.25176227321131e-5
harminv0:, 0.993422217521745, -0.00402095153527338, 123.530737538995, 0.00185081328398084, 1.94599228954306e-4+0.00184055452303112i, 3.67259988529616e-6
run 0 finished at t = 306.675 (12267 timesteps)
Meep: using complex fields.
creating output file "./band-eps-000000.00.h5"...

Field time usage:
    connnecting chunks: 0.00151491 s
         time stepping: 1.22357 s
         communicating: 0.131342 s
    Fourier transforming: 0.00131249 s
       everything else: 0.194579 s

harminv1:, frequency, imag. freq., Q, |amp|, amplitude, error
harminv1:, 0.463883356378228, -7.79069632011096e-7, 297716.235698185, 0.0376784218732035, 0.0358148534067045-0.0117029804029301i, 1.82363073057465e-7
harminv1:, 0.635214823953305, -3.22018213921395e-8, 9863026.32105713, 0.106451386859572, -0.0763636198550936+0.0741653242894077i, 3.60096889037818e-9
harminv1:, 0.640205991018944, -0.00533203059202965, 60.0339757967563, 0.00652021466193623, 0.0010460054430598-0.00643576505559498i, 1.51068094516317e-5
harminv1:, 0.699538926579926, -5.95211953186116e-8, 5876385.06615465, 0.0814636349186555, 0.0426025133150019+0.069435939349915i, 1.88745570034063e-8
harminv1:, 0.700397340588253, -0.00372848004379872, 93.9253170676303, 0.00835614710048404, -0.0010566816277287+0.00828906619002095i, 1.19191771598702e-5
harminv1:, 0.817055205050866, 4.2837871669466e-8, -9536598.96265629, 0.0236854810615053, 0.00292523381323361-0.023504149000822i, 1.63012251460859e-8
harminv1:, 0.863147926601107, -6.46716711785912e-7, 667330.773173867, 0.0179654842293617, -0.0134308832329517-0.011931890008639i, 8.97441545200743e-8
harminv1:, 0.887874695236217, -2.57769373858766e-4, 1722.2268920952, 0.0065133095741141, -0.00649542505628319-4.82343183278081e-4i, 2.6385886309405e-7
harminv1:, 0.942259344046768, -1.97511708713588e-6, 238532.52806727, 0.00498474573805036, -0.00296687559245144+0.00400566340222531i, 2.13886617921077e-7
harminv1:, 0.976002657884736, 3.46398797254838e-4, -1408.78470944389, 3.08858952668607e-5, 4.78530478376268e-6+3.05129379864016e-5i, 2.26618070093576e-5
harminv1:, 0.984643077014211, 5.20936190639637e-6, -94507.0715671727, 0.00742642399789875, 0.00185688212593423+0.00719053281523368i, 1.1438343607736e-7
harminv1:, 0.996808505252743, -0.00100170691232426, 497.554969916222, 1.56996917228164e-4, 9.94191288443045e-5-1.21506661706207e-4i, 1.16479403258294e-5
run 1 finished at t = 306.675 (12267 timesteps)
freqs:, 1, 0.0, 0.0, 0.0, 0.463883356378228, 0.635214823953305, 0.640205991018944, 0.699538926579926, 0.700397340588253, 0.817055205050866, 0.863147926601107, 0.887874695236217, 0.942259344046768, 0.976002657884736, 0.984643077014211, 0.996808505252743
freqs-im:, 1, 0.0, 0.0, 0.0, -7.79069632011096e-7, -3.22018213921395e-8, -0.00533203059202965, -5.95211953186116e-8, -0.00372848004379872, 4.2837871669466e-8, -6.46716711785912e-7, -2.57769373858766e-4, -1.97511708713588e-6, 3.46398797254838e-4, 5.20936190639637e-6, -0.00100170691232426
harminv2:, frequency, imag. freq., Q, |amp|, amplitude, error
harminv2:, 0.464421425236385, -4.61719927168194e-4, 502.925472682931, 0.041440296880966, 0.0384976054418723-0.0153372937907743i, 2.64904890717035e-8
harminv2:, 0.635788648602917, -3.82513844546866e-4, 831.066192331006, 0.10975152348637, -0.0716034406917907+0.0831765843773139i, 1.66938563299999e-8
harminv2:, 0.640233551248824, -0.00490535927376463, 65.2585789865576, 0.0129180989339083, -0.00247741010641242-0.0126783168926671i, 6.07475949784187e-6
harminv2:, 0.69532799859576, -0.00207807079894991, 167.301325572527, 0.0455481180127474, 0.0297314312799396+0.0345061305936987i, 2.50130526155103e-7
harminv2:, 0.704771015615305, -0.00167714992677791, 210.109723752989, 0.0445303789033338, 0.0120116898467002+0.0428797615700129i, 1.62942010127616e-7
harminv2:, 0.81684760732916, -9.96446648921333e-6, 40988.0252100506, 0.0234995131595209, 0.00281376967362276-0.0233304483231312i, 1.28333201145365e-8
harminv2:, 0.862602477512903, -1.91465599946572e-4, 2252.63044054287, 0.0173807316696526, -0.0128055559970206-0.0117519176724326i, 1.20165955750968e-7
harminv2:, 0.888344845991377, -2.01264049313161e-4, 2206.91387513807, 0.00704362336848757, -0.0070143525018041-6.41474190859364e-4i, 2.58151871387762e-7
harminv2:, 0.941352010928042, -1.96399997307169e-5, 23965.1737228837, 0.00467579257044145, -0.00290406690264885+0.00366461888696969i, 2.74222145433915e-7
harminv2:, 0.970654062150445, -4.34332548236593e-4, 1117.40884500982, 0.00219793339679198, -5.17144703712996e-4+0.00213622858611974i, 4.25916970106025e-6
harminv2:, 0.973037035712171, -0.00160604575565234, 302.929425356547, 0.00107432907722531, 7.80921441369783e-4+7.37797173063657e-4i, 3.41020472051441e-5
harminv2:, 0.984180713651169, -0.00290589526400287, 169.342082944769, 0.00547406627526572, 0.0048319717671492+0.00257244055858917i, 8.68867701746998e-7
run 2 finished at t = 306.675 (12267 timesteps)
freqs:, 2, 0.0249999999999998, 0.0, 0.0, 0.464421425236385, 0.635788648602917, 0.640233551248824, 0.69532799859576, 0.704771015615305, 0.81684760732916, 0.862602477512903, 0.888344845991377, 0.941352010928042, 0.970654062150445, 0.973037035712171, 0.984180713651169
freqs-im:, 2, 0.0249999999999998, 0.0, 0.0, -4.61719927168194e-4, -3.82513844546866e-4, -0.00490535927376463, -0.00207807079894991, -0.00167714992677791, -9.96446648921333e-6, -1.91465599946572e-4, -2.01264049313161e-4, -1.96399997307169e-5, -4.34332548236593e-4, -0.00160604575565234, -0.00290589526400287
harminv3:, frequency, imag. freq., Q, |amp|, amplitude, error
harminv3:, 0.0470514387505892, -1.31896142004925e-4, 178.365485280201, 0.00511504350239812, 0.00312323760234327+0.00405080941426949i, 1.17555897907187e-6
harminv3:, 0.049662955685225, 3.66835596983993e-4, -67.6910257531415, 0.00295446285335574, -9.67997329578561e-4+0.00279138530514649i, 4.0351216948737e-6
harminv3:, 0.46616167168689, -0.00190232029603545, 122.524496179324, 0.0542183833622654, 0.0471292981566466-0.0268041479939111i, 1.0164827645796e-7
harminv3:, 0.637033118560554, -0.00225857800509042, 141.025263932616, 0.117415545478523, -0.00115135412643044+0.117409900364895i, 8.78690735093567e-7
harminv3:, 0.640568904493452, -0.003029372091537, 105.726349411315, 0.0794518850131657, -0.0683889149650052-0.0404420368188176i, 2.36309117236316e-6
harminv3:, 0.690506481424183, -0.00258250194048462, 133.6894409641, 0.0441098328591318, 0.0188093911485889+0.0398984230199632i, 2.47271467742277e-7
harminv3:, 0.71031649646507, -0.00136033183306443, 261.082068066044, 0.0433842736084075, 0.0231847030351241+0.0366696705971334i, 1.38420430471889e-7
harminv3:, 0.816195504956771, -5.1459995667854e-5, 7930.38839553023, 0.0229373621585358, 0.00236943874869047-0.0228146519326514i, 1.56578873031423e-7
harminv3:, 0.861122126397603, -7.1847395550875e-4, 599.271636637019, 0.0158801625550546, -0.0111132930847473-0.0113434685871415i, 2.89386538232938e-7
harminv3:, 0.889545472993664, -8.34089627181661e-5, 5332.43337409305, 0.00841332390160969, -0.00835563607463278-9.83547081583888e-4i, 2.35183133438506e-7
harminv3:, 0.93837321185693, -4.36771316472928e-7, 1074215.70106137, 0.00373423269085951, -0.00247975019527505+0.00279201231346089i, 1.39537565994172e-7
harminv3:, 0.948570074440556, -9.55217387568355e-4, 496.52052338331, 2.72038023844891e-4, -9.95831067817735e-5+2.53155863572471e-4i, 3.98685936306046e-5
harminv3:, 0.954295040534124, -0.00465997004075465, 102.392830016948, 0.00262389571072702, 0.00155887334743241+0.00211062611265864i, 5.46426670925491e-5
harminv3:, 0.963844677426537, -0.00738879899670367, 65.2233656549956, 0.00278251253683983, 7.4255561760692e-4+0.00268160160583768i, 1.58070252837393e-5
harminv3:, 0.98433430393858, -0.0024201154063815, 203.365157988547, 0.00155607667365266, 0.00155606813719803+5.15428782673569e-6i, 3.75737225519812e-6
harminv3:, 0.999667758951394, -0.00763418898323995, 65.4730817606204, 0.0034188788683197, 1.71415077869969e-4+0.00341457897658288i, 6.22556125511603e-5
run 3 finished at t = 306.675 (12267 timesteps)
freqs:, 3, 0.0499999999999998, 0.0, 0.0, 0.0470514387505892, 0.049662955685225, 0.46616167168689, 0.637033118560554, 0.640568904493452, 0.690506481424183, 0.71031649646507, 0.816195504956771, 0.861122126397603, 0.889545472993664, 0.93837321185693, 0.948570074440556, 0.954295040534124, 0.963844677426537, 0.98433430393858, 0.999667758951394
freqs-im:, 3, 0.0499999999999998, 0.0, 0.0, -1.31896142004925e-4, 3.66835596983993e-4, -0.00190232029603545, -0.00225857800509042, -0.003029372091537, -0.00258250194048462, -0.00136033183306443, -5.1459995667854e-5, -7.1847395550875e-4, -8.34089627181661e-5, -4.36771316472928e-7, -9.55217387568355e-4, -0.00465997004075465, -0.00738879899670367, -0.0024201154063815, -0.00763418898323995
harminv4:, frequency, imag. freq., Q, |amp|, amplitude, error
harminv4:, 0.0702683101101195, 2.57433526926604e-4, -136.478552248079, 0.0246978127230145, 0.0151509917781371+0.0195045994944761i, 7.09637622125925e-7
harminv4:, 0.07387604751897, 2.73794909129876e-4, -134.911287711209, 0.00835286406052353, -0.0070321727998102+0.0045076472496409i, 2.70158799261459e-6
harminv4:, 0.470080327793239, -0.00430899357969844, 54.5464177537875, 0.0849738790453037, 0.0736751037422248-0.0423383893007082i, 6.92250999387209e-7
harminv4:, 0.636003225353675, -0.00398404338709453, 79.8188126431897, 0.0366596059549475, 0.0090699674727497+0.0355198873705321i, 1.21053364381395e-6
harminv4:, 0.643826704772654, -0.0013103557585698, 245.668666910489, 0.0878155609707656, -0.0726274476072117+0.0493642239144096i, 8.2035007786054e-8
harminv4:, 0.686189268293765, -0.00312219398727314, 109.888954864888, 0.0455854057475979, 0.0131111283935113+0.0436592204399253i, 5.32471235324438e-7
harminv4:, 0.715909008102648, -0.00113269578459181, 316.019984289357, 0.0435515242665926, 0.0293822677237049+0.0321468133623869i, 1.54038333536017e-7
harminv4:, 0.814998442844718, -1.55785868656244e-4, 2615.76499163441, 0.0216525719705985, 0.0012499305587009-0.0216164647095767i, 3.71903640327819e-8
harminv4:, 0.859042770503442, -0.00152381748773606, 281.871935916593, 0.0141915093951292, -0.00896759782558093-0.0109991421552173i, 5.65989295792348e-7
harminv4:, 0.890880918816962, -2.00413660384988e-7, 2222605.27826698, 0.0101082378772179, -0.0100071493749166-0.00142598540333667i, 2.10775603657283e-7
harminv4:, 0.920472391158431, -0.00510591541313433, 90.1378417659084, 0.00456327296030329, -0.00454867155950373-3.64756293978761e-4i, 5.49188855399532e-5
harminv4:, 0.923131122201344, -5.77420376481416e-4, 799.357937302593, 3.91080695225131e-4, 3.89495342294293e-4+3.51779548698176e-5i, 7.08256612891192e-6
harminv4:, 0.928817512150408, -0.00362892647902847, 127.97414297562, 0.0016812516806696, 0.00164238846543576-3.59398584245834e-4i, 2.15862631651893e-5
harminv4:, 0.934684710435156, -0.00283089205521235, 165.086603834678, 0.00602658374967429, -0.00552164250742009+0.00241478274635417i, 1.76613635507698e-6
harminv4:, 0.985582380032564, -0.00221758064607393, 222.220188875085, 8.91082670777842e-4, 8.78260380274642e-4-1.50622145119549e-4i, 6.53096176521539e-6
run 4 finished at t = 306.675 (12267 timesteps)
freqs:, 4, 0.0749999999999998, 0.0, 0.0, 0.0702683101101195, 0.07387604751897, 0.470080327793239, 0.636003225353675, 0.643826704772654, 0.686189268293765, 0.715909008102648, 0.814998442844718, 0.859042770503442, 0.890880918816962, 0.920472391158431, 0.923131122201344, 0.928817512150408, 0.934684710435156, 0.985582380032564
freqs-im:, 4, 0.0749999999999998, 0.0, 0.0, 2.57433526926604e-4, 2.73794909129876e-4, -0.00430899357969844, -0.00398404338709453, -0.0013103557585698, -0.00312219398727314, -0.00113269578459181, -1.55785868656244e-4, -0.00152381748773606, -2.00413660384988e-7, -0.00510591541313433, -5.77420376481416e-4, -0.00362892647902847, -0.00283089205521235, -0.00221758064607393
harminv5:, frequency, imag. freq., Q, |amp|, amplitude, error
harminv5:, 0.0910253083015192, 8.06452657323057e-4, -56.4356180582684, 0.0824935426900946, 0.0245602342467458+0.0787526474431649i, 8.71952536348449e-8
harminv5:, 0.0984939339166511, -5.71486449884911e-4, 86.1734638997008, 0.00929975859362634, -0.00929652473187964-2.45230114947489e-4i, 3.2874668699499e-6
harminv5:, 0.473816095697254, 0.00382985648959969, -61.8582049985349, 5.80035103069511e-5, -2.55883899627386e-5+5.20542169957766e-5i, 0.0032980859701973
harminv5:, 0.475813480955064, -0.00425953242592942, 55.8527830494496, 0.0870890783046229, 0.0655028879570366-0.0573923272679949i, 1.04252772293388e-4
harminv5:, 0.634824929979674, -0.00437987281627777, 72.4707036720736, 0.021567356915863, 0.00313703150167247+0.0213379923538682i, 2.23852652110587e-6
harminv5:, 0.647530673041477, -8.19180114516569e-4, 395.230952001082, 0.0893639619406774, -0.0565914313906165+0.069161604860616i, 4.82591106791013e-8
harminv5:, 0.682435011216621, -0.00371366847514775, 91.8815203596587, 0.049113520576127, 0.00871834828486335+0.0483335112170166i, 6.12006665147174e-7
harminv5:, 0.721620826283688, -9.50485491063746e-4, 379.606439587036, 0.0439942185454963, 0.0342226412981166+0.0276460139624021i, 1.43225219866686e-7
harminv5:, 0.813007316471241, -4.19203435082041e-4, 969.704979054061, 0.0192839255233329, -0.00129520333357139-0.0192403802434919i, 1.84470039949566e-7
harminv5:, 0.818143990622367, -0.00735159478868516, 55.6439802613694, 0.00913527050972568, 0.00608468381226365-0.00681394087079132i, 6.53680555567271e-6
harminv5:, 0.856703047684144, -0.00248929858561258, 172.07719729478, 0.0117596805997894, -0.00611667941863832-0.010043720460998i, 1.49682113385611e-6
harminv5:, 0.890671807495676, -1.16060425447249e-4, 3837.103836486, 0.0109617235847132, -0.0108196269412457-0.00175927735162151i, 4.2844775789277e-7
harminv5:, 0.897209254261097, -0.00435764155214022, 102.946656296276, 0.00803623764914663, 0.00733486723735322-0.00328341867022226i, 4.05508306253934e-5
harminv5:, 0.900758233255791, -9.66934516617606e-4, 465.780369702126, 3.16410802986853e-4, 1.27747925670963e-4-2.89475843091529e-4i, 1.49301136846226e-5
harminv5:, 0.911316058547481, 0.00431622946817463, -105.568536759572, 5.27060530747115e-7, 4.89004214866925e-7+1.96640994998024e-7i, 1.07835010273827e-4
harminv5:, 0.93101231115306, -0.00271186441104736, 171.655394598709, 0.00638786441704266, -0.00545244746719042+0.00332800667488042i, 2.11878851872618e-7
harminv5:, 0.986595375400051, -5.94130386556549e-4, 830.285235130073, 1.28643716884703e-4, 9.83135567156713e-5-8.29677675957726e-5i, 1.83169484575346e-5
run 5 finished at t = 306.675 (12267 timesteps)
freqs:, 5, 0.0999999999999998, 0.0, 0.0, 0.0910253083015192, 0.0984939339166511, 0.473816095697254, 0.475813480955064, 0.634824929979674, 0.647530673041477, 0.682435011216621, 0.721620826283688, 0.813007316471241, 0.818143990622367, 0.856703047684144, 0.890671807495676, 0.897209254261097, 0.900758233255791, 0.911316058547481, 0.93101231115306, 0.986595375400051
freqs-im:, 5, 0.0999999999999998, 0.0, 0.0, 8.06452657323057e-4, -5.71486449884911e-4, 0.00382985648959969, -0.00425953242592942, -0.00437987281627777, -8.19180114516569e-4, -0.00371366847514775, -9.50485491063746e-4, -4.19203435082041e-4, -0.00735159478868516, -0.00248929858561258, -1.16060425447249e-4, -0.00435764155214022, -9.66934516617606e-4, 0.00431622946817463, -0.00271186441104736, -5.94130386556549e-4
harminv6:, frequency, imag. freq., Q, |amp|, amplitude, error
harminv6:, 0.105706184672877, -3.21701168348219e-4, 164.292509746898, 0.247732799691277, 0.159185276185702+0.18981988275352i, 3.42220052886593e-8
harminv6:, 0.123753036409466, -0.00122305972369122, 50.5915753794823, 0.00874061815957911, -0.00864131956716525-0.00131377393401259i, 3.77938429268036e-6
harminv6:, 0.480844885224564, -0.00311636394340908, 77.1483841355438, 0.0991694242344526, 0.0817963225315523-0.0560708152545252i, 2.82389821169216e-7
harminv6:, 0.633334288712994, -0.00418661278206342, 75.638030274303, 0.0151964897409849, 0.0016193431528003+0.0151099645334242i, 5.53567851493845e-6
harminv6:, 0.651372880997321, -7.81298778225783e-4, 416.852617174505, 0.0848953198087968, -0.0426033408183847+0.0734314011615633i, 2.70783292950046e-7
harminv6:, 0.679475657851353, -0.00427461103036559, 79.4780686505223, 0.0555377061077104, 0.00404089891633749+0.0553905040205842i, 1.88649044433667e-6
harminv6:, 0.727451178973601, -7.94676781482777e-4, 457.702550221902, 0.0442897137674521, 0.0381110287201881+0.0225638701355028i, 2.14568034280594e-7
harminv6:, 0.809625459953417, -9.11404440802408e-4, 444.16365759674, 0.01388831884157, -0.00453655955070968-0.0131265009689549i, 3.99248011895287e-7
harminv6:, 0.815801212244008, -0.00640057164076246, 63.7287775242233, 0.0181439907450295, 0.00829463756877813-0.0161370191720259i, 1.16568841253746e-5
harminv6:, 0.854291990862485, -0.00378035255355083, 112.991047628621, 0.0109397454106499, -0.0042110030743884-0.0100968055719285i, 4.17296990433095e-6
harminv6:, 0.87350113688399, -6.74628714112042e-5, 6473.93980282701, 1.02199365321242e-4, -9.43340589863115e-5+3.93166070157611e-5i, 3.89463237725995e-5
harminv6:, 0.879890978983444, -0.00262468845736612, 167.618175123614, 0.00138073070883792, -0.0013797075603161+5.31445042752599e-5i, 4.83915439329634e-5
harminv6:, 0.889494492852319, -0.006582015473871, 67.570070017565, 0.00707152380262771, -0.00703202578894355+7.46365992501746e-4i, 3.44618725660467e-5
harminv6:, 0.900438565328613, -0.00738121767157724, 60.9952588714407, 0.00569657911567747, -0.00533629360167097-0.00199373624583045i, 3.24745740394671e-5
harminv6:, 0.928050184011719, -0.00227714965953425, 203.774525781836, 0.00776267939922606, -0.00746889041922936+0.00211538822931217i, 6.6153163531724e-7
harminv6:, 0.990952506036298, -9.63871061811032e-4, 514.048271235772, 1.07840375025449e-4, -3.21716592329328e-5+1.0292973733489e-4i, 1.19577831641632e-4
run 6 finished at t = 306.675 (12267 timesteps)
freqs:, 6, 0.125, 0.0, 0.0, 0.105706184672877, 0.123753036409466, 0.480844885224564, 0.633334288712994, 0.651372880997321, 0.679475657851353, 0.727451178973601, 0.809625459953417, 0.815801212244008, 0.854291990862485, 0.87350113688399, 0.879890978983444, 0.889494492852319, 0.900438565328613, 0.928050184011719, 0.990952506036298
freqs-im:, 6, 0.125, 0.0, 0.0, -3.21701168348219e-4, -0.00122305972369122, -0.00311636394340908, -0.00418661278206342, -7.81298778225783e-4, -0.00427461103036559, -7.94676781482777e-4, -9.11404440802408e-4, -0.00640057164076246, -0.00378035255355083, -6.74628714112042e-5, -0.00262468845736612, -0.006582015473871, -0.00738121767157724, -0.00227714965953425, -9.63871061811032e-4
harminv7:, frequency, imag. freq., Q, |amp|, amplitude, error
harminv7:, 0.116916883791871, 4.3177767758366e-5, -1353.90143888596, 0.309689340684661, 0.239446628072188+0.196399592765767i, 6.62707440886423e-8
harminv7:, 0.14906557480379, -1.3226505770819e-4, 563.51079183992, 0.00218232693043179, -0.00218226337262556+1.66554430967281e-5i, 2.87419313473431e-5
harminv7:, 0.484898369172386, -0.00209395785381884, 115.785131082762, 0.12205436102652, 0.0934985612271224-0.0784556313724528i, 4.78738928704171e-7
harminv7:, 0.631182031953294, -0.00413739855054585, 76.2776445443022, 0.0188608092108678, 0.00442835985411767+0.0183335690221843i, 8.74904045822726e-6
harminv7:, 0.654904837919657, -0.00117946149265487, 277.628749220766, 0.0696431771173555, -0.0250612292466226+0.0649777416324049i, 2.55974924727989e-7
harminv7:, 0.677587737030947, -0.00466757131936657, 72.5846152815616, 0.0713512865521672, 0.00559870131154937+0.071131291540879i, 2.05610526930145e-6
harminv7:, 0.733400031215284, -6.76231226163664e-4, 542.270160589851, 0.0451253403803684, 0.0416594750391682+0.0173431393901171i, 2.00582149795847e-7
harminv7:, 0.804000025066225, -0.00111783886602733, 359.622504414945, 0.00631165969028655, -0.00307662775820054-0.00551102619150536i, 1.60244195705132e-6
harminv7:, 0.814639761535171, -0.00521212368291653, 78.1485447290198, 0.0252657777794299, 0.00974415323123781-0.0233111776752204i, 3.70392855691012e-6
harminv7:, 0.847804165722944, -5.05549479459599e-4, 838.497714040963, 1.66646816588528e-4, -8.57498472348517e-5-1.42892005298722e-4i, 1.12098953118834e-5
harminv7:, 0.852496198595585, -0.00474327362183076, 89.8636961055756, 0.00850189102384836, 0.00203034219989333-0.00825589859026416i, 9.76545961758642e-6
harminv7:, 0.903060921206829, -0.00611369102923433, 73.8556231324571, 0.0103204245452351, -0.0100263600247425-0.00244607184034645i, 1.66174898016655e-6
harminv7:, 0.925645760556958, -0.0019832536899013, 233.365445195018, 0.00835779225926835, -0.00822750941826918+0.0014699592584075i, 2.5216202322505e-7
run 7 finished at t = 306.675 (12267 timesteps)
freqs:, 7, 0.15, 0.0, 0.0, 0.116916883791871, 0.14906557480379, 0.484898369172386, 0.631182031953294, 0.654904837919657, 0.677587737030947, 0.733400031215284, 0.804000025066225, 0.814639761535171, 0.847804165722944, 0.852496198595585, 0.903060921206829, 0.925645760556958
freqs-im:, 7, 0.15, 0.0, 0.0, 4.3177767758366e-5, -1.3226505770819e-4, -0.00209395785381884, -0.00413739855054585, -0.00117946149265487, -0.00466757131936657, -6.76231226163664e-4, -0.00111783886602733, -0.00521212368291653, -5.05549479459599e-4, -0.00474327362183076, -0.00611369102923433, -0.0019832536899013
harminv8:, frequency, imag. freq., Q, |amp|, amplitude, error
harminv8:, 0.126205155875834, -6.47065271235875e-6, 9752.11941407284, 0.38880353651504, 0.342958039098966+0.183161058699698i, 6.68300542617337e-8
harminv8:, 0.174750737680308, -0.0017081075874252, 51.1533169710133, 0.0103690561547167, -0.0103233407541541-9.72605373874538e-4i, 7.98683619608416e-7
harminv8:, 0.488402617037545, -0.00119192924231786, 204.879031278645, 0.146962306052324, 0.100020496235312-0.107674601151149i, 1.37564385178703e-7
harminv8:, 0.628684488643545, -0.0034813929254386, 90.2920902794017, 0.0164106451066767, 0.00145568507415442+0.016345955272855i, 4.46941512408876e-6
harminv8:, 0.657480625633564, -0.00224470412949294, 146.451511581191, 0.0449913136415545, -0.00880254008784583+0.0441218040337722i, 6.96571041098117e-7
harminv8:, 0.677551408355493, -0.00445678784587495, 76.0134239935395, 0.0921279057937729, 0.00250013491765644+0.0920939756517211i, 1.10111545479666e-6
harminv8:, 0.739462067443265, -5.65363732285929e-4, 653.970201142374, 0.0453736138945188, 0.0438819810715785+0.0115384823561203i, 1.93084404212964e-7
harminv8:, 0.795983625562381, -8.10015911900525e-4, 491.338265006906, 0.0029619728132296, -6.95653546155658e-4-0.00287912297237064i, 3.96447584816495e-6
harminv8:, 0.812678688218305, -0.00442294592135626, 91.8707466322698, 0.0238129517987239, 0.00842717862202691-0.022271940504608i, 1.49156672023881e-5
harminv8:, 0.817309930658815, -0.00350701493101937, 116.525014397536, 6.120235364534e-5, 4.11912730596717e-5+4.52659597871604e-5i, 1.79870526134154e-4
harminv8:, 0.852412779228923, -0.00674800908429973, 63.160316515592, 0.00636557006125107, 0.00353809756862897-0.00529172446368457i, 2.08967625272148e-5
harminv8:, 0.90369602927587, -0.00416717096436384, 108.430400024856, 0.010758001612013, -0.0106814895460213+0.00128077311117566i, 4.39984992046238e-6
harminv8:, 0.92454032749899, -0.00198077310186601, 233.378655694591, 0.00703589316565602, -0.00694594530889799+0.00112144389263268i, 2.05403188055772e-6
harminv8:, 0.993891935758419, -0.00104249206802687, 476.690406690365, 1.88317481281486e-4, -8.41996466816871e-5+1.68445520138952e-4i, 3.21945738470865e-5
run 8 finished at t = 306.675 (12267 timesteps)
freqs:, 8, 0.175, 0.0, 0.0, 0.126205155875834, 0.174750737680308, 0.488402617037545, 0.628684488643545, 0.657480625633564, 0.677551408355493, 0.739462067443265, 0.795983625562381, 0.812678688218305, 0.817309930658815, 0.852412779228923, 0.90369602927587, 0.92454032749899, 0.993891935758419
freqs-im:, 8, 0.175, 0.0, 0.0, -6.47065271235875e-6, -0.0017081075874252, -0.00119192924231786, -0.0034813929254386, -0.00224470412949294, -0.00445678784587495, -5.65363732285929e-4, -8.10015911900525e-4, -0.00442294592135626, -0.00350701493101937, -0.00674800908429973, -0.00416717096436384, -0.00198077310186601, -0.00104249206802687
harminv9:, frequency, imag. freq., Q, |amp|, amplitude, error
harminv9:, 0.13453014845764, 9.1060192138012e-7, -73868.8033151439, 0.450853737255379, 0.428454398929292+0.140342154876151i, 3.25597910971638e-8
harminv9:, 0.200114645005502, -0.00150308131156444, 66.5681368884891, 0.0108767946059063, -0.0108668997477886+4.63843476385142e-4i, 1.56364803162043e-6
harminv9:, 0.491396987449343, -4.98951633515492e-4, 492.429480576183, 0.179141230000111, 0.10996522558607-0.141418631897489i, 4.2929422765249e-9
harminv9:, 0.625686025593764, -0.00275809872679597, 113.427053846004, 0.0144925410861455, -0.00219729019283156+0.0143250013243316i, 1.16097376958423e-6
harminv9:, 0.658491238921325, -0.00382501579810102, 86.0769306166321, 0.0195645581667183, -0.00319810931387754+0.0193013997698455i, 1.27018477032947e-6
harminv9:, 0.679752637713663, -0.00367415969979904, 92.5045035128499, 0.109674225798419, 0.00945829469365518+0.109265623441093i, 2.58153685577333e-7
harminv9:, 0.745622111974401, -4.68821164396063e-4, 795.209526147262, 0.0453867691702203, 0.0451004384130529+0.00509011499489773i, 6.6564677207898e-8
harminv9:, 0.784814664412067, -5.20755485265472e-4, 753.534707379974, 0.00221491291749337, 6.34404260991157e-4-0.00212211462124817i, 7.24529108798744e-7
harminv9:, 0.799698441079729, -0.00757416124128963, 52.7912210741084, 8.57377146454538e-4, -7.83679733933064e-4-3.47766654360548e-4i, 1.40207790258653e-4
harminv9:, 0.810465593172263, -0.00443432717494131, 91.3854076614216, 0.0338793437251399, 0.0058992014771164-0.0333617948135073i, 7.63813089717106e-7
harminv9:, 0.902200174491355, -0.00291018112566921, 155.00756405392, 0.0139665711722738, -0.0138894218200055+0.00146597128762629i, 7.19144170316095e-7
harminv9:, 0.925408782396084, -0.00233744720300462, 197.952873803211, 0.00626212720275208, -0.00614452017601367+0.00120793580541707i, 1.43898247117346e-6
harminv9:, 0.995693392065996, -0.00144254134784321, 345.117799761751, 3.57556749688544e-4, -2.47003382380798e-4+2.58526900612453e-4i, 4.87743602258928e-6
run 9 finished at t = 306.675 (12267 timesteps)
freqs:, 9, 0.2, 0.0, 0.0, 0.13453014845764, 0.200114645005502, 0.491396987449343, 0.625686025593764, 0.658491238921325, 0.679752637713663, 0.745622111974401, 0.784814664412067, 0.799698441079729, 0.810465593172263, 0.902200174491355, 0.925408782396084, 0.995693392065996
freqs-im:, 9, 0.2, 0.0, 0.0, 9.1060192138012e-7, -0.00150308131156444, -4.98951633515492e-4, -0.00275809872679597, -0.00382501579810102, -0.00367415969979904, -4.68821164396063e-4, -5.20755485265472e-4, -0.00757416124128963, -0.00443432717494131, -0.00291018112566921, -0.00233744720300462, -0.00144254134784321
harminv10:, frequency, imag. freq., Q, |amp|, amplitude, error
harminv10:, 0.142360899005954, 2.91590706315976e-7, -244110.830562083, 0.508410725412642, 0.502506203318749+0.0772591828897094i, 1.12490628962738e-8
harminv10:, 0.225349317212165, -0.00119946845790979, 93.9371584663688, 0.0124715937828957, -0.0122584652589331+0.00229579637187007i, 1.82373147629881e-6
harminv10:, 0.493802338447713, -7.6074277265965e-5, 3245.52763558515, 0.216049853638405, 0.125184508069984-0.176086280545795i, 4.95827042078742e-9
harminv10:, 0.622094291697465, -0.00222887218397582, 139.553603874177, 0.0151464180904218, -0.00514913250640399+0.0142443116857696i, 5.61206286080198e-7
harminv10:, 0.658101351072286, -0.00523389879031562, 62.8691323082119, 0.00732581900198548, -0.00410473583637759+0.00606784704515606i, 7.79868683611454e-6
harminv10:, 0.683807316911421, -0.00292542197100925, 116.873279083823, 0.117223204334802, 0.0260996277497805+0.114280746697952i, 2.18247708851259e-7
harminv10:, 0.751882451445323, -3.96362334397915e-4, 948.478685023709, 0.045539793332614, 0.045520530868645-0.00132440409767359i, 7.05413415938907e-8
harminv10:, 0.769296827938432, -1.35819852131881e-4, 2832.04854026584, 0.00161880753447986, 0.00124670670925452-0.00103259876757071i, 1.72422781601736e-6
harminv10:, 0.775324705211558, -0.00295355048370094, 131.252996942182, 7.08943053185897e-4, -5.94676810378672e-5-7.06444511318844e-4i, 3.85764532842094e-5
harminv10:, 0.807490226682533, -0.00437777812614769, 92.2260337795031, 0.0385945519271658, 0.00896309168282849-0.0375393450388244i, 1.94310564171471e-7
harminv10:, 0.898766978083871, -0.00214200452794279, 209.795769887344, 0.0165894339869598, -0.0165888536535609-1.38760471441123e-4i, 4.24027049696687e-7
harminv10:, 0.92775689123127, -0.00269874261469772, 171.88687913004, 0.00647560136001522, -0.00610558894149804+0.00215759047348837i, 6.19010343098236e-7
harminv10:, 0.997271098129614, -0.00187117133253651, 266.483106273796, 6.07370444457254e-4, -5.10329076917573e-4+3.29337349920504e-4i, 1.67810568580717e-5
run 10 finished at t = 306.675 (12267 timesteps)
freqs:, 10, 0.225, 0.0, 0.0, 0.142360899005954, 0.225349317212165, 0.493802338447713, 0.622094291697465, 0.658101351072286, 0.683807316911421, 0.751882451445323, 0.769296827938432, 0.775324705211558, 0.807490226682533, 0.898766978083871, 0.92775689123127, 0.997271098129614
freqs-im:, 10, 0.225, 0.0, 0.0, 2.91590706315976e-7, -0.00119946845790979, -7.6074277265965e-5, -0.00222887218397582, -0.00523389879031562, -0.00292542197100925, -3.96362334397915e-4, -1.35819852131881e-4, -0.00295355048370094, -0.00437777812614769, -0.00214200452794279, -0.00269874261469772, -0.00187117133253651
harminv11:, frequency, imag. freq., Q, |amp|, amplitude, error
harminv11:, 0.14989889831074, 2.36820356844866e-7, -316482.291277296, 0.56395234324664, 0.563943671823206-0.00312737332866155i, 1.35699966018788e-8
harminv11:, 0.250397791995655, -7.98022450597836e-4, 156.886433337853, 0.0156221847624074, -0.0146898652657443+0.00531606200350156i, 1.20104390987135e-6
harminv11:, 0.495502859393048, -4.28540881252579e-5, 5781.27876557244, 0.256062309555877, 0.144515372433212-0.211384042693813i, 4.17519875639963e-9
harminv11:, 0.618035002532052, -0.00179488580262103, 172.165549927897, 0.0162605790157409, -0.00849169504048412+0.0138671390440339i, 3.07307534641164e-7
harminv11:, 0.688872394424535, -0.00242386549874377, 142.102025624269, 0.116882413330807, 0.0407980996570375+0.109530879711651i, 9.08772740803217e-8
harminv11:, 0.748599242590999, -2.62456420314416e-4, 1426.14008393126, 0.00136681318230714, 0.00136658899864224+2.47544767381172e-5i, 1.36289932120906e-5
harminv11:, 0.750321355078556, -0.00170580147187609, 219.932204142528, 0.00156268322025711, 4.86129960075079e-6-0.00156267565881066i, 3.20131416373918e-5
harminv11:, 0.758298338648315, -3.27292432124136e-4, 1158.44160179162, 0.044576631644344, 0.0439423712317167-0.00749293662655212i, 3.99977483277036e-8
harminv11:, 0.804032464243992, -0.00437481450823973, 91.8933205887518, 0.0407195486651097, 0.0110749878201401-0.0391845159249669i, 2.45244234649431e-7
harminv11:, 0.894128857696204, -0.00175952184578021, 254.082908899528, 0.0190123117772356, -0.0188611668732133-0.00239256834711385i, 2.55400860146989e-7
harminv11:, 0.931123942627103, -0.00323546303175136, 143.893460300655, 0.00898808202849061, -0.00867301738890932+0.00235889548784012i, 6.74997884460466e-7
harminv11:, 0.995831875041307, -0.00118870419823484, 418.872868675007, 2.44596366972076e-4, 2.17348295298143e-4+1.12192251367597e-4i, 3.34615861434016e-5
run 11 finished at t = 306.675 (12267 timesteps)
freqs:, 11, 0.25, 0.0, 0.0, 0.14989889831074, 0.250397791995655, 0.495502859393048, 0.618035002532052, 0.688872394424535, 0.748599242590999, 0.750321355078556, 0.758298338648315, 0.804032464243992, 0.894128857696204, 0.931123942627103, 0.995831875041307
freqs-im:, 11, 0.25, 0.0, 0.0, 2.36820356844866e-7, -7.98022450597836e-4, -4.28540881252579e-5, -0.00179488580262103, -0.00242386549874377, -2.62456420314416e-4, -0.00170580147187609, -3.27292432124136e-4, -0.00437481450823973, -0.00175952184578021, -0.00323546303175136, -0.00118870419823484
harminv12:, frequency, imag. freq., Q, |amp|, amplitude, error
harminv12:, 0.157217985911053, 5.10758632266466e-9, -15390634.242774, 0.619649365830431, 0.61180748993207-0.0982696893099578i, 3.24523591465455e-8
harminv12:, 0.275203142390041, -3.00936100764972e-4, 457.245145548309, 0.0233421844270657, -0.0209660571831485+0.0102607027059601i, 2.54249957205987e-7
harminv12:, 0.496419652660175, -5.48303917905189e-4, 452.686581701587, 0.296014740668371, 0.167591618951608-0.244003639214955i, 3.83841913806379e-8
harminv12:, 0.613494932400163, -0.00148158809511099, 207.039640242994, 0.0180799164334056, -0.0115467431691692+0.0139124440852129i, 6.86199811230201e-7
harminv12:, 0.694322475017364, -0.00208352375274648, 166.62216451867, 0.113353086298105, 0.0530938808412751+0.100149697905277i, 1.79429633344822e-7
harminv12:, 0.724466314753511, -3.50599700237657e-4, 1033.181594654, 3.26110878077524e-4, 3.25079417761247e-4-2.59167310535571e-5i, 1.65329618072844e-5
harminv12:, 0.729134600089483, -0.00378801175327753, 96.2423888282037, 0.00129739400855256, 0.0012723006501936-2.5393359160422e-4i, 6.84912752259989e-5
harminv12:, 0.764737722837988, -2.69180648158509e-4, 1420.49164393806, 0.0444344965377099, 0.0422197100218621-0.0138535399169178i, 1.03203248263434e-7
harminv12:, 0.800168638885149, -0.00443907354138617, 90.1278872072125, 0.0426498873446837, 0.0158757088782537-0.0395850319960354i, 1.29911631751144e-6
harminv12:, 0.88876137498446, -0.00154580821370819, 287.474657950108, 0.0201738390056409, -0.0196343588223193-0.00463419182403261i, 7.47640438918127e-7
harminv12:, 0.934228392069927, -0.00339908792033244, 137.423393269945, 0.00874881006615151, -0.0067939290563813+0.00551218700249291i, 3.86956076538144e-6
harminv12:, 0.998752415147055, -0.00330707527639278, 151.002370928256, 0.0019565655366122, -0.00128600036355338+0.00147456833141064i, 8.44161530549485e-6
run 12 finished at t = 306.675 (12267 timesteps)
freqs:, 12, 0.275, 0.0, 0.0, 0.157217985911053, 0.275203142390041, 0.496419652660175, 0.613494932400163, 0.694322475017364, 0.724466314753511, 0.729134600089483, 0.764737722837988, 0.800168638885149, 0.88876137498446, 0.934228392069927, 0.998752415147055
freqs-im:, 12, 0.275, 0.0, 0.0, 5.10758632266466e-9, -3.00936100764972e-4, -5.48303917905189e-4, -0.00148158809511099, -0.00208352375274648, -3.50599700237657e-4, -0.00378801175327753, -2.69180648158509e-4, -0.00443907354138617, -0.00154580821370819, -0.00339908792033244, -0.00330707527639278
harminv13:, frequency, imag. freq., Q, |amp|, amplitude, error
harminv13:, 0.164317936434816, -7.32039787819857e-9, 11223292.7204807, 0.676418043129077, 0.644533010428679-0.205228086621481i, 4.04846696180122e-8
harminv13:, 0.299342361600231, 3.2401574129626e-4, -461.925646579206, 0.0507136180860907, -0.0473481916011805+0.018166447409435i, 1.35760957073504e-7
harminv13:, 0.496497817882698, -0.00177616207920029, 139.767035817543, 0.336348264176315, 0.195142999017643-0.27395139121534i, 1.15151576254283e-7
harminv13:, 0.608613441733381, -0.00118732192477088, 256.296725022924, 0.0189162698755918, -0.0146121377099346+0.0120129387558635i, 4.92720553117317e-7
harminv13:, 0.699155211099648, -0.00205249555937048, 170.318324906409, 0.111098022697879, 0.0801469691660969+0.0769365581558411i, 2.39236223445603e-6
harminv13:, 0.699234441140259, -1.15982849813913e-6, 301438.722303399, 0.0114770550892424, -0.0101703802268087+0.00531847342417366i, 3.28003833377528e-6
harminv13:, 0.771260150463091, -2.30679357218658e-4, 1671.71471206247, 0.0434054326027363, 0.0385854702474412-0.019879463403586i, 1.56011831640788e-7
harminv13:, 0.795862683403337, -0.00450626416139714, 88.3062615615264, 0.0454704044443653, 0.0189790280645587-0.0413201424738449i, 1.44396051588385e-6
harminv13:, 0.882975934954221, -0.001509843820381, 292.406381055826, 0.0217540108450299, -0.0202401180990406-0.00797336862201718i, 5.36247769002143e-7
harminv13:, 0.937691220149747, -0.00374966198099159, 125.036766634332, 0.00909933267845995, -0.00670565200014152+0.0061507793364977i, 5.68940610627469e-6
harminv13:, 0.998849943000555, -0.00252545042328558, 197.756790984847, 7.40844291535244e-4, -4.05068707192362e-4+6.20297998347461e-4i, 1.58108386841623e-5
run 13 finished at t = 306.675 (12267 timesteps)
freqs:, 13, 0.3, 0.0, 0.0, 0.164317936434816, 0.299342361600231, 0.496497817882698, 0.608613441733381, 0.699155211099648, 0.699234441140259, 0.771260150463091, 0.795862683403337, 0.882975934954221, 0.937691220149747, 0.998849943000555
freqs-im:, 13, 0.3, 0.0, 0.0, -7.32039787819857e-9, 3.2401574129626e-4, -0.00177616207920029, -0.00118732192477088, -0.00205249555937048, -1.15982849813913e-6, -2.30679357218658e-4, -0.00450626416139714, -0.001509843820381, -0.00374966198099159, -0.00252545042328558
harminv14:, frequency, imag. freq., Q, |amp|, amplitude, error
harminv14:, 0.171149417439964, -4.27008871796044e-7, 200404.990088486, 0.735230662546056, 0.661345454149952-0.321226271377524i, 2.54457681284742e-7
harminv14:, 0.317913447395426, -7.46744387740654e-5, 2128.66311829475, 0.26381415496433, -0.245469949114154+0.0966561557348403i, 5.29054271566841e-7
harminv14:, 0.325109827769254, -0.0031044572978012, 52.3617812362116, 0.0535766189342435, 0.0407510713048173+0.0347822409274451i, 2.29551636526261e-5
harminv14:, 0.495660558073564, -0.00375741666953875, 65.9576248346194, 0.314093849216768, 0.179259691875434-0.257916476760463i, 8.53199485676151e-6
harminv14:, 0.603357671489062, -9.89396792568544e-4, 304.911879652805, 0.0201181263250253, -0.0179260963640463+0.00913203569729117i, 1.00788161676792e-6
harminv14:, 0.659554688306222, 0.00134935074487801, -244.397051993272, 1.50568473827995e-5, -1.11210342578122e-6-1.50157210642474e-5i, 1.11037241866252e-4
harminv14:, 0.680455291536736, -0.00233960613934707, 145.420906556228, 2.7599720212678e-4, 2.71153701155693e-4+5.14793738440885e-5i, 6.71258374100717e-5
harminv14:, 0.706649224105724, -0.00330210100498642, 106.999940801119, 0.10545399389188, 0.0652903079737534+0.0828113549728604i, 2.58806336600212e-7
harminv14:, 0.777861845810049, -2.29437100481037e-4, 1695.15271108985, 0.0409823234436002, 0.0328433151622383-0.0245125984748608i, 1.18218512331729e-7
harminv14:, 0.791430481139455, -0.00445869145897911, 88.7514294744075, 0.0458898218385554, 0.0277834864817541-0.0365233299042208i, 2.07230092161367e-6
harminv14:, 0.876831954175907, -0.00157849352023809, 277.743285903275, 0.0227998325388417, -0.0202412049296346-0.0104940929477378i, 6.15511533161974e-7
harminv14:, 0.940238148937578, -0.00470357007577715, 99.9494143586482, 0.013419339496938, -0.00183262449795118+0.0132936135036185i, 1.20484976611307e-5
harminv14:, 0.988911351519653, -0.00557952841762896, 88.6196177794443, 0.0104909864202227, 0.00961085130512488+0.00420622553604494i, 2.74203121119862e-4
run 14 finished at t = 306.675 (12267 timesteps)
freqs:, 14, 0.325, 0.0, 0.0, 0.171149417439964, 0.317913447395426, 0.325109827769254, 0.495660558073564, 0.603357671489062, 0.659554688306222, 0.680455291536736, 0.706649224105724, 0.777861845810049, 0.791430481139455, 0.876831954175907, 0.940238148937578, 0.988911351519653
freqs-im:, 14, 0.325, 0.0, 0.0, -4.27008871796044e-7, -7.46744387740654e-5, -0.0031044572978012, -0.00375741666953875, -9.89396792568544e-4, 0.00134935074487801, -0.00233960613934707, -0.00330210100498642, -2.29437100481037e-4, -0.00445869145897911, -0.00157849352023809, -0.00470357007577715, -0.00557952841762896
harminv15:, frequency, imag. freq., Q, |amp|, amplitude, error
harminv15:, 0.177626516288408, 1.07398898683346e-7, -826947.568671637, 0.795161848287323, 0.661681997696417-0.440975394887504i, 4.13699073350479e-8
harminv15:, 0.320667231950789, 9.16495594377625e-7, -174942.047685754, 0.288858622832764, -0.260140916696928+0.125562762971045i, 2.91858703754533e-8
harminv15:, 0.350531515850248, -6.09370689908553e-4, 287.617637060006, 0.00236651450917135, 0.00101577448925183+0.00213742674941242i, 1.03985977437085e-6
harminv15:, 0.597568600166, -8.77211950421768e-4, 340.606736991377, 0.0215745013920788, -0.0206369346044101+0.00629094908977275i, 1.13125649563977e-6
harminv15:, 0.713034310079951, -0.00272505057060358, 130.829555563444, 0.0895924199523457, 0.0654025204605505+0.0612316260630463i, 6.11407044691797e-7
harminv15:, 0.784651679509785, -4.47989725691587e-4, 875.747405030856, 0.0403012334292336, 0.0186572890808204-0.0357224716400234i, 1.06876429498458e-6
harminv15:, 0.786204530681044, -0.0043622065670849, 90.1154631939446, 0.0530763094734438, 0.0359687100081288-0.0390300720941163i, 4.54076290660101e-6
harminv15:, 0.870566360146976, -0.00188537526434275, 230.873496807666, 0.0258812798116809, -0.0200533837937546-0.0163616149297953i, 1.64498053362237e-6
harminv15:, 0.943493279732613, -0.00518888861703818, 90.9147747587575, 0.0127063878124794, -0.00791854678813429+0.00993724851280545i, 1.98952476307674e-5
harminv15:, 0.952049553018801, -0.00667423124574892, 71.3227874465092, 0.00241001817889921, 6.39353524624881e-4-0.00232366406633455i, 1.79578539368169e-4
harminv15:, 0.998190588007528, -0.00424157729908056, 117.667381450752, 0.00226607695425668, -0.0019657030988602+0.00112743784296282i, 7.12477944411198e-5
run 15 finished at t = 306.675 (12267 timesteps)
freqs:, 15, 0.35, 0.0, 0.0, 0.177626516288408, 0.320667231950789, 0.350531515850248, 0.597568600166, 0.713034310079951, 0.784651679509785, 0.786204530681044, 0.870566360146976, 0.943493279732613, 0.952049553018801, 0.998190588007528
freqs-im:, 15, 0.35, 0.0, 0.0, 1.07398898683346e-7, 9.16495594377625e-7, -6.09370689908553e-4, -8.77211950421768e-4, -0.00272505057060358, -4.47989725691587e-4, -0.0043622065670849, -0.00188537526434275, -0.00518888861703818, -0.00667423124574892, -0.00424157729908056
harminv16:, frequency, imag. freq., Q, |amp|, amplitude, error
harminv16:, 0.183624633338664, -2.83786561160002e-8, 3235259.49551809, 0.85666187423903, 0.647716663798231-0.560653806027229i, 4.57239408640353e-8
harminv16:, 0.317763522079884, -1.93957313874274e-8, 8191583.90401981, 0.228829050548379, -0.211517443171439+0.0873103980582471i, 8.39639151672616e-8
harminv16:, 0.373938859641152, 3.61500929463877e-4, -517.203178696831, 0.00920185278248318, 0.00165447937142915+0.00905189442271665i, 1.13062986976249e-6
harminv16:, 0.590928873374162, -9.65848549793972e-4, 305.911767171061, 0.0251619655262644, -0.0243594226507121+0.0063042079017824i, 5.35531969785131e-7
harminv16:, 0.719139272130782, -0.00237067187791805, 151.674147491541, 0.0841388804862497, 0.068269395298422+0.0491796794933355i, 4.63465493118806e-7
harminv16:, 0.781360310603537, -0.00481556230888995, 81.128667898355, 0.0410255484940197, 0.0240984616265682-0.0332018038134675i, 3.79878467290708e-6
harminv16:, 0.791477855440779, -1.13754401870714e-4, 3478.88891517501, 0.0493655020762393, 0.0281043534439975-0.0405844565410707i, 1.73667692712084e-7
harminv16:, 0.864070984810088, -0.00236500224133057, 182.678682013416, 0.0278878401736025, -0.0182390431630289-0.021096656940036i, 9.01766644419584e-7
harminv16:, 0.945784241495953, -0.00574260257268523, 82.3480494710351, 0.013392840314879, -0.00843938331085575+0.010399277909177i, 1.62964118041982e-5
harminv16:, 0.996313813119083, -0.00388118147195647, 128.351871758376, 0.00177415410889981, -0.00109082255407588+0.00139918867835808i, 3.46947513157798e-5
run 16 finished at t = 306.675 (12267 timesteps)
freqs:, 16, 0.375, 0.0, 0.0, 0.183624633338664, 0.317763522079884, 0.373938859641152, 0.590928873374162, 0.719139272130782, 0.781360310603537, 0.791477855440779, 0.864070984810088, 0.945784241495953, 0.996313813119083
freqs-im:, 16, 0.375, 0.0, 0.0, -2.83786561160002e-8, -1.93957313874274e-8, 3.61500929463877e-4, -9.65848549793972e-4, -0.00237067187791805, -0.00481556230888995, -1.13754401870714e-4, -0.00236500224133057, -0.00574260257268523, -0.00388118147195647
harminv17:, frequency, imag. freq., Q, |amp|, amplitude, error
harminv17:, 0.188981839477549, 3.93348172473862e-8, -2402220.89108736, 0.917325863938343, 0.62157483968525-0.674634315255668i, 2.01178462943814e-8
harminv17:, 0.313977170186636, 9.18820186844286e-8, -1708588.76786871, 0.168109445051788, -0.160165478003702+0.0510666737850213i, 2.20191930576181e-8
harminv17:, 0.39531416989407, 1.22278053517771e-4, -1616.45593187586, 0.0395073745678723, 0.0135973993423811+0.037093710738749i, 1.49789714209934e-7
harminv17:, 0.582935299019307, -0.00141273310198454, 206.314730716095, 0.0314224735004119, -0.0308325931581459+0.00605995379754189i, 3.68260422679698e-7
harminv17:, 0.609329531020836, 5.75264781208599e-4, -529.607887467635, 9.62052785980451e-6, 9.35525507011249e-6+2.24360399233224e-6i, 1.64373610845843e-4
harminv17:, 0.724996888810485, -0.0020329007116496, 178.315862810188, 0.0790010595480803, 0.0696880300344175+0.0372121738096748i, 1.16329428969307e-7
harminv17:, 0.776716458008588, -0.00498773567231075, 77.8626323684818, 0.0487090444400999, 0.0372914276678738-0.0313356096599279i, 1.72752041530096e-6
harminv17:, 0.798175750158268, -1.34077960912041e-4, 2976.5359822331, 0.0459100790406341, 0.0216363528952428-0.0404920188544581i, 2.04967609259037e-8
harminv17:, 0.857399408377069, -0.00326330896147843, 131.369634088926, 0.0303194835998122, -0.013875490226669-0.0269581500984191i, 7.52076520811614e-7
harminv17:, 0.946677354202605, -0.00574609867304943, 82.3756611283711, 0.0125870614014103, -0.00455976727756021+0.0117321198893194i, 3.21385523326222e-6
harminv17:, 0.965366994418098, -0.00263559657680419, 183.140129053563, 1.37249241021315e-4, 1.29048045649244e-4-4.67328158261172e-5i, 1.28699109942253e-4
harminv17:, 0.993249389931652, -0.00382262914920843, 129.917048078981, 0.00158934009193929, 4.88283933505292e-4+0.00151247503388525i, 1.27065654845237e-5
run 17 finished at t = 306.675 (12267 timesteps)
freqs:, 17, 0.4, 0.0, 0.0, 0.188981839477549, 0.313977170186636, 0.39531416989407, 0.582935299019307, 0.609329531020836, 0.724996888810485, 0.776716458008588, 0.798175750158268, 0.857399408377069, 0.946677354202605, 0.965366994418098, 0.993249389931652
freqs-im:, 17, 0.4, 0.0, 0.0, 3.93348172473862e-8, 9.18820186844286e-8, 1.22278053517771e-4, -0.00141273310198454, 5.75264781208599e-4, -0.0020329007116496, -0.00498773567231075, -1.34077960912041e-4, -0.00326330896147843, -0.00574609867304943, -0.00263559657680419, -0.00382262914920843
harminv18:, frequency, imag. freq., Q, |amp|, amplitude, error
harminv18:, 0.193502218698092, 8.83974100926523e-8, -1094501.62903685, 0.974035895236083, 0.589083828955059-0.775710105433727i, 7.79373639748123e-9
harminv18:, 0.310400943927017, -9.2446699405547e-7, 167881.030865874, 0.113177099392584, -0.110103315284449+0.0261976294784873i, 4.82290422015012e-8
harminv18:, 0.412851883775705, -2.53837298514655e-5, 8132.21473344412, 0.0683975168543034, 0.0500722765859567+0.0465938561329085i, 9.62899875354094e-8
harminv18:, 0.42557888542844, -0.0032445922684607, 65.5827990415486, 0.00840649251372451, 0.00349123392066012-0.00764724800791359i, 1.02013172352315e-5
harminv18:, 0.570949093714721, -0.0013448531627106, 212.271908021524, 0.0180903283408177, -0.0173226594329385-0.00521396678633637i, 6.83224505265281e-7
harminv18:, 0.73052448637274, -0.00162302352991373, 225.050491538953, 0.0729675564838725, 0.068031588004771+0.02638119278532i, 1.75293677105636e-7
harminv18:, 0.771981755244264, -0.00536260262309513, 71.9782733778902, 0.0544420362465041, 0.0453653103571125-0.030098570179803i, 2.17457690918971e-6
harminv18:, 0.80493706275148, -1.99688420317121e-4, 2015.48257398495, 0.0437347595183599, 0.0147793505581677-0.0411618754092615i, 1.29633801743388e-7
harminv18:, 0.849820522601995, -0.00538319038148656, 78.9327947163666, 0.0394505071774699, -0.0102292374300585-0.0381012495616495i, 1.51146595121677e-6
harminv18:, 0.947988840991345, -0.00547665173794512, 86.5482128818947, 0.0113048282209571, -0.00389679106340558+0.0106119819314542i, 2.56016173581512e-6
harminv18:, 0.966121850643243, -0.00340766973908566, 141.756966580698, 0.00101971745858475, -0.00101957593390117+1.69885359018132e-5i, 1.77342396545327e-5
harminv18:, 0.99072814751818, -0.0040153598356691, 123.367293102523, 0.00201901754995058, 9.8254313114497e-4+0.00176381429363986i, 2.33071258227738e-5
run 18 finished at t = 306.675 (12267 timesteps)
freqs:, 18, 0.425, 0.0, 0.0, 0.193502218698092, 0.310400943927017, 0.412851883775705, 0.42557888542844, 0.570949093714721, 0.73052448637274, 0.771981755244264, 0.80493706275148, 0.849820522601995, 0.947988840991345, 0.966121850643243, 0.99072814751818
freqs-im:, 18, 0.425, 0.0, 0.0, 8.83974100926523e-8, -9.2446699405547e-7, -2.53837298514655e-5, -0.0032445922684607, -0.0013448531627106, -0.00162302352991373, -0.00536260262309513, -1.99688420317121e-4, -0.00538319038148656, -0.00547665173794512, -0.00340766973908566, -0.0040153598356691
harminv19:, frequency, imag. freq., Q, |amp|, amplitude, error
harminv19:, 0.196964467585149, 6.91734098421504e-8, -1423700.72571679, 1.02177552954346, 0.55721473051261-0.856467732534961i, 1.117811585972e-8
harminv19:, 0.307521396293202, -1.85473710472528e-6, 82901.6132555216, 0.0675687868633514, -0.0665537289116268+0.0116679958065939i, 1.35913837511975e-7
harminv19:, 0.42660510580564, 2.26294125048348e-6, -94258.9883220555, 0.0812495666634026, 0.0726818480187054+0.0363158512440025i, 7.87039156403955e-8
harminv19:, 0.452005631830218, -0.00358293377134786, 63.0775867872348, 0.0100426495232875, 0.00960429289282305-0.00293468353940494i, 2.1772901827001e-5
harminv19:, 0.460837593973182, -0.00240857604192545, 95.6659839572226, 0.18679878303326, 0.142288557514657-0.121027896549123i, 1.87335299915864e-7
harminv19:, 0.550241048740642, -6.73484286321929e-4, 408.503256806221, 0.00622018497742502, -0.00621983266692953+6.62023321357938e-5i, 1.05656150082005e-6
harminv19:, 0.556162113930739, -0.00428708739032319, 64.8647978562448, 0.0258624453326376, -0.0220906075881719-0.0134488339631758i, 2.50290962951181e-6
harminv19:, 0.735453858960446, -0.00107173050383892, 343.115109780893, 0.066188237577578, 0.0638831456806357+0.0173154985943974i, 5.74890022239444e-8
harminv19:, 0.767504352625005, -0.00579625062450449, 66.2069674299683, 0.0582970655662464, 0.0508146206529249-0.0285731024135386i, 1.6222764360479e-6
harminv19:, 0.81168000807522, -3.18813062544885e-4, 1272.9716931861, 0.0418636650751917, 0.00729704454807759-0.0412228043004257i, 1.34448085966938e-7
harminv19:, 0.837956182926999, -0.00390635950167077, 107.255384785835, 0.0331176501657936, -0.0232376529070665-0.0235964031130719i, 4.47423448041237e-6
harminv19:, 0.948694544548583, -0.00526331960624451, 90.1232126796017, 0.010610189294875, -0.00306556839114855+0.0101576772597021i, 1.24900793482109e-6
harminv19:, 0.969627128912752, -0.00256332342988115, 189.134761070262, 8.11473638447649e-4, -8.11282808550393e-4+1.75974556698116e-5i, 7.30679511916638e-6
harminv19:, 0.989122870716929, -0.0035155587505475, 140.677903699218, 0.00176206625865241, -8.2803456520209e-4+0.00155538942349235i, 9.14543275306801e-6
run 19 finished at t = 306.675 (12267 timesteps)
freqs:, 19, 0.45, 0.0, 0.0, 0.196964467585149, 0.307521396293202, 0.42660510580564, 0.452005631830218, 0.460837593973182, 0.550241048740642, 0.556162113930739, 0.735453858960446, 0.767504352625005, 0.81168000807522, 0.837956182926999, 0.948694544548583, 0.969627128912752, 0.989122870716929
freqs-im:, 19, 0.45, 0.0, 0.0, 6.91734098421504e-8, -1.85473710472528e-6, 2.26294125048348e-6, -0.00358293377134786, -0.00240857604192545, -6.73484286321929e-4, -0.00428708739032319, -0.00107173050383892, -0.00579625062450449, -3.18813062544885e-4, -0.00390635950167077, -0.00526331960624451, -0.00256332342988115, -0.0035155587505475
harminv20:, frequency, imag. freq., Q, |amp|, amplitude, error
harminv20:, 0.19915266904616, 9.36949235178022e-8, -1062771.92813078, 1.0541769034212, 0.533944882854214-0.908950936949022i, 2.71578178201689e-8
harminv20:, 0.305646321819691, 2.88659682304012e-6, -52942.3297670281, 0.0364919344392071, -0.0361163000197879+0.00522246608376328i, 4.75063160394865e-7
harminv20:, 0.435971756708949, 4.90254909456784e-6, -44463.7828504377, 0.0628100524643834, 0.060285490137612+0.0176284534048361i, 1.59086461549774e-7
harminv20:, 0.459462171834208, 8.27277433257723e-7, -277695.337357928, 0.27343933207575, 0.26676345257412-0.0600527159816064i, 2.50835543403069e-8
harminv20:, 0.474901725864336, -0.00192125602426162, 123.591473459882, 0.00846330748391794, -0.00795666159847315-0.00288428670120087i, 2.35392938785583e-6
harminv20:, 0.52494429267276, -8.23180138309375e-4, 318.851408241504, 0.00256408566158422, -0.00202161869303141+0.00157721055662449i, 3.50271621460778e-6
harminv20:, 0.739155558200238, -4.04728901733443e-4, 913.148968401385, 0.0599151129593037, 0.0590184013391058+0.0103271033839292i, 2.18105778663494e-7
harminv20:, 0.763953199138466, -0.00623888040395646, 61.2251838209622, 0.0590064438013418, 0.0524630530381758-0.027007193041752i, 6.95108618732432e-6
harminv20:, 0.81836847908779, -5.39297499349148e-4, 758.73565154246, 0.0411347853047551, -7.40069465449093e-4-0.0411281273492316i, 3.53641713479119e-7
harminv20:, 0.831533663423158, -0.0019631630185821, 211.78416044729, 0.0324555686688683, -0.0097582063873719-0.0309538583333497i, 1.17354545471306e-6
harminv20:, 0.949565481267908, -0.00551691736692465, 86.0594257728782, 0.0116214645940278, -0.00486672618489581+0.0105533603914341i, 2.14126472287984e-5
harminv20:, 0.971785424259062, -0.00392848082798743, 123.684633680255, 0.00389033972410234, -0.0034563373735592+0.00178563017701498i, 4.97218569869771e-5
harminv20:, 0.986718033629653, -0.0038916762768873, 126.772881841404, 0.00322314897814289, -6.79136851946645e-4+0.00315078759544841i, 4.52441154424092e-5
run 20 finished at t = 306.675 (12267 timesteps)
freqs:, 20, 0.475, 0.0, 0.0, 0.19915266904616, 0.305646321819691, 0.435971756708949, 0.459462171834208, 0.474901725864336, 0.52494429267276, 0.739155558200238, 0.763953199138466, 0.81836847908779, 0.831533663423158, 0.949565481267908, 0.971785424259062, 0.986718033629653
freqs-im:, 20, 0.475, 0.0, 0.0, 9.36949235178022e-8, 2.88659682304012e-6, 4.90254909456784e-6, 8.27277433257723e-7, -0.00192125602426162, -8.23180138309375e-4, -4.04728901733443e-4, -0.00623888040395646, -5.39297499349148e-4, -0.0019631630185821, -0.00551691736692465, -0.00392848082798743, -0.0038916762768873
harminv21:, frequency, imag. freq., Q, |amp|, amplitude, error
harminv21:, 0.199902440341494, 1.14083535365777e-7, -876123.095679683, 1.06572268141655, 0.525140157839662-0.927357885775394i, 5.29050035642393e-9
harminv21:, 0.304970424344849, 2.35342901107171e-5, -6479.27817049325, 0.0250348273040853, -0.0247234409302958+0.00393624779600386i, 5.24496306601031e-6
harminv21:, 0.439625711390307, 1.55123695409876e-6, -141701.66273718, 0.03551876880273, 0.0347118189701275+0.00752811802822478i, 5.30853007087457e-7
harminv21:, 0.458204158537642, -1.04008907446557e-6, 220271.594898293, 0.332162633346896, 0.326070230546393-0.0633262958285629i, 3.81498573276432e-7
harminv21:, 0.499791922557323, -0.00255901418887499, 97.653214415557, 0.0118872894161075, -0.0115592353815127+0.00277339630364784i, 3.42483020949787e-6
harminv21:, 0.740591171377275, -4.59246775324503e-5, 8063.10693040766, 0.0577309249625541, 0.057255435102671+0.00739424426401218i, 3.52461363720787e-8
harminv21:, 0.762256161133312, -0.0068187823381005, 55.8938622277282, 0.0653995763386972, 0.0580830778700281-0.0300576221685172i, 4.34068951326932e-5
harminv21:, 0.824400901368563, -6.59320761066378e-4, 625.189551164131, 0.0730577825650665, -0.0144554762093535-0.0716133981939508i, 1.34785052010276e-6
harminv21:, 0.950473472822618, -0.00560747576825279, 84.7505644343402, 0.0157690830569826, -0.00395804477433845+0.0152642674905266i, 1.19740617176907e-4
harminv21:, 0.965511438479018, -0.00178869226593028, 269.893110421894, 3.79008225874101e-5, 3.72950197714584e-5+6.74935945470839e-6i, 8.9312123418519e-4
harminv21:, 0.980850346905562, -0.00125950679135569, 389.378744774298, 1.22927457319762e-4, 1.00635425467783e-4-7.05951195481694e-5i, 2.80212175701749e-4
run 21 finished at t = 306.675 (12267 timesteps)
freqs:, 21, 0.5, 0.0, 0.0, 0.199902440341494, 0.304970424344849, 0.439625711390307, 0.458204158537642, 0.499791922557323, 0.740591171377275, 0.762256161133312, 0.824400901368563, 0.950473472822618, 0.965511438479018, 0.980850346905562
freqs-im:, 21, 0.5, 0.0, 0.0, 1.14083535365777e-7, 2.35342901107171e-5, 1.55123695409876e-6, -1.04008907446557e-6, -0.00255901418887499, -4.59246775324503e-5, -0.0068187823381005, -6.59320761066378e-4, -0.00560747576825279, -0.00178869226593028, -0.00125950679135569

Elapsed run time = 42.0817 s
