wade: kx = 0.26500 ; ky = 0 
Using MPI version 2.1, 2 processes
command-line param: kx=0.26500
command-line param: ky=0
command-line param: fcen=0.458005
command-line param: kx=0.26500
command-line param: ky=0
command-line param: fcen=0.458005
-----------
Initializing structure...
Working in 3D dimensions.
Computational cell is 1 x 1 x 15 with resolution 24
     block, center = (0,0,3.75)
          size (1e+20,1e+20,7.5)
          axes (1,0,0), (0,1,0), (0,0,1)
          dielectric constant epsilon diagonal = (2.12576,2.12576,2.12576)
     block, center = (0,0,-3.75)
          size (1e+20,1e+20,7.5)
          axes (1,0,0), (0,1,0), (0,0,1)
          dielectric constant epsilon diagonal = (2.12576,2.12576,2.12576)
     block, center = (0,0,0)
          size (1e+20,1e+20,0.533333)
          axes (1,0,0), (0,1,0), (0,0,1)
          dielectric constant epsilon diagonal = (4.07232,4.07232,4.07232)
     cylinder, center = (0,0,0)
          radius 0.238095, height 1.06667, axis (0.0871557, 0, 0.996195)
          dielectric constant epsilon diagonal = (2.12576,2.12576,2.12576)
time for set_epsilon = 1.3215 s
-----------
Meep progress: 1.35416666666667/633.333343505859 = 0.2% done in 4.0s, 1869.7s to go
on time step 65 (time=1.35417), 0.0616403 s/step
Meep progress: 2.83333333333333/633.333343505859 = 0.4% done in 8.0s, 1784.7s to go
on time step 136 (time=2.83333), 0.0565302 s/step
Meep progress: 4.3125/633.333343505859 = 0.7% done in 12.0s, 1753.9s to go
on time step 207 (time=4.3125), 0.056401 s/step
Meep progress: 5.79166666666667/633.333343505859 = 0.9% done in 16.0s, 1737.5s to go
on time step 278 (time=5.79167), 0.0564885 s/step
Meep progress: 7.27083333333333/633.333343505859 = 1.1% done in 20.0s, 1725.5s to go
on time step 349 (time=7.27083), 0.0563834 s/step
Meep progress: 8.75/633.333343505859 = 1.4% done in 24.0s, 1716.0s to go
on time step 420 (time=8.75), 0.0563612 s/step
Meep progress: 10.2291666666667/633.333343505859 = 1.6% done in 28.0s, 1708.3s to go
on time step 491 (time=10.2292), 0.0563914 s/step
Meep progress: 11.7083333333333/633.333343505859 = 1.8% done in 32.1s, 1703.3s to go
on time step 562 (time=11.7083), 0.0568543 s/step
Meep progress: 13.1875/633.333343505859 = 2.1% done in 36.1s, 1698.9s to go
on time step 633 (time=13.1875), 0.0569963 s/step
Meep progress: 14.6666666666667/633.333343505859 = 2.3% done in 40.1s, 1693.5s to go
on time step 704 (time=14.6667), 0.0566167 s/step
Meep progress: 16.1458333333333/633.333343505859 = 2.5% done in 44.2s, 1688.3s to go
on time step 775 (time=16.1458), 0.056619 s/step
Meep progress: 17.625/633.333343505859 = 2.8% done in 48.2s, 1682.9s to go
on time step 846 (time=17.625), 0.0564424 s/step
Meep progress: 19.1041666666667/633.333343505859 = 3.0% done in 52.2s, 1677.9s to go
on time step 917 (time=19.1042), 0.0564981 s/step
Meep progress: 20.5833333333333/633.333343505859 = 3.2% done in 56.2s, 1672.8s to go
on time step 988 (time=20.5833), 0.0564384 s/step
Meep progress: 22.0625/633.333343505859 = 3.5% done in 60.2s, 1668.0s to go
on time step 1059 (time=22.0625), 0.0564828 s/step
Meep progress: 23.5416666666667/633.333343505859 = 3.7% done in 64.2s, 1663.2s to go
on time step 1130 (time=23.5417), 0.0564312 s/step
Meep progress: 25.0208333333333/633.333343505859 = 4.0% done in 68.2s, 1659.1s to go
on time step 1201 (time=25.0208), 0.056761 s/step
Meep progress: 26.5/633.333343505859 = 4.2% done in 72.3s, 1655.0s to go
on time step 1272 (time=26.5), 0.0568007 s/step
Meep progress: 28.0/633.333343505859 = 4.4% done in 76.3s, 1650.1s to go
on time step 1344 (time=28), 0.0562781 s/step
Meep progress: 29.5/633.333343505859 = 4.7% done in 80.4s, 1645.3s to go
on time step 1416 (time=29.5), 0.0562994 s/step
Meep progress: 30.9791666666667/633.333343505859 = 4.9% done in 84.4s, 1641.0s to go
on time step 1487 (time=30.9792), 0.0565848 s/step
Meep progress: 32.4375/633.333343505859 = 5.1% done in 88.4s, 1637.7s to go
on time step 1557 (time=32.4375), 0.0572423 s/step
Meep progress: 33.8958333333333/633.333343505859 = 5.4% done in 92.4s, 1634.3s to go
on time step 1627 (time=33.8958), 0.0573069 s/step
Meep progress: 35.3541666666667/633.333343505859 = 5.6% done in 96.4s, 1631.0s to go
on time step 1697 (time=35.3542), 0.0573031 s/step
Meep progress: 36.8125/633.333343505859 = 5.8% done in 100.4s, 1627.5s to go
on time step 1767 (time=36.8125), 0.0572825 s/step
Meep progress: 38.2916666666667/633.333343505859 = 6.0% done in 104.5s, 1623.6s to go
on time step 1838 (time=38.2917), 0.0569404 s/step
Meep progress: 39.7708333333333/633.333343505859 = 6.3% done in 108.5s, 1619.8s to go
on time step 1909 (time=39.7708), 0.0570559 s/step
Meep progress: 41.25/633.333343505859 = 6.5% done in 112.6s, 1615.6s to go
on time step 1980 (time=41.25), 0.0566922 s/step
Meep progress: 42.7291666666667/633.333343505859 = 6.7% done in 116.6s, 1611.4s to go
on time step 2051 (time=42.7292), 0.0567555 s/step
Meep progress: 44.2083333333333/633.333343505859 = 7.0% done in 120.6s, 1607.1s to go
on time step 2122 (time=44.2083), 0.0565534 s/step
Meep progress: 45.6875/633.333343505859 = 7.2% done in 124.6s, 1602.7s to go
on time step 2193 (time=45.6875), 0.056374 s/step
Meep progress: 47.1666666666667/633.333343505859 = 7.4% done in 128.6s, 1598.3s to go
on time step 2264 (time=47.1667), 0.0564599 s/step
Meep progress: 48.6666666666667/633.333343505859 = 7.7% done in 132.7s, 1593.8s to go
on time step 2336 (time=48.6667), 0.0562621 s/step
Meep progress: 50.1458333333333/633.333343505859 = 7.9% done in 136.7s, 1589.6s to go
on time step 2407 (time=50.1458), 0.0566579 s/step
Meep progress: 51.6041666666667/633.333343505859 = 8.1% done in 140.7s, 1585.9s to go
on time step 2477 (time=51.6042), 0.0571629 s/step
Meep progress: 53.0833333333333/633.333343505859 = 8.4% done in 144.7s, 1582.1s to go
on time step 2548 (time=53.0833), 0.0570328 s/step
Meep progress: 54.5833333333333/633.333343505859 = 8.6% done in 148.8s, 1577.6s to go
on time step 2620 (time=54.5833), 0.0562437 s/step
Meep progress: 56.0625/633.333343505859 = 8.9% done in 152.8s, 1573.5s to go
on time step 2691 (time=56.0625), 0.0567026 s/step
Meep progress: 57.5416666666667/633.333343505859 = 9.1% done in 156.8s, 1569.3s to go
on time step 2762 (time=57.5417), 0.0565472 s/step
Meep progress: 59.0208333333333/633.333343505859 = 9.3% done in 160.8s, 1565.0s to go
on time step 2833 (time=59.0208), 0.0564123 s/step
Meep progress: 60.5/633.333343505859 = 9.6% done in 164.8s, 1560.7s to go
on time step 2904 (time=60.5), 0.0563967 s/step
Meep progress: 61.9791666666667/633.333343505859 = 9.8% done in 168.8s, 1556.4s to go
on time step 2975 (time=61.9792), 0.0563803 s/step
Meep progress: 63.4583333333333/633.333343505859 = 10.0% done in 172.9s, 1552.3s to go
on time step 3046 (time=63.4583), 0.0565446 s/step
Meep progress: 64.9375/633.333343505859 = 10.3% done in 176.9s, 1548.3s to go
on time step 3117 (time=64.9375), 0.0568975 s/step
Meep progress: 66.4375/633.333343505859 = 10.5% done in 180.9s, 1543.9s to go
on time step 3189 (time=66.4375), 0.0561306 s/step
Meep progress: 67.9166666666667/633.333343505859 = 10.7% done in 184.9s, 1539.7s to go
on time step 3260 (time=67.9167), 0.0565202 s/step
Meep progress: 69.3958333333333/633.333343505859 = 11.0% done in 189.0s, 1535.5s to go
on time step 3331 (time=69.3958), 0.0564212 s/step
Meep progress: 70.875/633.333343505859 = 11.2% done in 193.0s, 1531.3s to go
on time step 3402 (time=70.875), 0.0564028 s/step
Meep progress: 72.3541666666667/633.333343505859 = 11.4% done in 197.0s, 1527.3s to go
on time step 3473 (time=72.3542), 0.056837 s/step
Meep progress: 73.8541666666667/633.333343505859 = 11.7% done in 201.0s, 1522.9s to go
on time step 3545 (time=73.8542), 0.0561458 s/step
Meep progress: 75.3333333333333/633.333343505859 = 11.9% done in 205.1s, 1518.8s to go
on time step 3616 (time=75.3333), 0.0565712 s/step
Meep progress: 76.8125/633.333343505859 = 12.1% done in 209.1s, 1514.6s to go
on time step 3687 (time=76.8125), 0.0563658 s/step
Meep progress: 78.3125/633.333343505859 = 12.4% done in 213.1s, 1510.3s to go
on time step 3759 (time=78.3125), 0.0562592 s/step
Meep progress: 79.7916666666667/633.333343505859 = 12.6% done in 217.1s, 1506.2s to go
on time step 3830 (time=79.7917), 0.05646 s/step
Meep progress: 81.2708333333333/633.333343505859 = 12.8% done in 221.1s, 1502.2s to go
on time step 3901 (time=81.2708), 0.0567949 s/step
Meep progress: 82.75/633.333343505859 = 13.1% done in 225.2s, 1498.3s to go
on time step 3972 (time=82.75), 0.0569935 s/step
Meep progress: 84.2291666666667/633.333343505859 = 13.3% done in 229.2s, 1494.5s to go
on time step 4043 (time=84.2292), 0.0570012 s/step
Meep progress: 85.7083333333333/633.333343505859 = 13.5% done in 233.3s, 1490.6s to go
on time step 4114 (time=85.7083), 0.0569956 s/step
Meep progress: 87.1875/633.333343505859 = 13.8% done in 237.3s, 1486.7s to go
on time step 4185 (time=87.1875), 0.0569719 s/step
Meep progress: 88.6666666666667/633.333343505859 = 14.0% done in 241.4s, 1482.7s to go
on time step 4256 (time=88.6667), 0.0569741 s/step
Meep progress: 90.1458333333333/633.333343505859 = 14.2% done in 245.4s, 1478.6s to go
on time step 4327 (time=90.1458), 0.0564276 s/step
Meep progress: 91.625/633.333343505859 = 14.5% done in 249.4s, 1474.5s to go
on time step 4398 (time=91.625), 0.0566068 s/step
Meep progress: 93.1041666666667/633.333343505859 = 14.7% done in 253.4s, 1470.4s to go
on time step 4469 (time=93.1042), 0.0564224 s/step
Meep progress: 94.5833333333333/633.333343505859 = 14.9% done in 257.4s, 1466.3s to go
on time step 4540 (time=94.5833), 0.0566277 s/step
Meep progress: 96.0833333333333/633.333343505859 = 15.2% done in 261.5s, 1462.1s to go
on time step 4612 (time=96.0833), 0.0562296 s/step
Meep progress: 97.5625/633.333343505859 = 15.4% done in 265.5s, 1458.0s to go
on time step 4683 (time=97.5625), 0.0565953 s/step
Meep progress: 99.0416666666667/633.333343505859 = 15.6% done in 269.5s, 1453.9s to go
on time step 4754 (time=99.0417), 0.0565049 s/step
Meep progress: 100.520833333333/633.333343505859 = 15.9% done in 273.5s, 1449.8s to go
on time step 4825 (time=100.521), 0.0565723 s/step
Meep progress: 102.0/633.333343505859 = 16.1% done in 277.5s, 1445.7s to go
on time step 4896 (time=102), 0.0565253 s/step
Meep progress: 103.479166666667/633.333343505859 = 16.3% done in 281.5s, 1441.6s to go
on time step 4967 (time=103.479), 0.0564781 s/step
Meep progress: 104.958333333333/633.333343505859 = 16.6% done in 285.6s, 1437.6s to go
on time step 5038 (time=104.958), 0.0565226 s/step
Meep progress: 106.4375/633.333343505859 = 16.8% done in 289.6s, 1433.5s to go
on time step 5109 (time=106.438), 0.0564688 s/step
Meep progress: 107.916666666667/633.333343505859 = 17.0% done in 293.6s, 1429.4s to go
on time step 5180 (time=107.917), 0.0564998 s/step
Meep progress: 109.395833333333/633.333343505859 = 17.3% done in 297.6s, 1425.4s to go
on time step 5251 (time=109.396), 0.0566929 s/step
Meep progress: 110.875/633.333343505859 = 17.5% done in 301.6s, 1421.3s to go
on time step 5322 (time=110.875), 0.0567244 s/step
Meep progress: 112.333333333333/633.333343505859 = 17.7% done in 305.6s, 1417.5s to go
on time step 5392 (time=112.333), 0.0571875 s/step
Meep progress: 113.791666666667/633.333343505859 = 18.0% done in 309.6s, 1413.8s to go
on time step 5462 (time=113.792), 0.0572444 s/step
Meep progress: 115.270833333333/633.333343505859 = 18.2% done in 313.7s, 1409.9s to go
on time step 5533 (time=115.271), 0.0570835 s/step
Meep progress: 116.75/633.333343505859 = 18.4% done in 317.7s, 1405.9s to go
on time step 5604 (time=116.75), 0.0570314 s/step
Meep progress: 118.229166666667/633.333343505859 = 18.7% done in 321.8s, 1401.9s to go
on time step 5675 (time=118.229), 0.0566664 s/step
Meep progress: 119.729166666667/633.333343505859 = 18.9% done in 325.8s, 1397.6s to go
on time step 5747 (time=119.729), 0.056101 s/step
Meep progress: 121.208333333333/633.333343505859 = 19.1% done in 329.8s, 1393.5s to go
on time step 5818 (time=121.208), 0.0564686 s/step
Meep progress: 122.6875/633.333343505859 = 19.4% done in 333.8s, 1389.4s to go
on time step 5889 (time=122.688), 0.0563763 s/step
Meep progress: 124.166666666667/633.333343505859 = 19.6% done in 337.8s, 1385.4s to go
on time step 5960 (time=124.167), 0.056712 s/step
Meep progress: 125.645833333333/633.333343505859 = 19.8% done in 341.9s, 1381.5s to go
on time step 6031 (time=125.646), 0.057139 s/step
Meep progress: 127.104166666667/633.333343505859 = 20.1% done in 345.9s, 1377.7s to go
on time step 6101 (time=127.104), 0.0572895 s/step
Meep progress: 128.583333333333/633.333343505859 = 20.3% done in 349.9s, 1373.6s to go
on time step 6172 (time=128.583), 0.0564097 s/step
Meep progress: 130.0625/633.333343505859 = 20.5% done in 353.9s, 1369.5s to go
on time step 6243 (time=130.062), 0.0563425 s/step
Meep progress: 131.541666666667/633.333343505859 = 20.8% done in 357.9s, 1365.4s to go
on time step 6314 (time=131.542), 0.0565273 s/step
Meep progress: 133.020833333333/633.333343505859 = 21.0% done in 362.0s, 1361.4s to go
on time step 6385 (time=133.021), 0.0568849 s/step
Meep progress: 134.5/633.333343505859 = 21.2% done in 366.0s, 1357.5s to go
on time step 6456 (time=134.5), 0.0570528 s/step
Meep progress: 135.958333333333/633.333343505859 = 21.5% done in 370.0s, 1353.7s to go
on time step 6526 (time=135.958), 0.0572528 s/step
Meep progress: 137.416666666667/633.333343505859 = 21.7% done in 374.0s, 1349.9s to go
on time step 6596 (time=137.417), 0.0572376 s/step
Meep progress: 138.875/633.333343505859 = 21.9% done in 378.0s, 1346.0s to go
on time step 6666 (time=138.875), 0.0572202 s/step
Meep progress: 140.333333333333/633.333343505859 = 22.2% done in 382.0s, 1342.2s to go
on time step 6736 (time=140.333), 0.0572102 s/step
Meep progress: 141.791666666667/633.333343505859 = 22.4% done in 386.1s, 1338.3s to go
on time step 6806 (time=141.792), 0.05722 s/step
Meep progress: 143.270833333333/633.333343505859 = 22.6% done in 390.1s, 1334.4s to go
on time step 6877 (time=143.271), 0.0570658 s/step
Meep progress: 144.75/633.333343505859 = 22.9% done in 394.1s, 1330.3s to go
on time step 6948 (time=144.75), 0.0564697 s/step
Meep progress: 146.25/633.333343505859 = 23.1% done in 398.2s, 1326.1s to go
on time step 7020 (time=146.25), 0.0563218 s/step
Meep progress: 147.729166666667/633.333343505859 = 23.3% done in 402.2s, 1322.0s to go
on time step 7091 (time=147.729), 0.0563849 s/step
Meep progress: 149.208333333333/633.333343505859 = 23.6% done in 406.2s, 1317.9s to go
on time step 7162 (time=149.208), 0.0563596 s/step
Meep progress: 150.6875/633.333343505859 = 23.8% done in 410.2s, 1313.8s to go
on time step 7233 (time=150.688), 0.0563423 s/step
Meep progress: 152.166666666667/633.333343505859 = 24.0% done in 414.2s, 1309.7s to go
on time step 7304 (time=152.167), 0.0563995 s/step
Meep progress: 153.645833333333/633.333343505859 = 24.3% done in 418.2s, 1305.6s to go
on time step 7375 (time=153.646), 0.0563664 s/step
Meep progress: 155.125/633.333343505859 = 24.5% done in 422.2s, 1301.6s to go
on time step 7446 (time=155.125), 0.0569576 s/step
Meep progress: 156.604166666667/633.333343505859 = 24.7% done in 426.3s, 1297.6s to go
on time step 7517 (time=156.604), 0.0567367 s/step
Meep progress: 158.083333333333/633.333343505859 = 25.0% done in 430.3s, 1293.6s to go
on time step 7588 (time=158.083), 0.056815 s/step
Meep progress: 159.583333333333/633.333343505859 = 25.2% done in 434.3s, 1289.4s to go
on time step 7660 (time=159.583), 0.0562785 s/step
Meep progress: 161.0625/633.333343505859 = 25.4% done in 438.4s, 1285.4s to go
on time step 7731 (time=161.062), 0.0565771 s/step
Meep progress: 162.541666666667/633.333343505859 = 25.7% done in 442.4s, 1281.3s to go
on time step 7802 (time=162.542), 0.056502 s/step
Meep progress: 164.041666666667/633.333343505859 = 25.9% done in 446.4s, 1277.1s to go
on time step 7874 (time=164.042), 0.0562948 s/step
Meep progress: 165.520833333333/633.333343505859 = 26.1% done in 450.4s, 1273.1s to go
on time step 7945 (time=165.521), 0.0564844 s/step
Meep progress: 167.0/633.333343505859 = 26.4% done in 454.4s, 1269.0s to go
on time step 8016 (time=167), 0.0564269 s/step
Meep progress: 168.479166666667/633.333343505859 = 26.6% done in 458.4s, 1264.9s to go
on time step 8087 (time=168.479), 0.0564325 s/step
Meep progress: 169.958333333333/633.333343505859 = 26.8% done in 462.5s, 1260.8s to go
on time step 8158 (time=169.958), 0.0564753 s/step
Meep progress: 171.4375/633.333343505859 = 27.1% done in 466.5s, 1256.8s to go
on time step 8229 (time=171.438), 0.0565848 s/step
Meep progress: 172.916666666667/633.333343505859 = 27.3% done in 470.5s, 1252.7s to go
on time step 8300 (time=172.917), 0.056342 s/step
Meep progress: 174.395833333333/633.333343505859 = 27.5% done in 474.5s, 1248.6s to go
on time step 8371 (time=174.396), 0.05636 s/step
Meep progress: 175.875/633.333343505859 = 27.8% done in 478.5s, 1244.5s to go
on time step 8442 (time=175.875), 0.0563658 s/step
Meep progress: 177.375/633.333343505859 = 28.0% done in 482.5s, 1240.4s to go
on time step 8514 (time=177.375), 0.0563259 s/step
Meep progress: 178.854166666667/633.333343505859 = 28.2% done in 486.5s, 1236.3s to go
on time step 8585 (time=178.854), 0.0564304 s/step
Meep progress: 180.354166666667/633.333343505859 = 28.5% done in 490.6s, 1232.2s to go
on time step 8657 (time=180.354), 0.0563069 s/step
Meep progress: 181.833333333333/633.333343505859 = 28.7% done in 494.6s, 1228.1s to go
on time step 8728 (time=181.833), 0.0565907 s/step
Meep progress: 183.3125/633.333343505859 = 28.9% done in 498.6s, 1224.1s to go
on time step 8799 (time=183.312), 0.0563549 s/step
Meep progress: 184.791666666667/633.333343505859 = 29.2% done in 502.6s, 1220.0s to go
on time step 8870 (time=184.792), 0.0563729 s/step
Meep progress: 186.270833333333/633.333343505859 = 29.4% done in 506.6s, 1215.9s to go
on time step 8941 (time=186.271), 0.0563508 s/step
Meep progress: 187.75/633.333343505859 = 29.6% done in 510.6s, 1211.9s to go
on time step 9012 (time=187.75), 0.0564641 s/step
Meep progress: 189.229166666667/633.333343505859 = 29.9% done in 514.6s, 1207.8s to go
on time step 9083 (time=189.229), 0.0563924 s/step
Meep progress: 190.708333333333/633.333343505859 = 30.1% done in 518.6s, 1203.7s to go
on time step 9154 (time=190.708), 0.0565109 s/step
Meep progress: 192.1875/633.333343505859 = 30.3% done in 522.7s, 1199.7s to go
on time step 9225 (time=192.188), 0.0565808 s/step
Meep progress: 193.6875/633.333343505859 = 30.6% done in 526.7s, 1195.6s to go
on time step 9297 (time=193.688), 0.0563271 s/step
Meep progress: 195.1875/633.333343505859 = 30.8% done in 530.8s, 1191.4s to go
on time step 9369 (time=195.188), 0.0561665 s/step
Meep progress: 196.666666666667/633.333343505859 = 31.1% done in 534.8s, 1187.4s to go
on time step 9440 (time=196.667), 0.0564915 s/step
Meep progress: 198.145833333333/633.333343505859 = 31.3% done in 538.8s, 1183.4s to go
on time step 9511 (time=198.146), 0.0568305 s/step
Meep progress: 199.604166666667/633.333343505859 = 31.5% done in 542.8s, 1179.5s to go
on time step 9581 (time=199.604), 0.057186 s/step
Meep progress: 201.0625/633.333343505859 = 31.7% done in 546.8s, 1175.6s to go
on time step 9651 (time=201.062), 0.0571643 s/step
Meep progress: 202.520833333333/633.333343505859 = 32.0% done in 550.8s, 1171.7s to go
on time step 9721 (time=202.521), 0.0571885 s/step
Meep progress: 204.0/633.333343505859 = 32.2% done in 554.9s, 1167.8s to go
on time step 9792 (time=204), 0.0571267 s/step
Meep progress: 205.479166666667/633.333343505859 = 32.4% done in 558.9s, 1163.8s to go
on time step 9863 (time=205.479), 0.0570856 s/step
Meep progress: 206.9375/633.333343505859 = 32.7% done in 562.9s, 1159.9s to go
on time step 9933 (time=206.938), 0.0571595 s/step
Meep progress: 208.395833333333/633.333343505859 = 32.9% done in 566.9s, 1156.0s to go
on time step 10003 (time=208.396), 0.0571914 s/step
Meep progress: 209.854166666667/633.333343505859 = 33.1% done in 570.9s, 1152.1s to go
on time step 10073 (time=209.854), 0.0571679 s/step
Meep progress: 211.3125/633.333343505859 = 33.4% done in 574.9s, 1148.2s to go
on time step 10143 (time=211.312), 0.0571727 s/step
Meep progress: 212.791666666667/633.333343505859 = 33.6% done in 579.0s, 1144.3s to go
on time step 10214 (time=212.792), 0.0571127 s/step
Meep progress: 214.25/633.333343505859 = 33.8% done in 583.0s, 1140.3s to go
on time step 10284 (time=214.25), 0.0571463 s/step
Meep progress: 215.708333333333/633.333343505859 = 34.1% done in 587.0s, 1136.4s to go
on time step 10354 (time=215.708), 0.0571723 s/step
Meep progress: 217.166666666667/633.333343505859 = 34.3% done in 591.0s, 1132.5s to go
on time step 10424 (time=217.167), 0.0571906 s/step
Meep progress: 218.625/633.333343505859 = 34.5% done in 595.0s, 1128.6s to go
on time step 10494 (time=218.625), 0.0571741 s/step
Meep progress: 220.104166666667/633.333343505859 = 34.8% done in 599.0s, 1124.7s to go
on time step 10565 (time=220.104), 0.0570194 s/step
Meep progress: 221.583333333333/633.333343505859 = 35.0% done in 603.0s, 1120.6s to go
on time step 10636 (time=221.583), 0.0563949 s/step
Meep progress: 223.0625/633.333343505859 = 35.2% done in 607.1s, 1116.5s to go
on time step 10707 (time=223.062), 0.0564172 s/step
Meep progress: 224.541666666667/633.333343505859 = 35.5% done in 611.1s, 1112.5s to go
on time step 10778 (time=224.542), 0.0564007 s/step
Meep progress: 226.020833333333/633.333343505859 = 35.7% done in 615.1s, 1108.4s to go
on time step 10849 (time=226.021), 0.0564223 s/step
Meep progress: 227.5/633.333343505859 = 35.9% done in 619.1s, 1104.4s to go
on time step 10920 (time=227.5), 0.0567921 s/step
Meep progress: 228.979166666667/633.333343505859 = 36.2% done in 623.1s, 1100.4s to go
on time step 10991 (time=228.979), 0.0569178 s/step
Meep progress: 230.458333333333/633.333343505859 = 36.4% done in 627.2s, 1096.4s to go
on time step 11062 (time=230.458), 0.0571318 s/step
Meep progress: 231.9375/633.333343505859 = 36.6% done in 631.2s, 1092.4s to go
on time step 11133 (time=231.938), 0.0571094 s/step
Meep progress: 233.416666666667/633.333343505859 = 36.9% done in 635.3s, 1088.4s to go
on time step 11204 (time=233.417), 0.0568085 s/step
Meep progress: 234.895833333333/633.333343505859 = 37.1% done in 639.3s, 1084.4s to go
on time step 11275 (time=234.896), 0.0565033 s/step
Meep progress: 236.375/633.333343505859 = 37.3% done in 643.3s, 1080.4s to go
on time step 11346 (time=236.375), 0.0566163 s/step
Meep progress: 237.854166666667/633.333343505859 = 37.6% done in 647.3s, 1076.3s to go
on time step 11417 (time=237.854), 0.0565605 s/step
Meep progress: 239.333333333333/633.333343505859 = 37.8% done in 651.3s, 1072.3s to go
on time step 11488 (time=239.333), 0.0564829 s/step
Meep progress: 240.8125/633.333343505859 = 38.0% done in 655.3s, 1068.2s to go
on time step 11559 (time=240.812), 0.0564861 s/step
Meep progress: 242.291666666667/633.333343505859 = 38.3% done in 659.4s, 1064.2s to go
on time step 11630 (time=242.292), 0.0564785 s/step
Meep progress: 243.770833333333/633.333343505859 = 38.5% done in 663.4s, 1060.1s to go
on time step 11701 (time=243.771), 0.0565048 s/step
Meep progress: 245.270833333333/633.333343505859 = 38.7% done in 667.4s, 1056.0s to go
on time step 11773 (time=245.271), 0.0562323 s/step
Meep progress: 246.75/633.333343505859 = 39.0% done in 671.4s, 1051.9s to go
on time step 11844 (time=246.75), 0.0564821 s/step
Meep progress: 248.25/633.333343505859 = 39.2% done in 675.5s, 1047.8s to go
on time step 11916 (time=248.25), 0.0561598 s/step
Meep progress: 249.729166666667/633.333343505859 = 39.4% done in 679.5s, 1043.8s to go
on time step 11987 (time=249.729), 0.0565959 s/step
Meep progress: 251.208333333333/633.333343505859 = 39.7% done in 683.5s, 1039.7s to go
on time step 12058 (time=251.208), 0.0567939 s/step
Meep progress: 252.6875/633.333343505859 = 39.9% done in 687.5s, 1035.7s to go
on time step 12129 (time=252.688), 0.0565296 s/step
Meep progress: 254.1875/633.333343505859 = 40.1% done in 691.6s, 1031.6s to go
on time step 12201 (time=254.188), 0.0563231 s/step
Meep progress: 255.666666666667/633.333343505859 = 40.4% done in 695.6s, 1027.5s to go
on time step 12272 (time=255.667), 0.0564318 s/step
Meep progress: 257.166666666667/633.333343505859 = 40.6% done in 699.7s, 1023.4s to go
on time step 12344 (time=257.167), 0.0563303 s/step
Meep progress: 258.666666666667/633.333343505859 = 40.8% done in 703.7s, 1019.3s to go
on time step 12416 (time=258.667), 0.0563013 s/step
Meep progress: 260.145833333333/633.333343505859 = 41.1% done in 707.7s, 1015.3s to go
on time step 12487 (time=260.146), 0.0566468 s/step
Meep progress: 261.625/633.333343505859 = 41.3% done in 711.7s, 1011.2s to go
on time step 12558 (time=261.625), 0.0565689 s/step
Meep progress: 263.125/633.333343505859 = 41.5% done in 715.8s, 1007.1s to go
on time step 12630 (time=263.125), 0.0562294 s/step
Meep progress: 264.604166666667/633.333343505859 = 41.8% done in 719.8s, 1003.1s to go
on time step 12701 (time=264.604), 0.0564789 s/step
Meep progress: 266.083333333333/633.333343505859 = 42.0% done in 723.8s, 999.1s to go
on time step 12772 (time=266.083), 0.0569189 s/step
Meep progress: 267.5625/633.333343505859 = 42.2% done in 727.9s, 995.1s to go
on time step 12843 (time=267.562), 0.0570741 s/step
Meep progress: 269.041666666667/633.333343505859 = 42.5% done in 732.0s, 991.1s to go
on time step 12914 (time=269.042), 0.0570508 s/step
Meep progress: 270.520833333333/633.333343505859 = 42.7% done in 736.0s, 987.1s to go
on time step 12985 (time=270.521), 0.0570829 s/step
Meep progress: 272.0/633.333343505859 = 42.9% done in 740.0s, 983.1s to go
on time step 13056 (time=272), 0.0568342 s/step
Meep progress: 273.479166666667/633.333343505859 = 43.2% done in 744.1s, 979.1s to go
on time step 13127 (time=273.479), 0.0567959 s/step
Meep progress: 274.958333333333/633.333343505859 = 43.4% done in 748.1s, 975.0s to go
on time step 13198 (time=274.958), 0.0565859 s/step
Meep progress: 276.4375/633.333343505859 = 43.6% done in 752.1s, 971.0s to go
on time step 13269 (time=276.438), 0.0563526 s/step
Meep progress: 277.916666666667/633.333343505859 = 43.9% done in 756.1s, 966.9s to go
on time step 13340 (time=277.917), 0.0563728 s/step
Meep progress: 279.416666666667/633.333343505859 = 44.1% done in 760.1s, 962.8s to go
on time step 13412 (time=279.417), 0.0563032 s/step
Meep progress: 280.916666666667/633.333343505859 = 44.4% done in 764.2s, 958.7s to go
on time step 13484 (time=280.917), 0.0563047 s/step
Meep progress: 282.416666666667/633.333343505859 = 44.6% done in 768.2s, 954.6s to go
on time step 13556 (time=282.417), 0.0562151 s/step
Meep progress: 283.895833333333/633.333343505859 = 44.8% done in 772.3s, 950.6s to go
on time step 13627 (time=283.896), 0.0567968 s/step
Meep progress: 285.375/633.333343505859 = 45.1% done in 776.3s, 946.5s to go
on time step 13698 (time=285.375), 0.0564387 s/step
Meep progress: 286.875/633.333343505859 = 45.3% done in 780.3s, 942.4s to go
on time step 13770 (time=286.875), 0.0562483 s/step
Meep progress: 288.375/633.333343505859 = 45.5% done in 784.4s, 938.3s to go
on time step 13842 (time=288.375), 0.0562911 s/step
Meep progress: 289.875/633.333343505859 = 45.8% done in 788.4s, 934.2s to go
on time step 13914 (time=289.875), 0.0562763 s/step
Meep progress: 291.375/633.333343505859 = 46.0% done in 792.5s, 930.1s to go
on time step 13986 (time=291.375), 0.0562254 s/step
Meep progress: 292.854166666667/633.333343505859 = 46.2% done in 796.5s, 926.0s to go
on time step 14057 (time=292.854), 0.0563683 s/step
Meep progress: 294.333333333333/633.333343505859 = 46.5% done in 800.5s, 922.0s to go
on time step 14128 (time=294.333), 0.0564852 s/step
Meep progress: 295.833333333333/633.333343505859 = 46.7% done in 804.6s, 917.9s to go
on time step 14200 (time=295.833), 0.0563055 s/step
Meep progress: 297.333333333333/633.333343505859 = 46.9% done in 808.6s, 913.8s to go
on time step 14272 (time=297.333), 0.0562265 s/step
Meep progress: 298.8125/633.333343505859 = 47.2% done in 812.6s, 909.7s to go
on time step 14343 (time=298.812), 0.0565246 s/step
Meep progress: 300.291666666667/633.333343505859 = 47.4% done in 816.7s, 905.7s to go
on time step 14414 (time=300.292), 0.0568427 s/step
Meep progress: 301.791666666667/633.333343505859 = 47.7% done in 820.7s, 901.6s to go
on time step 14486 (time=301.792), 0.0561257 s/step
Meep progress: 303.270833333333/633.333343505859 = 47.9% done in 824.7s, 897.6s to go
on time step 14557 (time=303.271), 0.0566456 s/step
Meep progress: 304.770833333333/633.333343505859 = 48.1% done in 828.8s, 893.5s to go
on time step 14629 (time=304.771), 0.0560876 s/step
Meep progress: 306.25/633.333343505859 = 48.4% done in 832.8s, 889.4s to go
on time step 14700 (time=306.25), 0.0564454 s/step
Meep progress: 307.729166666667/633.333343505859 = 48.6% done in 836.8s, 885.4s to go
on time step 14771 (time=307.729), 0.0567613 s/step
Meep progress: 309.229166666667/633.333343505859 = 48.8% done in 840.8s, 881.3s to go
on time step 14843 (time=309.229), 0.0561117 s/step
Meep progress: 310.729166666667/633.333343505859 = 49.1% done in 844.9s, 877.2s to go
on time step 14915 (time=310.729), 0.0563313 s/step
Meep progress: 312.229166666667/633.333343505859 = 49.3% done in 848.9s, 873.1s to go
on time step 14987 (time=312.229), 0.0562286 s/step
Meep progress: 313.729166666667/633.333343505859 = 49.5% done in 853.0s, 869.0s to go
on time step 15059 (time=313.729), 0.0563161 s/step
Meep progress: 315.208333333333/633.333343505859 = 49.8% done in 857.0s, 864.9s to go
on time step 15130 (time=315.208), 0.0563939 s/step
Meep progress: 316.6875/633.333343505859 = 50.0% done in 861.0s, 860.9s to go
on time step 15201 (time=316.688), 0.0563786 s/step
Meep progress: 318.166666666667/633.333343505859 = 50.2% done in 865.0s, 856.9s to go
on time step 15272 (time=318.167), 0.0564186 s/step
Meep progress: 319.645833333333/633.333343505859 = 50.5% done in 869.0s, 852.8s to go
on time step 15343 (time=319.646), 0.0563799 s/step
Meep progress: 321.125/633.333343505859 = 50.7% done in 873.0s, 848.8s to go
on time step 15414 (time=321.125), 0.0563753 s/step
Meep progress: 322.625/633.333343505859 = 50.9% done in 877.1s, 844.7s to go
on time step 15486 (time=322.625), 0.0563299 s/step
Meep progress: 324.104166666667/633.333343505859 = 51.2% done in 881.1s, 840.6s to go
on time step 15557 (time=324.104), 0.0564616 s/step
Meep progress: 325.604166666667/633.333343505859 = 51.4% done in 885.1s, 836.5s to go
on time step 15629 (time=325.604), 0.0560801 s/step
Meep progress: 327.083333333333/633.333343505859 = 51.6% done in 889.1s, 832.5s to go
on time step 15700 (time=327.083), 0.0563545 s/step
Meep progress: 328.583333333333/633.333343505859 = 51.9% done in 893.2s, 828.4s to go
on time step 15772 (time=328.583), 0.056335 s/step
Meep progress: 330.083333333333/633.333343505859 = 52.1% done in 897.2s, 824.3s to go
on time step 15844 (time=330.083), 0.0562539 s/step
Meep progress: 331.583333333333/633.333343505859 = 52.4% done in 901.3s, 820.2s to go
on time step 15916 (time=331.583), 0.0563072 s/step
Meep progress: 333.083333333333/633.333343505859 = 52.6% done in 905.3s, 816.1s to go
on time step 15988 (time=333.083), 0.0562153 s/step
Meep progress: 334.583333333333/633.333343505859 = 52.8% done in 909.4s, 812.0s to go
on time step 16060 (time=334.583), 0.0563142 s/step
Meep progress: 336.0625/633.333343505859 = 53.1% done in 913.4s, 808.0s to go
on time step 16131 (time=336.062), 0.056479 s/step
Meep progress: 337.5625/633.333343505859 = 53.3% done in 917.4s, 803.9s to go
on time step 16203 (time=337.562), 0.0562941 s/step
Meep progress: 339.041666666667/633.333343505859 = 53.5% done in 921.4s, 799.8s to go
on time step 16274 (time=339.042), 0.0563825 s/step
Meep progress: 340.520833333333/633.333343505859 = 53.8% done in 925.4s, 795.8s to go
on time step 16345 (time=340.521), 0.0563723 s/step
Meep progress: 342.0/633.333343505859 = 54.0% done in 929.4s, 791.8s to go
on time step 16416 (time=342), 0.0563719 s/step
Meep progress: 343.479166666667/633.333343505859 = 54.2% done in 933.5s, 787.7s to go
on time step 16487 (time=343.479), 0.0565164 s/step
Meep progress: 344.958333333333/633.333343505859 = 54.5% done in 937.5s, 783.7s to go
on time step 16558 (time=344.958), 0.05645 s/step
Meep progress: 346.458333333333/633.333343505859 = 54.7% done in 941.5s, 779.6s to go
on time step 16630 (time=346.458), 0.0560897 s/step
Meep progress: 347.958333333333/633.333343505859 = 54.9% done in 945.6s, 775.5s to go
on time step 16702 (time=347.958), 0.0562748 s/step
Meep progress: 349.416666666667/633.333343505859 = 55.2% done in 949.6s, 771.6s to go
on time step 16772 (time=349.417), 0.0572812 s/step
Meep progress: 350.895833333333/633.333343505859 = 55.4% done in 953.6s, 767.6s to go
on time step 16843 (time=350.896), 0.056777 s/step
Meep progress: 352.375/633.333343505859 = 55.6% done in 957.6s, 763.6s to go
on time step 16914 (time=352.375), 0.057014 s/step
Meep progress: 353.854166666667/633.333343505859 = 55.9% done in 961.7s, 759.6s to go
on time step 16985 (time=353.854), 0.0568567 s/step
Meep progress: 355.354166666667/633.333343505859 = 56.1% done in 965.7s, 755.4s to go
on time step 17057 (time=355.354), 0.0561091 s/step
Meep progress: 356.833333333333/633.333343505859 = 56.3% done in 969.8s, 751.4s to go
on time step 17128 (time=356.833), 0.0567032 s/step
Meep progress: 358.3125/633.333343505859 = 56.6% done in 973.8s, 747.4s to go
on time step 17199 (time=358.312), 0.0568488 s/step
Meep progress: 359.791666666667/633.333343505859 = 56.8% done in 977.8s, 743.4s to go
on time step 17270 (time=359.792), 0.0567492 s/step
Meep progress: 361.270833333333/633.333343505859 = 57.0% done in 981.9s, 739.4s to go
on time step 17341 (time=361.271), 0.0568798 s/step
Meep progress: 362.75/633.333343505859 = 57.3% done in 985.9s, 735.4s to go
on time step 17412 (time=362.75), 0.0565441 s/step
Meep progress: 364.25/633.333343505859 = 57.5% done in 989.9s, 731.3s to go
on time step 17484 (time=364.25), 0.0562002 s/step
Meep progress: 365.75/633.333343505859 = 57.7% done in 994.0s, 727.2s to go
on time step 17556 (time=365.75), 0.0562933 s/step
Meep progress: 367.25/633.333343505859 = 58.0% done in 998.0s, 723.1s to go
on time step 17628 (time=367.25), 0.0563166 s/step
Meep progress: 368.75/633.333343505859 = 58.2% done in 1002.1s, 719.0s to go
on time step 17700 (time=368.75), 0.0563403 s/step
Meep progress: 370.25/633.333343505859 = 58.5% done in 1006.1s, 714.9s to go
on time step 17772 (time=370.25), 0.0560896 s/step
Meep progress: 371.729166666667/633.333343505859 = 58.7% done in 1010.1s, 710.9s to go
on time step 17843 (time=371.729), 0.0563957 s/step
Meep progress: 373.229166666667/633.333343505859 = 58.9% done in 1014.2s, 706.8s to go
on time step 17915 (time=373.229), 0.0562946 s/step
Meep progress: 374.729166666667/633.333343505859 = 59.2% done in 1018.2s, 702.7s to go
on time step 17987 (time=374.729), 0.0563015 s/step
Meep progress: 376.229166666667/633.333343505859 = 59.4% done in 1022.3s, 698.6s to go
on time step 18059 (time=376.229), 0.0562851 s/step
Meep progress: 377.708333333333/633.333343505859 = 59.6% done in 1026.3s, 694.6s to go
on time step 18130 (time=377.708), 0.0563484 s/step
Meep progress: 379.208333333333/633.333343505859 = 59.9% done in 1030.3s, 690.5s to go
on time step 18202 (time=379.208), 0.0561884 s/step
Meep progress: 380.708333333333/633.333343505859 = 60.1% done in 1034.4s, 686.4s to go
on time step 18274 (time=380.708), 0.05625 s/step
Meep progress: 382.1875/633.333343505859 = 60.3% done in 1038.4s, 682.4s to go
on time step 18345 (time=382.188), 0.0565354 s/step
Meep progress: 383.666666666667/633.333343505859 = 60.6% done in 1042.4s, 678.3s to go
on time step 18416 (time=383.667), 0.056503 s/step
Meep progress: 385.166666666667/633.333343505859 = 60.8% done in 1046.5s, 674.2s to go
on time step 18488 (time=385.167), 0.0562177 s/step
Meep progress: 386.666666666667/633.333343505859 = 61.1% done in 1050.5s, 670.1s to go
on time step 18560 (time=386.667), 0.0560833 s/step
Meep progress: 388.145833333333/633.333343505859 = 61.3% done in 1054.5s, 666.1s to go
on time step 18631 (time=388.146), 0.0565424 s/step
Meep progress: 389.625/633.333343505859 = 61.5% done in 1058.5s, 662.1s to go
on time step 18702 (time=389.625), 0.0567768 s/step
Meep progress: 391.104166666667/633.333343505859 = 61.8% done in 1062.6s, 658.1s to go
on time step 18773 (time=391.104), 0.0570805 s/step
Meep progress: 392.583333333333/633.333343505859 = 62.0% done in 1066.6s, 654.1s to go
on time step 18844 (time=392.583), 0.0570725 s/step
Meep progress: 394.0625/633.333343505859 = 62.2% done in 1070.7s, 650.1s to go
on time step 18915 (time=394.062), 0.0570866 s/step
Meep progress: 395.541666666667/633.333343505859 = 62.5% done in 1074.7s, 646.1s to go
on time step 18986 (time=395.542), 0.0570765 s/step
Meep progress: 397.020833333333/633.333343505859 = 62.7% done in 1078.8s, 642.1s to go
on time step 19057 (time=397.021), 0.0570922 s/step
Meep progress: 398.5/633.333343505859 = 62.9% done in 1082.8s, 638.1s to go
on time step 19128 (time=398.5), 0.0568262 s/step
Meep progress: 400.0/633.333343505859 = 63.2% done in 1086.9s, 634.0s to go
on time step 19200 (time=400), 0.0559491 s/step
Meep progress: 401.479166666667/633.333343505859 = 63.4% done in 1090.9s, 630.0s to go
on time step 19271 (time=401.479), 0.0564071 s/step
Meep progress: 402.979166666667/633.333343505859 = 63.6% done in 1094.9s, 625.9s to go
on time step 19343 (time=402.979), 0.0562776 s/step
Meep progress: 404.479166666667/633.333343505859 = 63.9% done in 1099.0s, 621.8s to go
on time step 19415 (time=404.479), 0.0563005 s/step
Meep progress: 405.979166666667/633.333343505859 = 64.1% done in 1103.0s, 617.7s to go
on time step 19487 (time=405.979), 0.0562778 s/step
Meep progress: 407.479166666667/633.333343505859 = 64.3% done in 1107.1s, 613.6s to go
on time step 19559 (time=407.479), 0.0562405 s/step
Meep progress: 408.958333333333/633.333343505859 = 64.6% done in 1111.1s, 609.6s to go
on time step 19630 (time=408.958), 0.0566271 s/step
Meep progress: 410.4375/633.333343505859 = 64.8% done in 1115.1s, 605.6s to go
on time step 19701 (time=410.438), 0.0570247 s/step
Meep progress: 411.916666666667/633.333343505859 = 65.0% done in 1119.2s, 601.6s to go
on time step 19772 (time=411.917), 0.0565273 s/step
Meep progress: 413.416666666667/633.333343505859 = 65.3% done in 1123.2s, 597.5s to go
on time step 19844 (time=413.417), 0.0560885 s/step
Meep progress: 414.895833333333/633.333343505859 = 65.5% done in 1127.2s, 593.5s to go
on time step 19915 (time=414.896), 0.0564762 s/step
Meep progress: 416.375/633.333343505859 = 65.7% done in 1131.2s, 589.5s to go
on time step 19986 (time=416.375), 0.0568633 s/step
Meep progress: 417.854166666667/633.333343505859 = 66.0% done in 1135.3s, 585.5s to go
on time step 20057 (time=417.854), 0.057058 s/step
Meep progress: 419.333333333333/633.333343505859 = 66.2% done in 1139.3s, 581.4s to go
on time step 20128 (time=419.333), 0.0564366 s/step
Meep progress: 420.8125/633.333343505859 = 66.4% done in 1143.3s, 577.4s to go
on time step 20199 (time=420.812), 0.0564587 s/step
Meep progress: 422.291666666667/633.333343505859 = 66.7% done in 1147.3s, 573.4s to go
on time step 20270 (time=422.292), 0.0563595 s/step
Meep progress: 423.770833333333/633.333343505859 = 66.9% done in 1151.3s, 569.3s to go
on time step 20341 (time=423.771), 0.0563492 s/step
Meep progress: 425.270833333333/633.333343505859 = 67.1% done in 1155.4s, 565.3s to go
on time step 20413 (time=425.271), 0.0562758 s/step
Meep progress: 426.75/633.333343505859 = 67.4% done in 1159.4s, 561.2s to go
on time step 20484 (time=426.75), 0.0564688 s/step
Meep progress: 428.25/633.333343505859 = 67.6% done in 1163.4s, 557.1s to go
on time step 20556 (time=428.25), 0.0562039 s/step
Meep progress: 429.729166666667/633.333343505859 = 67.9% done in 1167.4s, 553.1s to go
on time step 20627 (time=429.729), 0.0564833 s/step
Meep progress: 431.208333333333/633.333343505859 = 68.1% done in 1171.5s, 549.1s to go
on time step 20698 (time=431.208), 0.0565892 s/step
Meep progress: 432.708333333333/633.333343505859 = 68.3% done in 1175.5s, 545.0s to go
on time step 20770 (time=432.708), 0.0560362 s/step
Meep progress: 434.1875/633.333343505859 = 68.6% done in 1179.5s, 541.0s to go
on time step 20841 (time=434.188), 0.0563574 s/step
Meep progress: 435.666666666667/633.333343505859 = 68.8% done in 1183.5s, 537.0s to go
on time step 20912 (time=435.667), 0.0563782 s/step
Meep progress: 437.145833333333/633.333343505859 = 69.0% done in 1187.5s, 532.9s to go
on time step 20983 (time=437.146), 0.0564834 s/step
Meep progress: 438.645833333333/633.333343505859 = 69.3% done in 1191.5s, 528.9s to go
on time step 21055 (time=438.646), 0.0562072 s/step
Meep progress: 440.125/633.333343505859 = 69.5% done in 1195.6s, 524.8s to go
on time step 21126 (time=440.125), 0.0565406 s/step
Meep progress: 441.625/633.333343505859 = 69.7% done in 1199.6s, 520.7s to go
on time step 21198 (time=441.625), 0.0562624 s/step
Meep progress: 443.125/633.333343505859 = 70.0% done in 1203.7s, 516.7s to go
on time step 21270 (time=443.125), 0.05625 s/step
Meep progress: 444.625/633.333343505859 = 70.2% done in 1207.7s, 512.6s to go
on time step 21342 (time=444.625), 0.0562303 s/step
Meep progress: 446.125/633.333343505859 = 70.4% done in 1211.8s, 508.5s to go
on time step 21414 (time=446.125), 0.0562558 s/step
Meep progress: 447.625/633.333343505859 = 70.7% done in 1215.8s, 504.4s to go
on time step 21486 (time=447.625), 0.0562483 s/step
Meep progress: 449.125/633.333343505859 = 70.9% done in 1219.9s, 500.3s to go
on time step 21558 (time=449.125), 0.0562361 s/step
Meep progress: 450.625/633.333343505859 = 71.2% done in 1223.9s, 496.2s to go
on time step 21630 (time=450.625), 0.0562767 s/step
Meep progress: 452.104166666667/633.333343505859 = 71.4% done in 1227.9s, 492.2s to go
on time step 21701 (time=452.104), 0.0563794 s/step
Meep progress: 453.583333333333/633.333343505859 = 71.6% done in 1231.9s, 488.2s to go
on time step 21772 (time=453.583), 0.0564995 s/step
Meep progress: 455.0625/633.333343505859 = 71.9% done in 1235.9s, 484.2s to go
on time step 21843 (time=455.062), 0.0565104 s/step
Meep progress: 456.5625/633.333343505859 = 72.1% done in 1240.0s, 480.1s to go
on time step 21915 (time=456.562), 0.0562062 s/step
Meep progress: 458.041666666667/633.333343505859 = 72.3% done in 1244.0s, 476.1s to go
on time step 21986 (time=458.042), 0.0566304 s/step
Meep progress: 459.520833333333/633.333343505859 = 72.6% done in 1248.1s, 472.1s to go
on time step 22057 (time=459.521), 0.0570401 s/step
Meep progress: 461.0/633.333343505859 = 72.8% done in 1252.1s, 468.1s to go
on time step 22128 (time=461), 0.0571391 s/step
Meep progress: 462.479166666667/633.333343505859 = 73.0% done in 1256.2s, 464.1s to go
on time step 22199 (time=462.479), 0.0571212 s/step
Meep progress: 463.979166666667/633.333343505859 = 73.3% done in 1260.2s, 460.0s to go
on time step 22271 (time=463.979), 0.0561128 s/step
Meep progress: 465.458333333333/633.333343505859 = 73.5% done in 1264.2s, 456.0s to go
on time step 22342 (time=465.458), 0.0565673 s/step
Meep progress: 466.9375/633.333343505859 = 73.7% done in 1268.3s, 452.0s to go
on time step 22413 (time=466.938), 0.0569799 s/step
Meep progress: 468.416666666667/633.333343505859 = 74.0% done in 1272.3s, 447.9s to go
on time step 22484 (time=468.417), 0.0569052 s/step
Meep progress: 469.895833333333/633.333343505859 = 74.2% done in 1276.4s, 443.9s to go
on time step 22555 (time=469.896), 0.057 s/step
Meep progress: 471.375/633.333343505859 = 74.4% done in 1280.4s, 439.9s to go
on time step 22626 (time=471.375), 0.0571214 s/step
Meep progress: 472.854166666667/633.333343505859 = 74.7% done in 1284.5s, 435.9s to go
on time step 22697 (time=472.854), 0.0571166 s/step
Meep progress: 474.333333333333/633.333343505859 = 74.9% done in 1288.5s, 431.9s to go
on time step 22768 (time=474.333), 0.0571341 s/step
Meep progress: 475.8125/633.333343505859 = 75.1% done in 1292.6s, 427.9s to go
on time step 22839 (time=475.812), 0.0570966 s/step
Meep progress: 477.291666666667/633.333343505859 = 75.4% done in 1296.6s, 423.9s to go
on time step 22910 (time=477.292), 0.0569246 s/step
Meep progress: 478.791666666667/633.333343505859 = 75.6% done in 1300.7s, 419.8s to go
on time step 22982 (time=478.792), 0.0561585 s/step
Meep progress: 480.291666666667/633.333343505859 = 75.8% done in 1304.7s, 415.7s to go
on time step 23054 (time=480.292), 0.0561134 s/step
Meep progress: 481.791666666667/633.333343505859 = 76.1% done in 1308.8s, 411.7s to go
on time step 23126 (time=481.792), 0.0563017 s/step
Meep progress: 483.270833333333/633.333343505859 = 76.3% done in 1312.8s, 407.6s to go
on time step 23197 (time=483.271), 0.056412 s/step
Meep progress: 484.75/633.333343505859 = 76.5% done in 1316.8s, 403.6s to go
on time step 23268 (time=484.75), 0.0564068 s/step
Meep progress: 486.25/633.333343505859 = 76.8% done in 1320.8s, 399.5s to go
on time step 23340 (time=486.25), 0.0562949 s/step
Meep progress: 487.75/633.333343505859 = 77.0% done in 1324.9s, 395.4s to go
on time step 23412 (time=487.75), 0.0562094 s/step
Meep progress: 489.25/633.333343505859 = 77.2% done in 1328.9s, 391.4s to go
on time step 23484 (time=489.25), 0.0562284 s/step
Meep progress: 490.729166666667/633.333343505859 = 77.5% done in 1332.9s, 387.4s to go
on time step 23555 (time=490.729), 0.0567583 s/step
Meep progress: 492.208333333333/633.333343505859 = 77.7% done in 1337.0s, 383.3s to go
on time step 23626 (time=492.208), 0.0568073 s/step
Meep progress: 493.6875/633.333343505859 = 78.0% done in 1341.0s, 379.3s to go
on time step 23697 (time=493.688), 0.0570679 s/step
Meep progress: 495.166666666667/633.333343505859 = 78.2% done in 1345.1s, 375.3s to go
on time step 23768 (time=495.167), 0.0570325 s/step
Meep progress: 496.645833333333/633.333343505859 = 78.4% done in 1349.1s, 371.3s to go
on time step 23839 (time=496.646), 0.0571331 s/step
Meep progress: 498.125/633.333343505859 = 78.7% done in 1353.2s, 367.3s to go
on time step 23910 (time=498.125), 0.0571009 s/step
Meep progress: 499.583333333333/633.333343505859 = 78.9% done in 1357.2s, 363.4s to go
on time step 23980 (time=499.583), 0.0571488 s/step
Meep progress: 501.0625/633.333343505859 = 79.1% done in 1361.3s, 359.3s to go
on time step 24051 (time=501.062), 0.0571416 s/step
Meep progress: 502.541666666667/633.333343505859 = 79.3% done in 1365.3s, 355.3s to go
on time step 24122 (time=502.542), 0.0570357 s/step
Meep progress: 504.020833333333/633.333343505859 = 79.6% done in 1369.3s, 351.3s to go
on time step 24193 (time=504.021), 0.0568811 s/step
Meep progress: 505.5/633.333343505859 = 79.8% done in 1373.3s, 347.3s to go
on time step 24264 (time=505.5), 0.0563703 s/step
Meep progress: 507.0/633.333343505859 = 80.1% done in 1377.4s, 343.2s to go
on time step 24336 (time=507), 0.0562703 s/step
Meep progress: 508.5/633.333343505859 = 80.3% done in 1381.4s, 339.1s to go
on time step 24408 (time=508.5), 0.0562376 s/step
Meep progress: 510.0/633.333343505859 = 80.5% done in 1385.5s, 335.1s to go
on time step 24480 (time=510), 0.0561825 s/step
Meep progress: 511.479166666667/633.333343505859 = 80.8% done in 1389.5s, 331.0s to go
on time step 24551 (time=511.479), 0.0565906 s/step
Meep progress: 512.979166666667/633.333343505859 = 81.0% done in 1393.5s, 327.0s to go
on time step 24623 (time=512.979), 0.056084 s/step
Meep progress: 514.479166666667/633.333343505859 = 81.2% done in 1397.6s, 322.9s to go
on time step 24695 (time=514.479), 0.056288 s/step
Meep progress: 515.958333333333/633.333343505859 = 81.5% done in 1401.6s, 318.9s to go
on time step 24766 (time=515.958), 0.0569907 s/step
Meep progress: 517.4375/633.333343505859 = 81.7% done in 1405.7s, 314.8s to go
on time step 24837 (time=517.438), 0.0568421 s/step
Meep progress: 518.916666666667/633.333343505859 = 81.9% done in 1409.7s, 310.8s to go
on time step 24908 (time=518.917), 0.0565146 s/step
Meep progress: 520.395833333333/633.333343505859 = 82.2% done in 1413.7s, 306.8s to go
on time step 24979 (time=520.396), 0.0564239 s/step
Meep progress: 521.875/633.333343505859 = 82.4% done in 1417.7s, 302.8s to go
on time step 25050 (time=521.875), 0.0564613 s/step
Meep progress: 523.354166666667/633.333343505859 = 82.6% done in 1421.7s, 298.8s to go
on time step 25121 (time=523.354), 0.0563771 s/step
Meep progress: 524.833333333333/633.333343505859 = 82.9% done in 1425.7s, 294.7s to go
on time step 25192 (time=524.833), 0.0567338 s/step
Meep progress: 526.333333333333/633.333343505859 = 83.1% done in 1429.8s, 290.7s to go
on time step 25264 (time=526.333), 0.0561132 s/step
Meep progress: 527.8125/633.333343505859 = 83.3% done in 1433.8s, 286.6s to go
on time step 25335 (time=527.812), 0.0564112 s/step
Meep progress: 529.3125/633.333343505859 = 83.6% done in 1437.8s, 282.6s to go
on time step 25407 (time=529.312), 0.0562671 s/step
Meep progress: 530.8125/633.333343505859 = 83.8% done in 1441.9s, 278.5s to go
on time step 25479 (time=530.812), 0.0562318 s/step
Meep progress: 532.291666666667/633.333343505859 = 84.0% done in 1445.9s, 274.5s to go
on time step 25550 (time=532.292), 0.05639 s/step
Meep progress: 533.770833333333/633.333343505859 = 84.3% done in 1449.9s, 270.4s to go
on time step 25621 (time=533.771), 0.0564001 s/step
Meep progress: 535.25/633.333343505859 = 84.5% done in 1453.9s, 266.4s to go
on time step 25692 (time=535.25), 0.0565776 s/step
Meep progress: 536.75/633.333343505859 = 84.7% done in 1458.0s, 262.3s to go
on time step 25764 (time=536.75), 0.0562596 s/step
Meep progress: 538.25/633.333343505859 = 85.0% done in 1462.0s, 258.3s to go
on time step 25836 (time=538.25), 0.0562709 s/step
Meep progress: 539.729166666667/633.333343505859 = 85.2% done in 1466.0s, 254.2s to go
on time step 25907 (time=539.729), 0.0564171 s/step
Meep progress: 541.208333333333/633.333343505859 = 85.5% done in 1470.0s, 250.2s to go
on time step 25978 (time=541.208), 0.05634 s/step
Meep progress: 542.6875/633.333343505859 = 85.7% done in 1474.0s, 246.2s to go
on time step 26049 (time=542.688), 0.0567086 s/step
Meep progress: 544.166666666667/633.333343505859 = 85.9% done in 1478.1s, 242.2s to go
on time step 26120 (time=544.167), 0.0569983 s/step
Meep progress: 545.645833333333/633.333343505859 = 86.2% done in 1482.1s, 238.2s to go
on time step 26191 (time=545.646), 0.0570364 s/step
Meep progress: 547.125/633.333343505859 = 86.4% done in 1486.2s, 234.2s to go
on time step 26262 (time=547.125), 0.0570468 s/step
Meep progress: 548.583333333333/633.333343505859 = 86.6% done in 1490.2s, 230.2s to go
on time step 26332 (time=548.583), 0.0572316 s/step
Meep progress: 550.041666666667/633.333343505859 = 86.8% done in 1494.2s, 226.3s to go
on time step 26402 (time=550.042), 0.0572376 s/step
Meep progress: 551.5/633.333343505859 = 87.1% done in 1498.2s, 222.3s to go
on time step 26472 (time=551.5), 0.0572495 s/step
Meep progress: 552.958333333333/633.333343505859 = 87.3% done in 1502.2s, 218.4s to go
on time step 26542 (time=552.958), 0.0572091 s/step
Meep progress: 554.416666666667/633.333343505859 = 87.5% done in 1506.2s, 214.4s to go
on time step 26612 (time=554.417), 0.0572228 s/step
Meep progress: 555.875/633.333343505859 = 87.8% done in 1510.2s, 210.4s to go
on time step 26682 (time=555.875), 0.0572244 s/step
Meep progress: 557.333333333333/633.333343505859 = 88.0% done in 1514.2s, 206.5s to go
on time step 26752 (time=557.333), 0.0572327 s/step
Meep progress: 558.791666666667/633.333343505859 = 88.2% done in 1518.2s, 202.5s to go
on time step 26822 (time=558.792), 0.0572292 s/step
Meep progress: 560.270833333333/633.333343505859 = 88.5% done in 1522.3s, 198.5s to go
on time step 26893 (time=560.271), 0.0569678 s/step
Meep progress: 561.75/633.333343505859 = 88.7% done in 1526.3s, 194.5s to go
on time step 26964 (time=561.75), 0.0569091 s/step
Meep progress: 563.229166666667/633.333343505859 = 88.9% done in 1530.4s, 190.5s to go
on time step 27035 (time=563.229), 0.0571076 s/step
Meep progress: 564.6875/633.333343505859 = 89.2% done in 1534.4s, 186.5s to go
on time step 27105 (time=564.688), 0.0572512 s/step
Meep progress: 566.145833333333/633.333343505859 = 89.4% done in 1538.4s, 182.6s to go
on time step 27175 (time=566.146), 0.0571957 s/step
Meep progress: 567.604166666667/633.333343505859 = 89.6% done in 1542.4s, 178.6s to go
on time step 27245 (time=567.604), 0.057238 s/step
Meep progress: 569.0625/633.333343505859 = 89.9% done in 1546.4s, 174.7s to go
on time step 27315 (time=569.062), 0.0572269 s/step
Meep progress: 570.520833333333/633.333343505859 = 90.1% done in 1550.4s, 170.7s to go
on time step 27385 (time=570.521), 0.0572288 s/step
Meep progress: 571.979166666667/633.333343505859 = 90.3% done in 1554.4s, 166.7s to go
on time step 27455 (time=571.979), 0.0572325 s/step
Meep progress: 573.4375/633.333343505859 = 90.5% done in 1558.4s, 162.8s to go
on time step 27525 (time=573.438), 0.0572178 s/step
Meep progress: 574.895833333333/633.333343505859 = 90.8% done in 1562.4s, 158.8s to go
on time step 27595 (time=574.896), 0.0572302 s/step
Meep progress: 576.354166666667/633.333343505859 = 91.0% done in 1566.4s, 154.9s to go
on time step 27665 (time=576.354), 0.0572404 s/step
Meep progress: 577.8125/633.333343505859 = 91.2% done in 1570.4s, 150.9s to go
on time step 27735 (time=577.812), 0.0572423 s/step
Meep progress: 579.291666666667/633.333343505859 = 91.5% done in 1574.5s, 146.9s to go
on time step 27806 (time=579.292), 0.0568434 s/step
Meep progress: 580.770833333333/633.333343505859 = 91.7% done in 1578.5s, 142.9s to go
on time step 27877 (time=580.771), 0.0571331 s/step
Meep progress: 582.25/633.333343505859 = 91.9% done in 1582.5s, 138.8s to go
on time step 27948 (time=582.25), 0.0564327 s/step
Meep progress: 583.729166666667/633.333343505859 = 92.2% done in 1586.5s, 134.8s to go
on time step 28019 (time=583.729), 0.0564057 s/step
Meep progress: 585.208333333333/633.333343505859 = 92.4% done in 1590.5s, 130.8s to go
on time step 28090 (time=585.208), 0.0563991 s/step
Meep progress: 586.6875/633.333343505859 = 92.6% done in 1594.6s, 126.8s to go
on time step 28161 (time=586.688), 0.0564515 s/step
Meep progress: 588.166666666667/633.333343505859 = 92.9% done in 1598.6s, 122.8s to go
on time step 28232 (time=588.167), 0.0563844 s/step
Meep progress: 589.645833333333/633.333343505859 = 93.1% done in 1602.6s, 118.7s to go
on time step 28303 (time=589.646), 0.0563943 s/step
Meep progress: 591.125/633.333343505859 = 93.3% done in 1606.6s, 114.7s to go
on time step 28374 (time=591.125), 0.0564008 s/step
Meep progress: 592.604166666667/633.333343505859 = 93.6% done in 1610.6s, 110.7s to go
on time step 28445 (time=592.604), 0.0564055 s/step
Meep progress: 594.083333333333/633.333343505859 = 93.8% done in 1614.6s, 106.7s to go
on time step 28516 (time=594.083), 0.0564999 s/step
Meep progress: 595.5625/633.333343505859 = 94.0% done in 1618.6s, 102.7s to go
on time step 28587 (time=595.562), 0.0568294 s/step
Meep progress: 597.041666666667/633.333343505859 = 94.3% done in 1622.7s, 98.6s to go
on time step 28658 (time=597.042), 0.0571365 s/step
Meep progress: 598.5/633.333343505859 = 94.5% done in 1626.7s, 94.7s to go
on time step 28728 (time=598.5), 0.0572197 s/step
Meep progress: 599.958333333333/633.333343505859 = 94.7% done in 1630.7s, 90.7s to go
on time step 28798 (time=599.958), 0.0571757 s/step
Meep progress: 601.416666666667/633.333343505859 = 95.0% done in 1634.7s, 86.8s to go
on time step 28868 (time=601.417), 0.057205 s/step
Meep progress: 602.875/633.333343505859 = 95.2% done in 1638.7s, 82.8s to go
on time step 28938 (time=602.875), 0.0572355 s/step
Meep progress: 604.333333333333/633.333343505859 = 95.4% done in 1642.7s, 78.8s to go
on time step 29008 (time=604.333), 0.0572175 s/step
Meep progress: 605.791666666667/633.333343505859 = 95.7% done in 1646.7s, 74.9s to go
on time step 29078 (time=605.792), 0.0572462 s/step
Meep progress: 607.270833333333/633.333343505859 = 95.9% done in 1650.8s, 70.8s to go
on time step 29149 (time=607.271), 0.0569345 s/step
Meep progress: 608.75/633.333343505859 = 96.1% done in 1654.8s, 66.8s to go
on time step 29220 (time=608.75), 0.0563747 s/step
Meep progress: 610.25/633.333343505859 = 96.4% done in 1658.8s, 62.7s to go
on time step 29292 (time=610.25), 0.0563311 s/step
Meep progress: 611.729166666667/633.333343505859 = 96.6% done in 1662.8s, 58.7s to go
on time step 29363 (time=611.729), 0.0564729 s/step
Meep progress: 613.208333333333/633.333343505859 = 96.8% done in 1666.8s, 54.7s to go
on time step 29434 (time=613.208), 0.0564975 s/step
Meep progress: 614.6875/633.333343505859 = 97.1% done in 1670.8s, 50.7s to go
on time step 29505 (time=614.688), 0.0565877 s/step
Meep progress: 616.166666666667/633.333343505859 = 97.3% done in 1674.9s, 46.7s to go
on time step 29576 (time=616.167), 0.0565707 s/step
Meep progress: 617.666666666667/633.333343505859 = 97.5% done in 1678.9s, 42.6s to go
on time step 29648 (time=617.667), 0.0563273 s/step
Meep progress: 619.145833333333/633.333343505859 = 97.8% done in 1682.9s, 38.6s to go
on time step 29719 (time=619.146), 0.0565891 s/step
Meep progress: 620.625/633.333343505859 = 98.0% done in 1686.9s, 34.5s to go
on time step 29790 (time=620.625), 0.0563415 s/step
Meep progress: 622.104166666667/633.333343505859 = 98.2% done in 1690.9s, 30.5s to go
on time step 29861 (time=622.104), 0.0564816 s/step
Meep progress: 623.583333333333/633.333343505859 = 98.5% done in 1694.9s, 26.5s to go
on time step 29932 (time=623.583), 0.0563428 s/step
Meep progress: 625.0625/633.333343505859 = 98.7% done in 1699.0s, 22.5s to go
on time step 30003 (time=625.062), 0.0563875 s/step
Meep progress: 626.5625/633.333343505859 = 98.9% done in 1703.0s, 18.4s to go
on time step 30075 (time=626.562), 0.0562802 s/step
Meep progress: 628.041666666667/633.333343505859 = 99.2% done in 1707.0s, 14.4s to go
on time step 30146 (time=628.042), 0.0563839 s/step
Meep progress: 629.520833333333/633.333343505859 = 99.4% done in 1711.0s, 10.4s to go
on time step 30217 (time=629.521), 0.0564739 s/step
Meep progress: 631.0/633.333343505859 = 99.6% done in 1715.0s, 6.3s to go
on time step 30288 (time=631), 0.0563897 s/step
Meep progress: 632.5/633.333343505859 = 99.9% done in 1719.1s, 2.3s to go
on time step 30360 (time=632.5), 0.0562752 s/step
harminv0:, frequency, imag. freq., Q, |amp|, amplitude, error
harminv0:, 0.458004934389037, -4.59001634573374e-7, 498914.273818149, 19.3216434242659, 17.1054792232831+8.9849031801298i, 1.23317553109843e-11
run 0 finished at t = 633.354166666667 (30401 timesteps)

Elapsed run time = 1722.68 s

Some deprecated features have been used.  Set the environment
variable GUILE_WARN_DEPRECATED to "detailed" and rerun the
program to get more information.  Set it to "no" to suppress
this message.

Some deprecated features have been used.  Set the environment
variable GUILE_WARN_DEPRECATED to "detailed" and rerun the
program to get more information.  Set it to "no" to suppress
this message.
