wade: kx = 0.26800 ; ky = 0 
Using MPI version 2.1, 2 processes
command-line param: kx=0.26800
command-line param: ky=0
command-line param: fcen=0.455311
command-line param: kx=0.26800
command-line param: ky=0
command-line param: fcen=0.455311
-----------
Initializing structure...
Working in 3D dimensions.
Computational cell is 1 x 1 x 15 with resolution 24
     block, center = (0,0,3.75)
          size (1e+20,1e+20,7.5)
          axes (1,0,0), (0,1,0), (0,0,1)
          dielectric constant epsilon diagonal = (2.12576,2.12576,2.12576)
     block, center = (0,0,-3.75)
          size (1e+20,1e+20,7.5)
          axes (1,0,0), (0,1,0), (0,0,1)
          dielectric constant epsilon diagonal = (2.12576,2.12576,2.12576)
     block, center = (0,0,0)
          size (1e+20,1e+20,0.533333)
          axes (1,0,0), (0,1,0), (0,0,1)
          dielectric constant epsilon diagonal = (4.07232,4.07232,4.07232)
     cylinder, center = (0,0,0)
          radius 0.238095, height 1.06667, axis (0.0871557, 0, 0.996195)
          dielectric constant epsilon diagonal = (2.12576,2.12576,2.12576)
time for set_epsilon = 1.30219 s
-----------
Meep progress: 1.1875/633.333343505859 = 0.2% done in 4.0s, 2152.3s to go
on time step 57 (time=1.1875), 0.0709393 s/step
Meep progress: 2.66666666666667/633.333343505859 = 0.4% done in 8.1s, 1907.3s to go
on time step 128 (time=2.66667), 0.0566359 s/step
Meep progress: 4.14583333333333/633.333343505859 = 0.7% done in 12.1s, 1833.0s to go
on time step 199 (time=4.14583), 0.0565249 s/step
Meep progress: 5.625/633.333343505859 = 0.9% done in 16.1s, 1795.1s to go
on time step 270 (time=5.625), 0.0564608 s/step
Meep progress: 7.10416666666667/633.333343505859 = 1.1% done in 20.1s, 1771.3s to go
on time step 341 (time=7.10417), 0.056441 s/step
Meep progress: 8.58333333333333/633.333343505859 = 1.4% done in 24.1s, 1754.5s to go
on time step 412 (time=8.58333), 0.0565 s/step
Meep progress: 10.0625/633.333343505859 = 1.6% done in 28.1s, 1742.2s to go
on time step 483 (time=10.0625), 0.0566389 s/step
Meep progress: 11.5416666666667/633.333343505859 = 1.8% done in 32.2s, 1733.1s to go
on time step 554 (time=11.5417), 0.0569354 s/step
Meep progress: 13.0208333333333/633.333343505859 = 2.1% done in 36.2s, 1724.6s to go
on time step 625 (time=13.0208), 0.0567734 s/step
Meep progress: 14.5/633.333343505859 = 2.3% done in 40.2s, 1716.2s to go
on time step 696 (time=14.5), 0.0565256 s/step
Meep progress: 15.9791666666667/633.333343505859 = 2.5% done in 44.2s, 1708.5s to go
on time step 767 (time=15.9792), 0.0564605 s/step
Meep progress: 17.4583333333333/633.333343505859 = 2.8% done in 48.2s, 1701.5s to go
on time step 838 (time=17.4583), 0.05648 s/step
Meep progress: 18.9375/633.333343505859 = 3.0% done in 52.2s, 1694.7s to go
on time step 909 (time=18.9375), 0.0563808 s/step
Meep progress: 20.4166666666667/633.333343505859 = 3.2% done in 56.2s, 1688.5s to go
on time step 980 (time=20.4167), 0.0564599 s/step
Meep progress: 21.8958333333333/633.333343505859 = 3.5% done in 60.2s, 1682.5s to go
on time step 1051 (time=21.8958), 0.0564082 s/step
Meep progress: 23.3958333333333/633.333343505859 = 3.7% done in 64.3s, 1676.4s to go
on time step 1123 (time=23.3958), 0.0562837 s/step
Meep progress: 24.875/633.333343505859 = 3.9% done in 68.3s, 1671.2s to go
on time step 1194 (time=24.875), 0.0566199 s/step
Meep progress: 26.375/633.333343505859 = 4.2% done in 72.4s, 1665.5s to go
on time step 1266 (time=26.375), 0.0562681 s/step
Meep progress: 27.875/633.333343505859 = 4.4% done in 76.4s, 1659.8s to go
on time step 1338 (time=27.875), 0.0561295 s/step
Meep progress: 29.3541666666667/633.333343505859 = 4.6% done in 80.4s, 1655.0s to go
on time step 1409 (time=29.3542), 0.0566312 s/step
Meep progress: 30.8333333333333/633.333343505859 = 4.9% done in 84.4s, 1650.0s to go
on time step 1480 (time=30.8333), 0.0563794 s/step
Meep progress: 32.2916666666667/633.333343505859 = 5.1% done in 88.4s, 1646.3s to go
on time step 1550 (time=32.2917), 0.0573031 s/step
Meep progress: 33.75/633.333343505859 = 5.3% done in 92.5s, 1642.6s to go
on time step 1620 (time=33.75), 0.0573019 s/step
Meep progress: 35.2083333333333/633.333343505859 = 5.6% done in 96.5s, 1638.9s to go
on time step 1690 (time=35.2083), 0.0572885 s/step
Meep progress: 36.6666666666667/633.333343505859 = 5.8% done in 100.5s, 1635.1s to go
on time step 1760 (time=36.6667), 0.0572856 s/step
Meep progress: 38.1458333333333/633.333343505859 = 6.0% done in 104.5s, 1630.9s to go
on time step 1831 (time=38.1458), 0.0569352 s/step
Meep progress: 39.625/633.333343505859 = 6.3% done in 108.6s, 1626.4s to go
on time step 1902 (time=39.625), 0.0567235 s/step
Meep progress: 41.1041666666667/633.333343505859 = 6.5% done in 112.6s, 1622.1s to go
on time step 1973 (time=41.1042), 0.0567623 s/step
Meep progress: 42.5833333333333/633.333343505859 = 6.7% done in 116.6s, 1617.4s to go
on time step 2044 (time=42.5833), 0.0564186 s/step
Meep progress: 44.0625/633.333343505859 = 7.0% done in 120.6s, 1612.9s to go
on time step 2115 (time=44.0625), 0.0565283 s/step
Meep progress: 45.5416666666667/633.333343505859 = 7.2% done in 124.6s, 1608.3s to go
on time step 2186 (time=45.5417), 0.0564384 s/step
Meep progress: 47.0208333333333/633.333343505859 = 7.4% done in 128.6s, 1603.7s to go
on time step 2257 (time=47.0208), 0.0564406 s/step
Meep progress: 48.5/633.333343505859 = 7.7% done in 132.6s, 1599.3s to go
on time step 2328 (time=48.5), 0.0565737 s/step
Meep progress: 50.0/633.333343505859 = 7.9% done in 136.7s, 1594.5s to go
on time step 2400 (time=50), 0.0561107 s/step
Meep progress: 51.4791666666667/633.333343505859 = 8.1% done in 140.7s, 1590.6s to go
on time step 2471 (time=51.4792), 0.0571305 s/step
Meep progress: 52.9791666666667/633.333343505859 = 8.4% done in 144.8s, 1586.0s to go
on time step 2543 (time=52.9792), 0.0562414 s/step
Meep progress: 54.4583333333333/633.333343505859 = 8.6% done in 148.8s, 1581.8s to go
on time step 2614 (time=54.4583), 0.0567419 s/step
Meep progress: 55.9375/633.333343505859 = 8.8% done in 152.8s, 1577.4s to go
on time step 2685 (time=55.9375), 0.0564456 s/step
Meep progress: 57.4166666666667/633.333343505859 = 9.1% done in 156.8s, 1573.1s to go
on time step 2756 (time=57.4167), 0.0565359 s/step
Meep progress: 58.8958333333333/633.333343505859 = 9.3% done in 160.8s, 1568.7s to go
on time step 2827 (time=58.8958), 0.0563748 s/step
Meep progress: 60.375/633.333343505859 = 9.5% done in 164.8s, 1564.3s to go
on time step 2898 (time=60.375), 0.0564202 s/step
Meep progress: 61.8541666666667/633.333343505859 = 9.8% done in 168.8s, 1560.0s to go
on time step 2969 (time=61.8542), 0.0564652 s/step
Meep progress: 63.3333333333333/633.333343505859 = 10.0% done in 172.9s, 1555.7s to go
on time step 3040 (time=63.3333), 0.056508 s/step
Meep progress: 64.8125/633.333343505859 = 10.2% done in 176.9s, 1551.5s to go
on time step 3111 (time=64.8125), 0.0566082 s/step
Meep progress: 66.3125/633.333343505859 = 10.5% done in 180.9s, 1547.1s to go
on time step 3183 (time=66.3125), 0.0563173 s/step
Meep progress: 67.7916666666667/633.333343505859 = 10.7% done in 184.9s, 1542.9s to go
on time step 3254 (time=67.7917), 0.0564912 s/step
Meep progress: 69.2708333333333/633.333343505859 = 10.9% done in 188.9s, 1538.6s to go
on time step 3325 (time=69.2708), 0.0564054 s/step
Meep progress: 70.75/633.333343505859 = 11.2% done in 193.0s, 1534.4s to go
on time step 3396 (time=70.75), 0.0565073 s/step
Meep progress: 72.2291666666667/633.333343505859 = 11.4% done in 197.0s, 1530.2s to go
on time step 3467 (time=72.2292), 0.0566229 s/step
Meep progress: 73.7291666666667/633.333343505859 = 11.6% done in 201.0s, 1525.8s to go
on time step 3539 (time=73.7292), 0.056276 s/step
Meep progress: 75.2083333333333/633.333343505859 = 11.9% done in 205.0s, 1521.6s to go
on time step 3610 (time=75.2083), 0.0564145 s/step
Meep progress: 76.6875/633.333343505859 = 12.1% done in 209.0s, 1517.4s to go
on time step 3681 (time=76.6875), 0.0565069 s/step
Meep progress: 78.1875/633.333343505859 = 12.3% done in 213.1s, 1513.1s to go
on time step 3753 (time=78.1875), 0.0563258 s/step
Meep progress: 79.6666666666667/633.333343505859 = 12.6% done in 217.1s, 1508.9s to go
on time step 3824 (time=79.6667), 0.0563918 s/step
Meep progress: 81.1458333333333/633.333343505859 = 12.8% done in 221.1s, 1504.8s to go
on time step 3895 (time=81.1458), 0.0566743 s/step
Meep progress: 82.625/633.333343505859 = 13.0% done in 225.2s, 1500.9s to go
on time step 3966 (time=82.625), 0.0569818 s/step
Meep progress: 84.1041666666667/633.333343505859 = 13.3% done in 229.2s, 1496.9s to go
on time step 4037 (time=84.1042), 0.0570284 s/step
Meep progress: 85.5833333333333/633.333343505859 = 13.5% done in 233.3s, 1493.0s to go
on time step 4108 (time=85.5833), 0.05697 s/step
Meep progress: 87.0625/633.333343505859 = 13.7% done in 237.3s, 1489.0s to go
on time step 4179 (time=87.0625), 0.0569775 s/step
Meep progress: 88.5416666666667/633.333343505859 = 14.0% done in 241.4s, 1485.1s to go
on time step 4250 (time=88.5417), 0.0570568 s/step
Meep progress: 90.0208333333333/633.333343505859 = 14.2% done in 245.4s, 1481.0s to go
on time step 4321 (time=90.0208), 0.0565852 s/step
Meep progress: 91.5/633.333343505859 = 14.4% done in 249.4s, 1476.8s to go
on time step 4392 (time=91.5), 0.0563658 s/step
Meep progress: 93.0/633.333343505859 = 14.7% done in 253.4s, 1472.5s to go
on time step 4464 (time=93), 0.0563202 s/step
Meep progress: 94.4791666666667/633.333343505859 = 14.9% done in 257.5s, 1468.5s to go
on time step 4535 (time=94.4792), 0.056702 s/step
Meep progress: 95.9583333333333/633.333343505859 = 15.2% done in 261.5s, 1464.4s to go
on time step 4606 (time=95.9583), 0.0566386 s/step
Meep progress: 97.4375/633.333343505859 = 15.4% done in 265.5s, 1460.2s to go
on time step 4677 (time=97.4375), 0.0563389 s/step
Meep progress: 98.9166666666667/633.333343505859 = 15.6% done in 269.5s, 1456.1s to go
on time step 4748 (time=98.9167), 0.0565203 s/step
Meep progress: 100.395833333333/633.333343505859 = 15.9% done in 273.5s, 1451.9s to go
on time step 4819 (time=100.396), 0.0565656 s/step
Meep progress: 101.875/633.333343505859 = 16.1% done in 277.5s, 1447.8s to go
on time step 4890 (time=101.875), 0.0565128 s/step
Meep progress: 103.354166666667/633.333343505859 = 16.3% done in 281.5s, 1443.7s to go
on time step 4961 (time=103.354), 0.0564086 s/step
Meep progress: 104.833333333333/633.333343505859 = 16.6% done in 285.5s, 1439.5s to go
on time step 5032 (time=104.833), 0.0564745 s/step
Meep progress: 106.3125/633.333343505859 = 16.8% done in 289.6s, 1435.4s to go
on time step 5103 (time=106.312), 0.0564502 s/step
Meep progress: 107.791666666667/633.333343505859 = 17.0% done in 293.6s, 1431.3s to go
on time step 5174 (time=107.792), 0.0563998 s/step
Meep progress: 109.270833333333/633.333343505859 = 17.3% done in 297.6s, 1427.2s to go
on time step 5245 (time=109.271), 0.0566743 s/step
Meep progress: 110.770833333333/633.333343505859 = 17.5% done in 301.6s, 1422.9s to go
on time step 5317 (time=110.771), 0.0560692 s/step
Meep progress: 112.229166666667/633.333343505859 = 17.7% done in 305.6s, 1419.1s to go
on time step 5387 (time=112.229), 0.057211 s/step
Meep progress: 113.6875/633.333343505859 = 18.0% done in 309.6s, 1415.3s to go
on time step 5457 (time=113.688), 0.0572408 s/step
Meep progress: 115.166666666667/633.333343505859 = 18.2% done in 313.7s, 1411.4s to go
on time step 5528 (time=115.167), 0.0570575 s/step
Meep progress: 116.645833333333/633.333343505859 = 18.4% done in 317.7s, 1407.3s to go
on time step 5599 (time=116.646), 0.0567451 s/step
Meep progress: 118.145833333333/633.333343505859 = 18.7% done in 321.8s, 1403.1s to go
on time step 5671 (time=118.146), 0.0563097 s/step
Meep progress: 119.625/633.333343505859 = 18.9% done in 325.8s, 1399.0s to go
on time step 5742 (time=119.625), 0.0563553 s/step
Meep progress: 121.104166666667/633.333343505859 = 19.1% done in 329.8s, 1394.8s to go
on time step 5813 (time=121.104), 0.0563968 s/step
Meep progress: 122.604166666667/633.333343505859 = 19.4% done in 333.8s, 1390.6s to go
on time step 5885 (time=122.604), 0.0561794 s/step
Meep progress: 124.083333333333/633.333343505859 = 19.6% done in 337.8s, 1386.5s to go
on time step 5956 (time=124.083), 0.0565786 s/step
Meep progress: 125.541666666667/633.333343505859 = 19.8% done in 341.8s, 1382.7s to go
on time step 6026 (time=125.542), 0.057161 s/step
Meep progress: 127.0/633.333343505859 = 20.1% done in 345.8s, 1378.8s to go
on time step 6096 (time=127), 0.0572876 s/step
Meep progress: 128.479166666667/633.333343505859 = 20.3% done in 349.9s, 1374.8s to go
on time step 6167 (time=128.479), 0.0565881 s/step
Meep progress: 129.958333333333/633.333343505859 = 20.5% done in 353.9s, 1370.6s to go
on time step 6238 (time=129.958), 0.056351 s/step
Meep progress: 131.4375/633.333343505859 = 20.8% done in 357.9s, 1366.5s to go
on time step 6309 (time=131.438), 0.0563567 s/step
Meep progress: 132.916666666667/633.333343505859 = 21.0% done in 361.9s, 1362.5s to go
on time step 6380 (time=132.917), 0.0567862 s/step
Meep progress: 134.395833333333/633.333343505859 = 21.2% done in 366.0s, 1358.6s to go
on time step 6451 (time=134.396), 0.0571343 s/step
Meep progress: 135.854166666667/633.333343505859 = 21.5% done in 370.0s, 1354.8s to go
on time step 6521 (time=135.854), 0.0572418 s/step
Meep progress: 137.3125/633.333343505859 = 21.7% done in 374.0s, 1350.9s to go
on time step 6591 (time=137.312), 0.0572421 s/step
Meep progress: 138.770833333333/633.333343505859 = 21.9% done in 378.0s, 1347.1s to go
on time step 6661 (time=138.771), 0.0572229 s/step
Meep progress: 140.229166666667/633.333343505859 = 22.1% done in 382.0s, 1343.2s to go
on time step 6731 (time=140.229), 0.0571997 s/step
Meep progress: 141.6875/633.333343505859 = 22.4% done in 386.0s, 1339.3s to go
on time step 6801 (time=141.688), 0.0571957 s/step
Meep progress: 143.166666666667/633.333343505859 = 22.6% done in 390.0s, 1335.3s to go
on time step 6872 (time=143.167), 0.0565372 s/step
Meep progress: 144.645833333333/633.333343505859 = 22.8% done in 394.0s, 1331.1s to go
on time step 6943 (time=144.646), 0.0563538 s/step
Meep progress: 146.125/633.333343505859 = 23.1% done in 398.0s, 1327.0s to go
on time step 7014 (time=146.125), 0.0563878 s/step
Meep progress: 147.604166666667/633.333343505859 = 23.3% done in 402.0s, 1322.9s to go
on time step 7085 (time=147.604), 0.0563815 s/step
Meep progress: 149.083333333333/633.333343505859 = 23.5% done in 406.0s, 1318.8s to go
on time step 7156 (time=149.083), 0.0563534 s/step
Meep progress: 150.583333333333/633.333343505859 = 23.8% done in 410.1s, 1314.6s to go
on time step 7228 (time=150.583), 0.0563071 s/step
Meep progress: 152.0625/633.333343505859 = 24.0% done in 414.1s, 1310.5s to go
on time step 7299 (time=152.062), 0.0563863 s/step
Meep progress: 153.5625/633.333343505859 = 24.2% done in 418.1s, 1306.3s to go
on time step 7371 (time=153.562), 0.0563174 s/step
Meep progress: 155.041666666667/633.333343505859 = 24.5% done in 422.1s, 1302.3s to go
on time step 7442 (time=155.042), 0.0566734 s/step
Meep progress: 156.541666666667/633.333343505859 = 24.7% done in 426.2s, 1298.1s to go
on time step 7514 (time=156.542), 0.0562393 s/step
Meep progress: 158.020833333333/633.333343505859 = 25.0% done in 430.2s, 1294.1s to go
on time step 7585 (time=158.021), 0.0567107 s/step
Meep progress: 159.5/633.333343505859 = 25.2% done in 434.2s, 1290.0s to go
on time step 7656 (time=159.5), 0.056677 s/step
Meep progress: 161.0/633.333343505859 = 25.4% done in 438.3s, 1285.8s to go
on time step 7728 (time=161), 0.0561711 s/step
Meep progress: 162.479166666667/633.333343505859 = 25.7% done in 442.3s, 1281.7s to go
on time step 7799 (time=162.479), 0.0564651 s/step
Meep progress: 163.958333333333/633.333343505859 = 25.9% done in 446.3s, 1277.7s to go
on time step 7870 (time=163.958), 0.0564028 s/step
Meep progress: 165.4375/633.333343505859 = 26.1% done in 450.3s, 1273.6s to go
on time step 7941 (time=165.438), 0.0565188 s/step
Meep progress: 166.916666666667/633.333343505859 = 26.4% done in 454.3s, 1269.5s to go
on time step 8012 (time=166.917), 0.0564463 s/step
Meep progress: 168.395833333333/633.333343505859 = 26.6% done in 458.3s, 1265.4s to go
on time step 8083 (time=168.396), 0.0564326 s/step
Meep progress: 169.875/633.333343505859 = 26.8% done in 462.3s, 1261.4s to go
on time step 8154 (time=169.875), 0.0564966 s/step
Meep progress: 171.354166666667/633.333343505859 = 27.1% done in 466.4s, 1257.3s to go
on time step 8225 (time=171.354), 0.0566539 s/step
Meep progress: 172.833333333333/633.333343505859 = 27.3% done in 470.4s, 1253.3s to go
on time step 8296 (time=172.833), 0.0564329 s/step
Meep progress: 174.3125/633.333343505859 = 27.5% done in 474.4s, 1249.2s to go
on time step 8367 (time=174.312), 0.0563639 s/step
Meep progress: 175.791666666667/633.333343505859 = 27.8% done in 478.4s, 1245.1s to go
on time step 8438 (time=175.792), 0.0563603 s/step
Meep progress: 177.270833333333/633.333343505859 = 28.0% done in 482.4s, 1241.0s to go
on time step 8509 (time=177.271), 0.0563422 s/step
Meep progress: 178.75/633.333343505859 = 28.2% done in 486.4s, 1236.9s to go
on time step 8580 (time=178.75), 0.0564284 s/step
Meep progress: 180.25/633.333343505859 = 28.5% done in 490.4s, 1232.8s to go
on time step 8652 (time=180.25), 0.0562809 s/step
Meep progress: 181.729166666667/633.333343505859 = 28.7% done in 494.4s, 1228.7s to go
on time step 8723 (time=181.729), 0.0564972 s/step
Meep progress: 183.208333333333/633.333343505859 = 28.9% done in 498.5s, 1224.6s to go
on time step 8794 (time=183.208), 0.0564667 s/step
Meep progress: 184.6875/633.333343505859 = 29.2% done in 502.5s, 1220.6s to go
on time step 8865 (time=184.688), 0.0563686 s/step
Meep progress: 186.166666666667/633.333343505859 = 29.4% done in 506.5s, 1216.5s to go
on time step 8936 (time=186.167), 0.0563538 s/step
Meep progress: 187.645833333333/633.333343505859 = 29.6% done in 510.5s, 1212.4s to go
on time step 9007 (time=187.646), 0.0564764 s/step
Meep progress: 189.125/633.333343505859 = 29.9% done in 514.5s, 1208.4s to go
on time step 9078 (time=189.125), 0.0563821 s/step
Meep progress: 190.604166666667/633.333343505859 = 30.1% done in 518.5s, 1204.3s to go
on time step 9149 (time=190.604), 0.0565295 s/step
Meep progress: 192.104166666667/633.333343505859 = 30.3% done in 522.5s, 1200.2s to go
on time step 9221 (time=192.104), 0.056301 s/step
Meep progress: 193.583333333333/633.333343505859 = 30.6% done in 526.5s, 1196.1s to go
on time step 9292 (time=193.583), 0.0565116 s/step
Meep progress: 195.083333333333/633.333343505859 = 30.8% done in 530.6s, 1192.0s to go
on time step 9364 (time=195.083), 0.0563231 s/step
Meep progress: 196.583333333333/633.333343505859 = 31.0% done in 534.6s, 1187.8s to go
on time step 9436 (time=196.583), 0.0560928 s/step
Meep progress: 198.0625/633.333343505859 = 31.3% done in 538.7s, 1183.8s to go
on time step 9507 (time=198.062), 0.0568127 s/step
Meep progress: 199.520833333333/633.333343505859 = 31.5% done in 542.7s, 1179.9s to go
on time step 9577 (time=199.521), 0.0572077 s/step
Meep progress: 200.979166666667/633.333343505859 = 31.7% done in 546.7s, 1176.0s to go
on time step 9647 (time=200.979), 0.0571689 s/step
Meep progress: 202.4375/633.333343505859 = 32.0% done in 550.7s, 1172.2s to go
on time step 9717 (time=202.438), 0.0571879 s/step
Meep progress: 203.916666666667/633.333343505859 = 32.2% done in 554.7s, 1168.2s to go
on time step 9788 (time=203.917), 0.0570918 s/step
Meep progress: 205.395833333333/633.333343505859 = 32.4% done in 558.8s, 1164.2s to go
on time step 9859 (time=205.396), 0.0571281 s/step
Meep progress: 206.854166666667/633.333343505859 = 32.7% done in 562.8s, 1160.3s to go
on time step 9929 (time=206.854), 0.0571533 s/step
Meep progress: 208.3125/633.333343505859 = 32.9% done in 566.8s, 1156.4s to go
on time step 9999 (time=208.312), 0.0571904 s/step
Meep progress: 209.770833333333/633.333343505859 = 33.1% done in 570.8s, 1152.5s to go
on time step 10069 (time=209.771), 0.0571677 s/step
Meep progress: 211.229166666667/633.333343505859 = 33.4% done in 574.8s, 1148.6s to go
on time step 10139 (time=211.229), 0.0571763 s/step
Meep progress: 212.708333333333/633.333343505859 = 33.6% done in 578.9s, 1144.7s to go
on time step 10210 (time=212.708), 0.0570688 s/step
Meep progress: 214.166666666667/633.333343505859 = 33.8% done in 582.9s, 1140.8s to go
on time step 10280 (time=214.167), 0.0571782 s/step
Meep progress: 215.625/633.333343505859 = 34.0% done in 586.9s, 1136.9s to go
on time step 10350 (time=215.625), 0.0571874 s/step
Meep progress: 217.083333333333/633.333343505859 = 34.3% done in 590.9s, 1133.0s to go
on time step 10420 (time=217.083), 0.0571942 s/step
Meep progress: 218.541666666667/633.333343505859 = 34.5% done in 594.9s, 1129.1s to go
on time step 10490 (time=218.542), 0.05716 s/step
Meep progress: 220.020833333333/633.333343505859 = 34.7% done in 598.9s, 1125.0s to go
on time step 10561 (time=220.021), 0.0564096 s/step
Meep progress: 221.5/633.333343505859 = 35.0% done in 602.9s, 1120.9s to go
on time step 10632 (time=221.5), 0.0564271 s/step
Meep progress: 222.979166666667/633.333343505859 = 35.2% done in 606.9s, 1116.9s to go
on time step 10703 (time=222.979), 0.0564429 s/step
Meep progress: 224.458333333333/633.333343505859 = 35.4% done in 610.9s, 1112.8s to go
on time step 10774 (time=224.458), 0.0564666 s/step
Meep progress: 225.9375/633.333343505859 = 35.7% done in 614.9s, 1108.8s to go
on time step 10845 (time=225.938), 0.0567203 s/step
Meep progress: 227.416666666667/633.333343505859 = 35.9% done in 618.9s, 1104.7s to go
on time step 10916 (time=227.417), 0.056428 s/step
Meep progress: 228.895833333333/633.333343505859 = 36.1% done in 623.0s, 1100.7s to go
on time step 10987 (time=228.896), 0.0566732 s/step
Meep progress: 230.375/633.333343505859 = 36.4% done in 627.0s, 1096.7s to go
on time step 11058 (time=230.375), 0.0571158 s/step
Meep progress: 231.854166666667/633.333343505859 = 36.6% done in 631.1s, 1092.7s to go
on time step 11129 (time=231.854), 0.0570449 s/step
Meep progress: 233.333333333333/633.333343505859 = 36.8% done in 635.1s, 1088.7s to go
on time step 11200 (time=233.333), 0.0565197 s/step
Meep progress: 234.8125/633.333343505859 = 37.1% done in 639.1s, 1084.6s to go
on time step 11271 (time=234.812), 0.0565582 s/step
Meep progress: 236.291666666667/633.333343505859 = 37.3% done in 643.1s, 1080.6s to go
on time step 11342 (time=236.292), 0.0566145 s/step
Meep progress: 237.791666666667/633.333343505859 = 37.5% done in 647.2s, 1076.5s to go
on time step 11414 (time=237.792), 0.0563205 s/step
Meep progress: 239.270833333333/633.333343505859 = 37.8% done in 651.2s, 1072.4s to go
on time step 11485 (time=239.271), 0.056477 s/step
Meep progress: 240.75/633.333343505859 = 38.0% done in 655.2s, 1068.4s to go
on time step 11556 (time=240.75), 0.0564845 s/step
Meep progress: 242.229166666667/633.333343505859 = 38.2% done in 659.2s, 1064.3s to go
on time step 11627 (time=242.229), 0.0564768 s/step
Meep progress: 243.729166666667/633.333343505859 = 38.5% done in 663.2s, 1060.2s to go
on time step 11699 (time=243.729), 0.0562764 s/step
Meep progress: 245.208333333333/633.333343505859 = 38.7% done in 667.3s, 1056.2s to go
on time step 11770 (time=245.208), 0.0565135 s/step
Meep progress: 246.708333333333/633.333343505859 = 39.0% done in 671.3s, 1052.0s to go
on time step 11842 (time=246.708), 0.0562057 s/step
Meep progress: 248.1875/633.333343505859 = 39.2% done in 675.3s, 1048.0s to go
on time step 11913 (time=248.188), 0.0566136 s/step
Meep progress: 249.666666666667/633.333343505859 = 39.4% done in 679.4s, 1044.0s to go
on time step 11984 (time=249.667), 0.0568201 s/step
Meep progress: 251.145833333333/633.333343505859 = 39.7% done in 683.4s, 1039.9s to go
on time step 12055 (time=251.146), 0.0563392 s/step
Meep progress: 252.625/633.333343505859 = 39.9% done in 687.4s, 1035.9s to go
on time step 12126 (time=252.625), 0.056495 s/step
Meep progress: 254.104166666667/633.333343505859 = 40.1% done in 691.4s, 1031.8s to go
on time step 12197 (time=254.104), 0.0564021 s/step
Meep progress: 255.583333333333/633.333343505859 = 40.4% done in 695.4s, 1027.8s to go
on time step 12268 (time=255.583), 0.0563941 s/step
Meep progress: 257.0625/633.333343505859 = 40.6% done in 699.4s, 1023.7s to go
on time step 12339 (time=257.062), 0.0563888 s/step
Meep progress: 258.541666666667/633.333343505859 = 40.8% done in 703.4s, 1019.7s to go
on time step 12410 (time=258.542), 0.0565103 s/step
Meep progress: 260.041666666667/633.333343505859 = 41.1% done in 707.4s, 1015.5s to go
on time step 12482 (time=260.042), 0.0560589 s/step
Meep progress: 261.520833333333/633.333343505859 = 41.3% done in 711.5s, 1011.5s to go
on time step 12553 (time=261.521), 0.056789 s/step
Meep progress: 263.020833333333/633.333343505859 = 41.5% done in 715.5s, 1007.4s to go
on time step 12625 (time=263.021), 0.0562015 s/step
Meep progress: 264.520833333333/633.333343505859 = 41.8% done in 719.6s, 1003.3s to go
on time step 12697 (time=264.521), 0.0562711 s/step
Meep progress: 266.0/633.333343505859 = 42.0% done in 723.6s, 999.3s to go
on time step 12768 (time=266), 0.0569757 s/step
Meep progress: 267.479166666667/633.333343505859 = 42.2% done in 727.7s, 995.3s to go
on time step 12839 (time=267.479), 0.0570619 s/step
Meep progress: 268.958333333333/633.333343505859 = 42.5% done in 731.7s, 991.3s to go
on time step 12910 (time=268.958), 0.0570562 s/step
Meep progress: 270.4375/633.333343505859 = 42.7% done in 735.8s, 987.3s to go
on time step 12981 (time=270.438), 0.0570908 s/step
Meep progress: 271.9375/633.333343505859 = 42.9% done in 739.8s, 983.2s to go
on time step 13053 (time=271.938), 0.0560037 s/step
Meep progress: 273.416666666667/633.333343505859 = 43.2% done in 743.8s, 979.1s to go
on time step 13124 (time=273.417), 0.0565926 s/step
Meep progress: 274.916666666667/633.333343505859 = 43.4% done in 747.9s, 975.0s to go
on time step 13196 (time=274.917), 0.0563222 s/step
Meep progress: 276.395833333333/633.333343505859 = 43.6% done in 751.9s, 971.0s to go
on time step 13267 (time=276.396), 0.0563544 s/step
Meep progress: 277.895833333333/633.333343505859 = 43.9% done in 755.9s, 966.8s to go
on time step 13339 (time=277.896), 0.0563178 s/step
Meep progress: 279.375/633.333343505859 = 44.1% done in 759.9s, 962.8s to go
on time step 13410 (time=279.375), 0.0563471 s/step
Meep progress: 280.875/633.333343505859 = 44.3% done in 764.0s, 958.7s to go
on time step 13482 (time=280.875), 0.056307 s/step
Meep progress: 282.354166666667/633.333343505859 = 44.6% done in 768.0s, 954.6s to go
on time step 13553 (time=282.354), 0.0565051 s/step
Meep progress: 283.833333333333/633.333343505859 = 44.8% done in 772.0s, 950.6s to go
on time step 13624 (time=283.833), 0.0566059 s/step
Meep progress: 285.3125/633.333343505859 = 45.0% done in 776.0s, 946.6s to go
on time step 13695 (time=285.312), 0.0563805 s/step
Meep progress: 286.8125/633.333343505859 = 45.3% done in 780.1s, 942.5s to go
on time step 13767 (time=286.812), 0.0562358 s/step
Meep progress: 288.3125/633.333343505859 = 45.5% done in 784.1s, 938.3s to go
on time step 13839 (time=288.312), 0.0563207 s/step
Meep progress: 289.8125/633.333343505859 = 45.8% done in 788.2s, 934.2s to go
on time step 13911 (time=289.812), 0.0562701 s/step
Meep progress: 291.3125/633.333343505859 = 46.0% done in 792.2s, 930.1s to go
on time step 13983 (time=291.312), 0.0562401 s/step
Meep progress: 292.8125/633.333343505859 = 46.2% done in 796.3s, 926.0s to go
on time step 14055 (time=292.812), 0.0563263 s/step
Meep progress: 294.291666666667/633.333343505859 = 46.5% done in 800.3s, 922.0s to go
on time step 14126 (time=294.292), 0.0563944 s/step
Meep progress: 295.770833333333/633.333343505859 = 46.7% done in 804.3s, 917.9s to go
on time step 14197 (time=295.771), 0.0563666 s/step
Meep progress: 297.25/633.333343505859 = 46.9% done in 808.3s, 913.9s to go
on time step 14268 (time=297.25), 0.056396 s/step
Meep progress: 298.75/633.333343505859 = 47.2% done in 812.3s, 909.7s to go
on time step 14340 (time=298.75), 0.0560343 s/step
Meep progress: 300.229166666667/633.333343505859 = 47.4% done in 816.4s, 905.7s to go
on time step 14411 (time=300.229), 0.0569257 s/step
Meep progress: 301.729166666667/633.333343505859 = 47.6% done in 820.4s, 901.6s to go
on time step 14483 (time=301.729), 0.0561697 s/step
Meep progress: 303.208333333333/633.333343505859 = 47.9% done in 824.4s, 897.6s to go
on time step 14554 (time=303.208), 0.0565436 s/step
Meep progress: 304.6875/633.333343505859 = 48.1% done in 828.4s, 893.6s to go
on time step 14625 (time=304.688), 0.0565537 s/step
Meep progress: 306.1875/633.333343505859 = 48.3% done in 832.5s, 889.5s to go
on time step 14697 (time=306.188), 0.0561041 s/step
Meep progress: 307.666666666667/633.333343505859 = 48.6% done in 836.5s, 885.4s to go
on time step 14768 (time=307.667), 0.0565641 s/step
Meep progress: 309.166666666667/633.333343505859 = 48.8% done in 840.5s, 881.3s to go
on time step 14840 (time=309.167), 0.0562409 s/step
Meep progress: 310.666666666667/633.333343505859 = 49.1% done in 844.6s, 877.2s to go
on time step 14912 (time=310.667), 0.0562743 s/step
Meep progress: 312.145833333333/633.333343505859 = 49.3% done in 848.6s, 873.2s to go
on time step 14983 (time=312.146), 0.0564113 s/step
Meep progress: 313.645833333333/633.333343505859 = 49.5% done in 852.6s, 869.1s to go
on time step 15055 (time=313.646), 0.0562993 s/step
Meep progress: 315.125/633.333343505859 = 49.8% done in 856.7s, 865.0s to go
on time step 15126 (time=315.125), 0.056387 s/step
Meep progress: 316.625/633.333343505859 = 50.0% done in 860.7s, 860.9s to go
on time step 15198 (time=316.625), 0.0562554 s/step
Meep progress: 318.104166666667/633.333343505859 = 50.2% done in 864.7s, 856.9s to go
on time step 15269 (time=318.104), 0.0564137 s/step
Meep progress: 319.583333333333/633.333343505859 = 50.5% done in 868.7s, 852.9s to go
on time step 15340 (time=319.583), 0.0563525 s/step
Meep progress: 321.083333333333/633.333343505859 = 50.7% done in 872.8s, 848.8s to go
on time step 15412 (time=321.083), 0.0563333 s/step
Meep progress: 322.583333333333/633.333343505859 = 50.9% done in 876.8s, 844.6s to go
on time step 15484 (time=322.583), 0.0559423 s/step
Meep progress: 324.0625/633.333343505859 = 51.2% done in 880.8s, 840.6s to go
on time step 15555 (time=324.062), 0.0563397 s/step
Meep progress: 325.5625/633.333343505859 = 51.4% done in 884.8s, 836.5s to go
on time step 15627 (time=325.562), 0.0562042 s/step
Meep progress: 327.0625/633.333343505859 = 51.6% done in 888.9s, 832.4s to go
on time step 15699 (time=327.062), 0.056264 s/step
Meep progress: 328.5625/633.333343505859 = 51.9% done in 892.9s, 828.3s to go
on time step 15771 (time=328.562), 0.0563251 s/step
Meep progress: 330.0625/633.333343505859 = 52.1% done in 897.0s, 824.2s to go
on time step 15843 (time=330.062), 0.0562915 s/step
Meep progress: 331.541666666667/633.333343505859 = 52.3% done in 901.0s, 820.2s to go
on time step 15914 (time=331.542), 0.0563561 s/step
Meep progress: 333.041666666667/633.333343505859 = 52.6% done in 905.1s, 816.1s to go
on time step 15986 (time=333.042), 0.0562725 s/step
Meep progress: 334.520833333333/633.333343505859 = 52.8% done in 909.1s, 812.0s to go
on time step 16057 (time=334.521), 0.0565822 s/step
Meep progress: 336.0/633.333343505859 = 53.1% done in 913.1s, 808.0s to go
on time step 16128 (time=336), 0.0563504 s/step
Meep progress: 337.5/633.333343505859 = 53.3% done in 917.1s, 803.9s to go
on time step 16200 (time=337.5), 0.0563064 s/step
Meep progress: 338.979166666667/633.333343505859 = 53.5% done in 921.1s, 799.9s to go
on time step 16271 (time=338.979), 0.05638 s/step
Meep progress: 340.479166666667/633.333343505859 = 53.8% done in 925.2s, 795.8s to go
on time step 16343 (time=340.479), 0.0563376 s/step
Meep progress: 341.958333333333/633.333343505859 = 54.0% done in 929.2s, 791.7s to go
on time step 16414 (time=341.958), 0.0563504 s/step
Meep progress: 343.458333333333/633.333343505859 = 54.2% done in 933.2s, 787.6s to go
on time step 16486 (time=343.458), 0.0564072 s/step
Meep progress: 344.958333333333/633.333343505859 = 54.5% done in 937.3s, 783.5s to go
on time step 16558 (time=344.958), 0.0561662 s/step
Meep progress: 346.458333333333/633.333343505859 = 54.7% done in 941.3s, 779.5s to go
on time step 16630 (time=346.458), 0.0563084 s/step
Meep progress: 347.958333333333/633.333343505859 = 54.9% done in 945.4s, 775.4s to go
on time step 16702 (time=347.958), 0.0562831 s/step
Meep progress: 349.458333333333/633.333343505859 = 55.2% done in 949.4s, 771.3s to go
on time step 16774 (time=349.458), 0.0561329 s/step
Meep progress: 350.9375/633.333343505859 = 55.4% done in 953.5s, 767.2s to go
on time step 16845 (time=350.938), 0.0568223 s/step
Meep progress: 352.416666666667/633.333343505859 = 55.6% done in 957.5s, 763.2s to go
on time step 16916 (time=352.417), 0.0568961 s/step
Meep progress: 353.916666666667/633.333343505859 = 55.9% done in 961.6s, 759.1s to go
on time step 16988 (time=353.917), 0.0561849 s/step
Meep progress: 355.395833333333/633.333343505859 = 56.1% done in 965.6s, 755.1s to go
on time step 17059 (time=355.396), 0.0565513 s/step
Meep progress: 356.895833333333/633.333343505859 = 56.4% done in 969.6s, 751.0s to go
on time step 17131 (time=356.896), 0.0561867 s/step
Meep progress: 358.375/633.333343505859 = 56.6% done in 973.7s, 747.0s to go
on time step 17202 (time=358.375), 0.0569058 s/step
Meep progress: 359.854166666667/633.333343505859 = 56.8% done in 977.7s, 743.0s to go
on time step 17273 (time=359.854), 0.0568299 s/step
Meep progress: 361.333333333333/633.333343505859 = 57.1% done in 981.7s, 739.0s to go
on time step 17344 (time=361.333), 0.0565808 s/step
Meep progress: 362.833333333333/633.333343505859 = 57.3% done in 985.8s, 734.9s to go
on time step 17416 (time=362.833), 0.0561849 s/step
Meep progress: 364.333333333333/633.333343505859 = 57.5% done in 989.8s, 730.8s to go
on time step 17488 (time=364.333), 0.0562563 s/step
Meep progress: 365.833333333333/633.333343505859 = 57.8% done in 993.9s, 726.7s to go
on time step 17560 (time=365.833), 0.0563257 s/step
Meep progress: 367.3125/633.333343505859 = 58.0% done in 997.9s, 722.7s to go
on time step 17631 (time=367.312), 0.056343 s/step
Meep progress: 368.8125/633.333343505859 = 58.2% done in 1001.9s, 718.6s to go
on time step 17703 (time=368.812), 0.0562931 s/step
Meep progress: 370.3125/633.333343505859 = 58.5% done in 1006.0s, 714.5s to go
on time step 17775 (time=370.312), 0.0563294 s/step
Meep progress: 371.8125/633.333343505859 = 58.7% done in 1010.0s, 710.4s to go
on time step 17847 (time=371.812), 0.0563286 s/step
Meep progress: 373.3125/633.333343505859 = 58.9% done in 1014.1s, 706.3s to go
on time step 17919 (time=373.312), 0.0562338 s/step
Meep progress: 374.8125/633.333343505859 = 59.2% done in 1018.1s, 702.2s to go
on time step 17991 (time=374.812), 0.0562093 s/step
Meep progress: 376.3125/633.333343505859 = 59.4% done in 1022.2s, 698.1s to go
on time step 18063 (time=376.312), 0.0563047 s/step
Meep progress: 377.8125/633.333343505859 = 59.7% done in 1026.2s, 694.1s to go
on time step 18135 (time=377.812), 0.056321 s/step
Meep progress: 379.3125/633.333343505859 = 59.9% done in 1030.3s, 690.0s to go
on time step 18207 (time=379.312), 0.056328 s/step
Meep progress: 380.8125/633.333343505859 = 60.1% done in 1034.3s, 685.9s to go
on time step 18279 (time=380.812), 0.0563087 s/step
Meep progress: 382.291666666667/633.333343505859 = 60.4% done in 1038.3s, 681.8s to go
on time step 18351 (time=382.312), 0.0561874 s/step
Meep progress: 383.770833333333/633.333343505859 = 60.6% done in 1042.3s, 677.8s to go
on time step 18422 (time=383.792), 0.0564496 s/step
Meep progress: 385.25/633.333343505859 = 60.8% done in 1046.3s, 673.8s to go
on time step 18493 (time=385.271), 0.0564125 s/step
Meep progress: 386.75/633.333343505859 = 61.1% done in 1050.4s, 669.7s to go
on time step 18565 (time=386.771), 0.0563414 s/step
Meep progress: 388.25/633.333343505859 = 61.3% done in 1054.5s, 665.6s to go
on time step 18637 (time=388.271), 0.0563064 s/step
Meep progress: 389.729166666667/633.333343505859 = 61.5% done in 1058.5s, 661.6s to go
on time step 18708 (time=389.75), 0.0564825 s/step
Meep progress: 391.208333333333/633.333343505859 = 61.8% done in 1062.5s, 657.6s to go
on time step 18779 (time=391.229), 0.0570701 s/step
Meep progress: 392.6875/633.333343505859 = 62.0% done in 1066.6s, 653.6s to go
on time step 18850 (time=392.708), 0.057066 s/step
Meep progress: 394.166666666667/633.333343505859 = 62.2% done in 1070.6s, 649.6s to go
on time step 18921 (time=394.188), 0.057076 s/step
Meep progress: 395.645833333333/633.333343505859 = 62.5% done in 1074.7s, 645.6s to go
on time step 18992 (time=395.667), 0.0570996 s/step
Meep progress: 397.125/633.333343505859 = 62.7% done in 1078.7s, 641.6s to go
on time step 19063 (time=397.146), 0.0570605 s/step
Meep progress: 398.604166666667/633.333343505859 = 62.9% done in 1082.8s, 637.6s to go
on time step 19134 (time=398.625), 0.056866 s/step
Meep progress: 400.104166666667/633.333343505859 = 63.2% done in 1086.8s, 633.5s to go
on time step 19206 (time=400.125), 0.0561846 s/step
Meep progress: 401.583333333333/633.333343505859 = 63.4% done in 1090.8s, 629.5s to go
on time step 19277 (time=401.604), 0.056346 s/step
Meep progress: 403.0625/633.333343505859 = 63.6% done in 1094.8s, 625.5s to go
on time step 19348 (time=403.083), 0.0563597 s/step
Meep progress: 404.5625/633.333343505859 = 63.9% done in 1098.9s, 621.4s to go
on time step 19420 (time=404.583), 0.0563297 s/step
Meep progress: 406.0625/633.333343505859 = 64.1% done in 1102.9s, 617.3s to go
on time step 19492 (time=406.083), 0.0563286 s/step
Meep progress: 407.541666666667/633.333343505859 = 64.3% done in 1106.9s, 613.3s to go
on time step 19563 (time=407.562), 0.056436 s/step
Meep progress: 409.041666666667/633.333343505859 = 64.6% done in 1111.0s, 609.2s to go
on time step 19635 (time=409.062), 0.0560606 s/step
Meep progress: 410.520833333333/633.333343505859 = 64.8% done in 1115.0s, 605.2s to go
on time step 19706 (time=410.542), 0.0570051 s/step
Meep progress: 412.0/633.333343505859 = 65.1% done in 1119.0s, 601.2s to go
on time step 19777 (time=412.021), 0.0565747 s/step
Meep progress: 413.479166666667/633.333343505859 = 65.3% done in 1123.0s, 597.1s to go
on time step 19848 (time=413.5), 0.0564212 s/step
Meep progress: 414.979166666667/633.333343505859 = 65.5% done in 1127.1s, 593.1s to go
on time step 19920 (time=415), 0.0562331 s/step
Meep progress: 416.458333333333/633.333343505859 = 65.8% done in 1131.1s, 589.0s to go
on time step 19991 (time=416.479), 0.0567305 s/step
Meep progress: 417.9375/633.333343505859 = 66.0% done in 1135.2s, 585.0s to go
on time step 20062 (time=417.958), 0.0569682 s/step
Meep progress: 419.416666666667/633.333343505859 = 66.2% done in 1139.2s, 581.0s to go
on time step 20133 (time=419.438), 0.0564032 s/step
Meep progress: 420.895833333333/633.333343505859 = 66.5% done in 1143.2s, 577.0s to go
on time step 20204 (time=420.917), 0.0564485 s/step
Meep progress: 422.375/633.333343505859 = 66.7% done in 1147.2s, 573.0s to go
on time step 20275 (time=422.396), 0.0563467 s/step
Meep progress: 423.854166666667/633.333343505859 = 66.9% done in 1151.2s, 568.9s to go
on time step 20346 (time=423.875), 0.0563542 s/step
Meep progress: 425.354166666667/633.333343505859 = 67.2% done in 1155.2s, 564.9s to go
on time step 20418 (time=425.375), 0.0562825 s/step
Meep progress: 426.833333333333/633.333343505859 = 67.4% done in 1159.2s, 560.8s to go
on time step 20489 (time=426.854), 0.0565536 s/step
Meep progress: 428.3125/633.333343505859 = 67.6% done in 1163.3s, 556.8s to go
on time step 20560 (time=428.333), 0.0566314 s/step
Meep progress: 429.8125/633.333343505859 = 67.9% done in 1167.3s, 552.7s to go
on time step 20632 (time=429.833), 0.0560034 s/step
Meep progress: 431.291666666667/633.333343505859 = 68.1% done in 1171.3s, 548.7s to go
on time step 20703 (time=431.312), 0.0566256 s/step
Meep progress: 432.791666666667/633.333343505859 = 68.3% done in 1175.4s, 544.6s to go
on time step 20775 (time=432.812), 0.0562398 s/step
Meep progress: 434.270833333333/633.333343505859 = 68.6% done in 1179.4s, 540.6s to go
on time step 20847 (time=434.312), 0.056332 s/step
Meep progress: 435.770833333333/633.333343505859 = 68.8% done in 1183.4s, 536.5s to go
on time step 20919 (time=435.812), 0.0562613 s/step
Meep progress: 437.25/633.333343505859 = 69.0% done in 1187.4s, 532.5s to go
on time step 20990 (time=437.292), 0.0564336 s/step
Meep progress: 438.729166666667/633.333343505859 = 69.3% done in 1191.5s, 528.5s to go
on time step 21061 (time=438.771), 0.0566844 s/step
Meep progress: 440.208333333333/633.333343505859 = 69.5% done in 1195.5s, 524.5s to go
on time step 21132 (time=440.25), 0.056358 s/step
Meep progress: 441.708333333333/633.333343505859 = 69.7% done in 1199.5s, 520.4s to go
on time step 21204 (time=441.75), 0.056256 s/step
Meep progress: 443.208333333333/633.333343505859 = 70.0% done in 1203.6s, 516.3s to go
on time step 21276 (time=443.25), 0.0562407 s/step
Meep progress: 444.708333333333/633.333343505859 = 70.2% done in 1207.6s, 512.2s to go
on time step 21348 (time=444.75), 0.0562336 s/step
Meep progress: 446.208333333333/633.333343505859 = 70.5% done in 1211.7s, 508.1s to go
on time step 21420 (time=446.25), 0.0562719 s/step
Meep progress: 447.708333333333/633.333343505859 = 70.7% done in 1215.7s, 504.0s to go
on time step 21492 (time=447.75), 0.0562225 s/step
Meep progress: 449.208333333333/633.333343505859 = 70.9% done in 1219.8s, 500.0s to go
on time step 21564 (time=449.25), 0.0562425 s/step
Meep progress: 450.6875/633.333343505859 = 71.2% done in 1223.8s, 495.9s to go
on time step 21635 (time=450.729), 0.0563817 s/step
Meep progress: 452.166666666667/633.333343505859 = 71.4% done in 1227.8s, 491.9s to go
on time step 21706 (time=452.208), 0.0564048 s/step
Meep progress: 453.666666666667/633.333343505859 = 71.6% done in 1231.8s, 487.8s to go
on time step 21778 (time=453.708), 0.0562023 s/step
Meep progress: 455.145833333333/633.333343505859 = 71.9% done in 1235.8s, 483.8s to go
on time step 21849 (time=455.188), 0.0565071 s/step
Meep progress: 456.645833333333/633.333343505859 = 72.1% done in 1239.9s, 479.7s to go
on time step 21921 (time=456.688), 0.0561068 s/step
Meep progress: 458.125/633.333343505859 = 72.3% done in 1243.9s, 475.7s to go
on time step 21992 (time=458.167), 0.0565775 s/step
Meep progress: 459.604166666667/633.333343505859 = 72.6% done in 1247.9s, 471.7s to go
on time step 22063 (time=459.646), 0.0570767 s/step
Meep progress: 461.083333333333/633.333343505859 = 72.8% done in 1252.0s, 467.7s to go
on time step 22134 (time=461.125), 0.0571219 s/step
Meep progress: 462.541666666667/633.333343505859 = 73.0% done in 1256.0s, 463.8s to go
on time step 22204 (time=462.583), 0.0572111 s/step
Meep progress: 464.020833333333/633.333343505859 = 73.3% done in 1260.0s, 459.7s to go
on time step 22275 (time=464.062), 0.0564383 s/step
Meep progress: 465.520833333333/633.333343505859 = 73.5% done in 1264.0s, 455.7s to go
on time step 22347 (time=465.562), 0.056159 s/step
Meep progress: 467.0/633.333343505859 = 73.7% done in 1268.1s, 451.7s to go
on time step 22418 (time=467.042), 0.0567177 s/step
Meep progress: 468.5/633.333343505859 = 74.0% done in 1272.1s, 447.6s to go
on time step 22489 (time=468.521), 0.0563506 s/step
Meep progress: 469.979166666667/633.333343505859 = 74.2% done in 1276.2s, 443.6s to go
on time step 22560 (time=470), 0.0570124 s/step
Meep progress: 471.458333333333/633.333343505859 = 74.4% done in 1280.2s, 439.6s to go
on time step 22631 (time=471.479), 0.0571074 s/step
Meep progress: 472.9375/633.333343505859 = 74.7% done in 1284.3s, 435.6s to go
on time step 22702 (time=472.958), 0.0571304 s/step
Meep progress: 474.416666666667/633.333343505859 = 74.9% done in 1288.3s, 431.6s to go
on time step 22773 (time=474.438), 0.0571259 s/step
Meep progress: 475.895833333333/633.333343505859 = 75.1% done in 1292.4s, 427.6s to go
on time step 22844 (time=475.917), 0.0570798 s/step
Meep progress: 477.375/633.333343505859 = 75.4% done in 1296.4s, 423.5s to go
on time step 22915 (time=477.396), 0.0565738 s/step
Meep progress: 478.875/633.333343505859 = 75.6% done in 1300.4s, 419.4s to go
on time step 22987 (time=478.896), 0.0558841 s/step
Meep progress: 480.375/633.333343505859 = 75.8% done in 1304.5s, 415.4s to go
on time step 23059 (time=480.396), 0.0561777 s/step
Meep progress: 481.854166666667/633.333343505859 = 76.1% done in 1308.5s, 411.3s to go
on time step 23130 (time=481.875), 0.0563943 s/step
Meep progress: 483.333333333333/633.333343505859 = 76.3% done in 1312.5s, 407.3s to go
on time step 23201 (time=483.354), 0.0564219 s/step
Meep progress: 484.8125/633.333343505859 = 76.5% done in 1316.5s, 403.3s to go
on time step 23272 (time=484.833), 0.0563438 s/step
Meep progress: 486.3125/633.333343505859 = 76.8% done in 1320.5s, 399.2s to go
on time step 23344 (time=486.333), 0.0562546 s/step
Meep progress: 487.8125/633.333343505859 = 77.0% done in 1324.6s, 395.1s to go
on time step 23416 (time=487.833), 0.0561857 s/step
Meep progress: 489.3125/633.333343505859 = 77.3% done in 1328.6s, 391.1s to go
on time step 23488 (time=489.333), 0.0561201 s/step
Meep progress: 490.791666666667/633.333343505859 = 77.5% done in 1332.6s, 387.0s to go
on time step 23559 (time=490.812), 0.0564651 s/step
Meep progress: 492.291666666667/633.333343505859 = 77.7% done in 1336.7s, 383.0s to go
on time step 23631 (time=492.312), 0.0561917 s/step
Meep progress: 493.770833333333/633.333343505859 = 78.0% done in 1340.7s, 379.0s to go
on time step 23702 (time=493.792), 0.0570095 s/step
Meep progress: 495.25/633.333343505859 = 78.2% done in 1344.8s, 374.9s to go
on time step 23773 (time=495.271), 0.0570919 s/step
Meep progress: 496.729166666667/633.333343505859 = 78.4% done in 1348.8s, 370.9s to go
on time step 23844 (time=496.75), 0.0571263 s/step
Meep progress: 498.208333333333/633.333343505859 = 78.7% done in 1352.9s, 366.9s to go
on time step 23915 (time=498.229), 0.0571022 s/step
Meep progress: 499.666666666667/633.333343505859 = 78.9% done in 1356.9s, 363.0s to go
on time step 23985 (time=499.688), 0.0571491 s/step
Meep progress: 501.145833333333/633.333343505859 = 79.1% done in 1361.0s, 359.0s to go
on time step 24055 (time=501.146), 0.0571632 s/step
Meep progress: 502.625/633.333343505859 = 79.4% done in 1365.0s, 355.0s to go
on time step 24126 (time=502.625), 0.0570033 s/step
Meep progress: 504.104166666667/633.333343505859 = 79.6% done in 1369.0s, 351.0s to go
on time step 24197 (time=504.104), 0.0564166 s/step
Meep progress: 505.604166666667/633.333343505859 = 79.8% done in 1373.1s, 346.9s to go
on time step 24269 (time=505.604), 0.056287 s/step
Meep progress: 507.104166666667/633.333343505859 = 80.1% done in 1377.1s, 342.8s to go
on time step 24341 (time=507.104), 0.0562486 s/step
Meep progress: 508.604166666667/633.333343505859 = 80.3% done in 1381.2s, 338.7s to go
on time step 24413 (time=508.604), 0.0563052 s/step
Meep progress: 510.083333333333/633.333343505859 = 80.5% done in 1385.2s, 334.7s to go
on time step 24484 (time=510.083), 0.0564892 s/step
Meep progress: 511.583333333333/633.333343505859 = 80.8% done in 1389.2s, 330.6s to go
on time step 24556 (time=511.583), 0.0562178 s/step
Meep progress: 513.083333333333/633.333343505859 = 81.0% done in 1393.3s, 326.5s to go
on time step 24628 (time=513.083), 0.0561367 s/step
Meep progress: 514.583333333333/633.333343505859 = 81.2% done in 1397.3s, 322.5s to go
on time step 24700 (time=514.583), 0.0561823 s/step
Meep progress: 516.0625/633.333343505859 = 81.5% done in 1401.3s, 318.4s to go
on time step 24771 (time=516.062), 0.0567364 s/step
Meep progress: 517.541666666667/633.333343505859 = 81.7% done in 1405.4s, 314.4s to go
on time step 24842 (time=517.542), 0.0565411 s/step
Meep progress: 519.020833333333/633.333343505859 = 82.0% done in 1409.4s, 310.4s to go
on time step 24913 (time=519.021), 0.0564926 s/step
Meep progress: 520.5/633.333343505859 = 82.2% done in 1413.4s, 306.4s to go
on time step 24984 (time=520.5), 0.0564008 s/step
Meep progress: 521.979166666667/633.333343505859 = 82.4% done in 1417.4s, 302.4s to go
on time step 25055 (time=521.979), 0.0564714 s/step
Meep progress: 523.458333333333/633.333343505859 = 82.7% done in 1421.4s, 298.4s to go
on time step 25126 (time=523.458), 0.0564396 s/step
Meep progress: 524.9375/633.333343505859 = 82.9% done in 1425.4s, 294.3s to go
on time step 25197 (time=524.938), 0.0564561 s/step
Meep progress: 526.4375/633.333343505859 = 83.1% done in 1429.4s, 290.3s to go
on time step 25269 (time=526.438), 0.056245 s/step
Meep progress: 527.9375/633.333343505859 = 83.4% done in 1433.5s, 286.2s to go
on time step 25341 (time=527.938), 0.0561736 s/step
Meep progress: 529.416666666667/633.333343505859 = 83.6% done in 1437.5s, 282.2s to go
on time step 25412 (time=529.417), 0.0563463 s/step
Meep progress: 530.916666666667/633.333343505859 = 83.8% done in 1441.5s, 278.1s to go
on time step 25484 (time=530.917), 0.0562388 s/step
Meep progress: 532.395833333333/633.333343505859 = 84.1% done in 1445.5s, 274.1s to go
on time step 25555 (time=532.396), 0.0563479 s/step
Meep progress: 533.875/633.333343505859 = 84.3% done in 1449.5s, 270.0s to go
on time step 25626 (time=533.875), 0.0563454 s/step
Meep progress: 535.354166666667/633.333343505859 = 84.5% done in 1453.6s, 266.0s to go
on time step 25697 (time=535.354), 0.0565525 s/step
Meep progress: 536.854166666667/633.333343505859 = 84.8% done in 1457.6s, 261.9s to go
on time step 25769 (time=536.854), 0.0562878 s/step
Meep progress: 538.354166666667/633.333343505859 = 85.0% done in 1461.7s, 257.9s to go
on time step 25841 (time=538.354), 0.0563284 s/step
Meep progress: 539.833333333333/633.333343505859 = 85.2% done in 1465.7s, 253.9s to go
on time step 25912 (time=539.833), 0.0564755 s/step
Meep progress: 541.333333333333/633.333343505859 = 85.5% done in 1469.7s, 249.8s to go
on time step 25984 (time=541.333), 0.0562673 s/step
Meep progress: 542.8125/633.333343505859 = 85.7% done in 1473.7s, 245.8s to go
on time step 26055 (time=542.812), 0.0563671 s/step
Meep progress: 544.291666666667/633.333343505859 = 85.9% done in 1477.7s, 241.7s to go
on time step 26126 (time=544.292), 0.0564278 s/step
Meep progress: 545.770833333333/633.333343505859 = 86.2% done in 1481.7s, 237.7s to go
on time step 26197 (time=545.771), 0.0564325 s/step
Meep progress: 547.25/633.333343505859 = 86.4% done in 1485.8s, 233.7s to go
on time step 26268 (time=547.25), 0.0568749 s/step
Meep progress: 548.708333333333/633.333343505859 = 86.6% done in 1489.8s, 229.8s to go
on time step 26338 (time=548.708), 0.0572263 s/step
Meep progress: 550.166666666667/633.333343505859 = 86.9% done in 1493.8s, 225.8s to go
on time step 26408 (time=550.167), 0.0572399 s/step
Meep progress: 551.625/633.333343505859 = 87.1% done in 1497.8s, 221.9s to go
on time step 26478 (time=551.625), 0.0572439 s/step
Meep progress: 553.083333333333/633.333343505859 = 87.3% done in 1501.8s, 217.9s to go
on time step 26548 (time=553.083), 0.0571951 s/step
Meep progress: 554.541666666667/633.333343505859 = 87.6% done in 1505.8s, 214.0s to go
on time step 26618 (time=554.542), 0.0572399 s/step
Meep progress: 556.0/633.333343505859 = 87.8% done in 1509.8s, 210.0s to go
on time step 26688 (time=556), 0.0572152 s/step
Meep progress: 557.458333333333/633.333343505859 = 88.0% done in 1513.8s, 206.0s to go
on time step 26758 (time=557.458), 0.0572357 s/step
Meep progress: 558.916666666667/633.333343505859 = 88.2% done in 1517.8s, 202.1s to go
on time step 26828 (time=558.917), 0.057208 s/step
Meep progress: 560.395833333333/633.333343505859 = 88.5% done in 1521.9s, 198.1s to go
on time step 26899 (time=560.396), 0.0569197 s/step
Meep progress: 561.895833333333/633.333343505859 = 88.7% done in 1525.9s, 194.0s to go
on time step 26971 (time=561.896), 0.0562255 s/step
Meep progress: 563.375/633.333343505859 = 89.0% done in 1530.0s, 190.0s to go
on time step 27042 (time=563.375), 0.0570658 s/step
Meep progress: 564.833333333333/633.333343505859 = 89.2% done in 1534.0s, 186.0s to go
on time step 27112 (time=564.833), 0.0572539 s/step
Meep progress: 566.291666666667/633.333343505859 = 89.4% done in 1538.0s, 182.1s to go
on time step 27182 (time=566.292), 0.0572079 s/step
Meep progress: 567.75/633.333343505859 = 89.6% done in 1542.0s, 178.1s to go
on time step 27252 (time=567.75), 0.0572275 s/step
Meep progress: 569.208333333333/633.333343505859 = 89.9% done in 1546.0s, 174.2s to go
on time step 27322 (time=569.208), 0.0572192 s/step
Meep progress: 570.666666666667/633.333343505859 = 90.1% done in 1550.0s, 170.2s to go
on time step 27392 (time=570.667), 0.0572316 s/step
Meep progress: 572.125/633.333343505859 = 90.3% done in 1554.0s, 166.3s to go
on time step 27462 (time=572.125), 0.0572337 s/step
Meep progress: 573.583333333333/633.333343505859 = 90.6% done in 1558.0s, 162.3s to go
on time step 27532 (time=573.583), 0.0572244 s/step
Meep progress: 575.041666666667/633.333343505859 = 90.8% done in 1562.0s, 158.3s to go
on time step 27602 (time=575.042), 0.0572272 s/step
Meep progress: 576.5/633.333343505859 = 91.0% done in 1566.0s, 154.4s to go
on time step 27672 (time=576.5), 0.0572492 s/step
Meep progress: 577.958333333333/633.333343505859 = 91.3% done in 1570.0s, 150.4s to go
on time step 27742 (time=577.958), 0.057237 s/step
Meep progress: 579.4375/633.333343505859 = 91.5% done in 1574.1s, 146.4s to go
on time step 27813 (time=579.438), 0.0568599 s/step
Meep progress: 580.916666666667/633.333343505859 = 91.7% done in 1578.1s, 142.4s to go
on time step 27884 (time=580.917), 0.056651 s/step
Meep progress: 582.395833333333/633.333343505859 = 92.0% done in 1582.1s, 138.4s to go
on time step 27955 (time=582.396), 0.05643 s/step
Meep progress: 583.875/633.333343505859 = 92.2% done in 1586.1s, 134.4s to go
on time step 28026 (time=583.875), 0.0563963 s/step
Meep progress: 585.354166666667/633.333343505859 = 92.4% done in 1590.1s, 130.3s to go
on time step 28097 (time=585.354), 0.0564134 s/step
Meep progress: 586.833333333333/633.333343505859 = 92.7% done in 1594.1s, 126.3s to go
on time step 28168 (time=586.833), 0.0564355 s/step
Meep progress: 588.3125/633.333343505859 = 92.9% done in 1598.1s, 122.3s to go
on time step 28239 (time=588.312), 0.056395 s/step
Meep progress: 589.791666666667/633.333343505859 = 93.1% done in 1602.1s, 118.3s to go
on time step 28310 (time=589.792), 0.0563875 s/step
Meep progress: 591.270833333333/633.333343505859 = 93.4% done in 1606.1s, 114.3s to go
on time step 28381 (time=591.271), 0.0563984 s/step
Meep progress: 592.75/633.333343505859 = 93.6% done in 1610.1s, 110.2s to go
on time step 28452 (time=592.75), 0.0564052 s/step
Meep progress: 594.25/633.333343505859 = 93.8% done in 1614.2s, 106.2s to go
on time step 28524 (time=594.25), 0.0562418 s/step
Meep progress: 595.729166666667/633.333343505859 = 94.1% done in 1618.2s, 102.1s to go
on time step 28595 (time=595.729), 0.0567306 s/step
Meep progress: 597.1875/633.333343505859 = 94.3% done in 1622.2s, 98.2s to go
on time step 28665 (time=597.188), 0.057187 s/step
Meep progress: 598.645833333333/633.333343505859 = 94.5% done in 1626.2s, 94.2s to go
on time step 28735 (time=598.646), 0.0572031 s/step
Meep progress: 600.104166666667/633.333343505859 = 94.8% done in 1630.2s, 90.3s to go
on time step 28805 (time=600.104), 0.057182 s/step
Meep progress: 601.5625/633.333343505859 = 95.0% done in 1634.2s, 86.3s to go
on time step 28875 (time=601.562), 0.0572146 s/step
Meep progress: 603.020833333333/633.333343505859 = 95.2% done in 1638.2s, 82.3s to go
on time step 28945 (time=603.021), 0.0572261 s/step
Meep progress: 604.479166666667/633.333343505859 = 95.4% done in 1642.2s, 78.4s to go
on time step 29015 (time=604.479), 0.0572238 s/step
Meep progress: 605.9375/633.333343505859 = 95.7% done in 1646.2s, 74.4s to go
on time step 29085 (time=605.938), 0.0571572 s/step
Meep progress: 607.416666666667/633.333343505859 = 95.9% done in 1650.3s, 70.4s to go
on time step 29156 (time=607.417), 0.0566183 s/step
Meep progress: 608.895833333333/633.333343505859 = 96.1% done in 1654.3s, 66.4s to go
on time step 29227 (time=608.896), 0.056362 s/step
Meep progress: 610.395833333333/633.333343505859 = 96.4% done in 1658.3s, 62.3s to go
on time step 29299 (time=610.396), 0.0563289 s/step
Meep progress: 611.875/633.333343505859 = 96.6% done in 1662.3s, 58.3s to go
on time step 29370 (time=611.875), 0.0565574 s/step
Meep progress: 613.354166666667/633.333343505859 = 96.8% done in 1666.3s, 54.3s to go
on time step 29441 (time=613.354), 0.0565757 s/step
Meep progress: 614.833333333333/633.333343505859 = 97.1% done in 1670.4s, 50.3s to go
on time step 29512 (time=614.833), 0.0565189 s/step
Meep progress: 616.3125/633.333343505859 = 97.3% done in 1674.4s, 46.2s to go
on time step 29583 (time=616.312), 0.0563795 s/step
Meep progress: 617.791666666667/633.333343505859 = 97.5% done in 1678.4s, 42.2s to go
on time step 29654 (time=617.792), 0.0564898 s/step
Meep progress: 619.270833333333/633.333343505859 = 97.8% done in 1682.4s, 38.2s to go
on time step 29725 (time=619.271), 0.056527 s/step
Meep progress: 620.770833333333/633.333343505859 = 98.0% done in 1686.4s, 34.1s to go
on time step 29797 (time=620.771), 0.0563418 s/step
Meep progress: 622.25/633.333343505859 = 98.2% done in 1690.4s, 30.1s to go
on time step 29868 (time=622.25), 0.0564794 s/step
Meep progress: 623.75/633.333343505859 = 98.5% done in 1694.5s, 26.0s to go
on time step 29940 (time=623.75), 0.0563198 s/step
Meep progress: 625.229166666667/633.333343505859 = 98.7% done in 1698.5s, 22.0s to go
on time step 30011 (time=625.229), 0.0564121 s/step
Meep progress: 626.729166666667/633.333343505859 = 99.0% done in 1702.6s, 17.9s to go
on time step 30083 (time=626.729), 0.056205 s/step
Meep progress: 628.229166666667/633.333343505859 = 99.2% done in 1706.6s, 13.9s to go
on time step 30155 (time=628.229), 0.0561971 s/step
Meep progress: 629.708333333333/633.333343505859 = 99.4% done in 1710.6s, 9.8s to go
on time step 30226 (time=629.708), 0.0565527 s/step
Meep progress: 631.1875/633.333343505859 = 99.7% done in 1714.6s, 5.8s to go
on time step 30297 (time=631.188), 0.0564723 s/step
Meep progress: 632.6875/633.333343505859 = 99.9% done in 1718.7s, 1.8s to go
on time step 30369 (time=632.688), 0.0559062 s/step
harminv0:, frequency, imag. freq., Q, |amp|, amplitude, error
harminv0:, 0.456389171771616, -3.82943119647947e-7, 595896.8164661, 18.8064989291361, -10.7340742573275+15.4422813019895i, 1.16434908538483e-11
run 0 finished at t = 633.354166666667 (30401 timesteps)

Elapsed run time = 1721.73 s

Some deprecated features have been used.  Set the environment
variable GUILE_WARN_DEPRECATED to "detailed" and rerun the
program to get more information.  Set it to "no" to suppress
this message.

Some deprecated features have been used.  Set the environment
variable GUILE_WARN_DEPRECATED to "detailed" and rerun the
program to get more information.  Set it to "no" to suppress
this message.
