wade: kx = 0.27200 ; ky = 0 
Using MPI version 2.1, 2 processes
command-line param: kx=0.27200
command-line param: ky=0
command-line param: fcen=0.455311
command-line param: kx=0.27200
command-line param: ky=0
command-line param: fcen=0.455311
-----------
Initializing structure...
Working in 3D dimensions.
Computational cell is 1 x 1 x 15 with resolution 24
     block, center = (0,0,3.75)
          size (1e+20,1e+20,7.5)
          axes (1,0,0), (0,1,0), (0,0,1)
          dielectric constant epsilon diagonal = (2.12576,2.12576,2.12576)
     block, center = (0,0,-3.75)
          size (1e+20,1e+20,7.5)
          axes (1,0,0), (0,1,0), (0,0,1)
          dielectric constant epsilon diagonal = (2.12576,2.12576,2.12576)
     block, center = (0,0,0)
          size (1e+20,1e+20,0.533333)
          axes (1,0,0), (0,1,0), (0,0,1)
          dielectric constant epsilon diagonal = (4.07232,4.07232,4.07232)
     cylinder, center = (0,0,0)
          radius 0.238095, height 1.06667, axis (0.0871557, 0, 0.996195)
          dielectric constant epsilon diagonal = (2.12576,2.12576,2.12576)
time for set_epsilon = 1.29291 s
-----------
Meep progress: 1.375/633.333343505859 = 0.2% done in 4.0s, 1845.3s to go
on time step 66 (time=1.375), 0.060838 s/step
Meep progress: 2.875/633.333343505859 = 0.5% done in 8.1s, 1769.6s to go
on time step 138 (time=2.875), 0.0563106 s/step
Meep progress: 4.35416666666667/633.333343505859 = 0.7% done in 12.1s, 1744.9s to go
on time step 209 (time=4.35417), 0.0564756 s/step
Meep progress: 5.83333333333333/633.333343505859 = 0.9% done in 16.1s, 1730.8s to go
on time step 280 (time=5.83333), 0.0564875 s/step
Meep progress: 7.3125/633.333343505859 = 1.2% done in 20.1s, 1720.9s to go
on time step 351 (time=7.3125), 0.056496 s/step
Meep progress: 8.79166666666667/633.333343505859 = 1.4% done in 24.1s, 1712.5s to go
on time step 422 (time=8.79167), 0.0564206 s/step
Meep progress: 10.2708333333333/633.333343505859 = 1.6% done in 28.1s, 1706.0s to go
on time step 493 (time=10.2708), 0.0565561 s/step
Meep progress: 11.75/633.333343505859 = 1.9% done in 32.2s, 1701.5s to go
on time step 564 (time=11.75), 0.0569168 s/step
Meep progress: 13.2291666666667/633.333343505859 = 2.1% done in 36.2s, 1697.3s to go
on time step 635 (time=13.2292), 0.0569769 s/step
Meep progress: 14.7083333333333/633.333343505859 = 2.3% done in 40.2s, 1692.0s to go
on time step 706 (time=14.7083), 0.0566069 s/step
Meep progress: 16.1875/633.333343505859 = 2.6% done in 44.2s, 1687.0s to go
on time step 777 (time=16.1875), 0.0566286 s/step
Meep progress: 17.6666666666667/633.333343505859 = 2.8% done in 48.3s, 1681.7s to go
on time step 848 (time=17.6667), 0.0564417 s/step
Meep progress: 19.1458333333333/633.333343505859 = 3.0% done in 52.3s, 1676.6s to go
on time step 919 (time=19.1458), 0.056464 s/step
Meep progress: 20.625/633.333343505859 = 3.3% done in 56.3s, 1671.7s to go
on time step 990 (time=20.625), 0.0564279 s/step
Meep progress: 22.1041666666667/633.333343505859 = 3.5% done in 60.3s, 1666.8s to go
on time step 1061 (time=22.1042), 0.0564373 s/step
Meep progress: 23.6041666666667/633.333343505859 = 3.7% done in 64.3s, 1661.7s to go
on time step 1133 (time=23.6042), 0.0562641 s/step
Meep progress: 25.1041666666667/633.333343505859 = 4.0% done in 68.4s, 1656.8s to go
on time step 1205 (time=25.1042), 0.0562881 s/step
Meep progress: 26.5833333333333/633.333343505859 = 4.2% done in 72.4s, 1652.3s to go
on time step 1276 (time=26.5833), 0.0564343 s/step
Meep progress: 28.0625/633.333343505859 = 4.4% done in 76.4s, 1647.7s to go
on time step 1347 (time=28.0625), 0.056481 s/step
Meep progress: 29.5416666666667/633.333343505859 = 4.7% done in 80.4s, 1643.1s to go
on time step 1419 (time=29.5625), 0.0562439 s/step
Meep progress: 31.0416666666667/633.333343505859 = 4.9% done in 84.4s, 1638.3s to go
on time step 1491 (time=31.0625), 0.0561471 s/step
Meep progress: 32.5208333333333/633.333343505859 = 5.1% done in 88.5s, 1634.9s to go
on time step 1562 (time=32.5417), 0.0571483 s/step
Meep progress: 33.9791666666667/633.333343505859 = 5.4% done in 92.5s, 1631.7s to go
on time step 1632 (time=34), 0.0572982 s/step
Meep progress: 35.4375/633.333343505859 = 5.6% done in 96.5s, 1628.4s to go
on time step 1702 (time=35.4583), 0.0572997 s/step
Meep progress: 36.8958333333333/633.333343505859 = 5.8% done in 100.5s, 1625.0s to go
on time step 1772 (time=36.9167), 0.0572832 s/step
Meep progress: 38.375/633.333343505859 = 6.1% done in 104.6s, 1621.2s to go
on time step 1843 (time=38.3958), 0.0569243 s/step
Meep progress: 39.8541666666667/633.333343505859 = 6.3% done in 108.6s, 1617.2s to go
on time step 1914 (time=39.875), 0.056831 s/step
Meep progress: 41.3333333333333/633.333343505859 = 6.5% done in 112.6s, 1613.2s to go
on time step 1985 (time=41.3542), 0.0567647 s/step
Meep progress: 42.8125/633.333343505859 = 6.8% done in 116.6s, 1608.8s to go
on time step 2056 (time=42.8333), 0.0564133 s/step
Meep progress: 44.2916666666667/633.333343505859 = 7.0% done in 120.7s, 1604.6s to go
on time step 2127 (time=44.3125), 0.0566107 s/step
Meep progress: 45.7708333333333/633.333343505859 = 7.2% done in 124.7s, 1600.3s to go
on time step 2198 (time=45.7917), 0.0563551 s/step
Meep progress: 47.25/633.333343505859 = 7.5% done in 128.7s, 1596.0s to go
on time step 2269 (time=47.2708), 0.0564744 s/step
Meep progress: 48.7291666666667/633.333343505859 = 7.7% done in 132.7s, 1591.7s to go
on time step 2340 (time=48.75), 0.0564319 s/step
Meep progress: 50.2291666666667/633.333343505859 = 7.9% done in 136.7s, 1587.1s to go
on time step 2412 (time=50.25), 0.0561257 s/step
Meep progress: 51.7083333333333/633.333343505859 = 8.2% done in 140.8s, 1583.3s to go
on time step 2483 (time=51.7292), 0.0569242 s/step
Meep progress: 53.2083333333333/633.333343505859 = 8.4% done in 144.8s, 1578.6s to go
on time step 2555 (time=53.2292), 0.0559728 s/step
Meep progress: 54.6875/633.333343505859 = 8.6% done in 148.8s, 1574.5s to go
on time step 2626 (time=54.7083), 0.0566268 s/step
Meep progress: 56.1666666666667/633.333343505859 = 8.9% done in 152.8s, 1570.3s to go
on time step 2697 (time=56.1875), 0.0564393 s/step
Meep progress: 57.6458333333333/633.333343505859 = 9.1% done in 156.8s, 1566.2s to go
on time step 2768 (time=57.6667), 0.056556 s/step
Meep progress: 59.125/633.333343505859 = 9.3% done in 160.8s, 1562.0s to go
on time step 2839 (time=59.1458), 0.0564425 s/step
Meep progress: 60.6041666666667/633.333343505859 = 9.6% done in 164.8s, 1557.8s to go
on time step 2910 (time=60.625), 0.0563973 s/step
Meep progress: 62.0833333333333/633.333343505859 = 9.8% done in 168.8s, 1553.6s to go
on time step 2981 (time=62.1042), 0.0564279 s/step
Meep progress: 63.5625/633.333343505859 = 10.0% done in 172.9s, 1549.7s to go
on time step 3052 (time=63.5833), 0.0567395 s/step
Meep progress: 65.0625/633.333343505859 = 10.3% done in 176.9s, 1545.4s to go
on time step 3124 (time=65.0833), 0.056308 s/step
Meep progress: 66.5416666666667/633.333343505859 = 10.5% done in 181.0s, 1541.3s to go
on time step 3195 (time=66.5625), 0.0565873 s/step
Meep progress: 68.0208333333333/633.333343505859 = 10.7% done in 185.0s, 1537.2s to go
on time step 3266 (time=68.0417), 0.0564457 s/step
Meep progress: 69.5208333333333/633.333343505859 = 11.0% done in 189.0s, 1532.9s to go
on time step 3338 (time=69.5417), 0.0562728 s/step
Meep progress: 71.0/633.333343505859 = 11.2% done in 193.0s, 1528.9s to go
on time step 3409 (time=71.0208), 0.0567707 s/step
Meep progress: 72.5/633.333343505859 = 11.4% done in 197.1s, 1524.6s to go
on time step 3481 (time=72.5208), 0.056294 s/step
Meep progress: 73.9791666666667/633.333343505859 = 11.7% done in 201.1s, 1520.5s to go
on time step 3552 (time=74), 0.0564895 s/step
Meep progress: 75.4583333333333/633.333343505859 = 11.9% done in 205.1s, 1516.4s to go
on time step 3623 (time=75.4792), 0.0563874 s/step
Meep progress: 76.9583333333333/633.333343505859 = 12.2% done in 209.2s, 1512.1s to go
on time step 3695 (time=76.9792), 0.0561489 s/step
Meep progress: 78.4583333333333/633.333343505859 = 12.4% done in 213.2s, 1507.8s to go
on time step 3767 (time=78.4792), 0.0563291 s/step
Meep progress: 79.9583333333333/633.333343505859 = 12.6% done in 217.3s, 1503.6s to go
on time step 3839 (time=79.9792), 0.0562971 s/step
Meep progress: 81.4375/633.333343505859 = 12.9% done in 221.3s, 1499.7s to go
on time step 3910 (time=81.4583), 0.0567918 s/step
Meep progress: 82.9166666666667/633.333343505859 = 13.1% done in 225.3s, 1495.8s to go
on time step 3981 (time=82.9375), 0.0569992 s/step
Meep progress: 84.3958333333333/633.333343505859 = 13.3% done in 229.4s, 1492.0s to go
on time step 4052 (time=84.4167), 0.0569988 s/step
Meep progress: 85.875/633.333343505859 = 13.6% done in 233.4s, 1488.2s to go
on time step 4123 (time=85.8958), 0.0569975 s/step
Meep progress: 87.3541666666667/633.333343505859 = 13.8% done in 237.5s, 1484.3s to go
on time step 4194 (time=87.375), 0.0569704 s/step
Meep progress: 88.8333333333333/633.333343505859 = 14.0% done in 241.5s, 1480.4s to go
on time step 4265 (time=88.8542), 0.0569714 s/step
Meep progress: 90.3125/633.333343505859 = 14.3% done in 245.5s, 1476.3s to go
on time step 4336 (time=90.3333), 0.0564225 s/step
Meep progress: 91.8125/633.333343505859 = 14.5% done in 249.6s, 1472.1s to go
on time step 4408 (time=91.8333), 0.0563098 s/step
Meep progress: 93.3125/633.333343505859 = 14.7% done in 253.6s, 1467.8s to go
on time step 4480 (time=93.3333), 0.0561376 s/step
Meep progress: 94.7916666666667/633.333343505859 = 15.0% done in 257.6s, 1463.7s to go
on time step 4551 (time=94.8125), 0.0564916 s/step
Meep progress: 96.2708333333333/633.333343505859 = 15.2% done in 261.7s, 1459.7s to go
on time step 4622 (time=96.2917), 0.0566518 s/step
Meep progress: 97.75/633.333343505859 = 15.4% done in 265.7s, 1455.7s to go
on time step 4693 (time=97.7708), 0.0566128 s/step
Meep progress: 99.2291666666667/633.333343505859 = 15.7% done in 269.7s, 1451.6s to go
on time step 4764 (time=99.25), 0.0565044 s/step
Meep progress: 100.708333333333/633.333343505859 = 15.9% done in 273.7s, 1447.6s to go
on time step 4835 (time=100.729), 0.0565756 s/step
Meep progress: 102.1875/633.333343505859 = 16.1% done in 277.7s, 1443.5s to go
on time step 4906 (time=102.208), 0.0565105 s/step
Meep progress: 103.666666666667/633.333343505859 = 16.4% done in 281.7s, 1439.5s to go
on time step 4977 (time=103.688), 0.0564864 s/step
Meep progress: 105.145833333333/633.333343505859 = 16.6% done in 285.7s, 1435.4s to go
on time step 5048 (time=105.167), 0.0563846 s/step
Meep progress: 106.625/633.333343505859 = 16.8% done in 289.7s, 1431.3s to go
on time step 5119 (time=106.646), 0.0564602 s/step
Meep progress: 108.125/633.333343505859 = 17.1% done in 293.8s, 1427.1s to go
on time step 5191 (time=108.146), 0.0562713 s/step
Meep progress: 109.604166666667/633.333343505859 = 17.3% done in 297.8s, 1423.1s to go
on time step 5262 (time=109.625), 0.0566378 s/step
Meep progress: 111.083333333333/633.333343505859 = 17.5% done in 301.8s, 1419.1s to go
on time step 5333 (time=111.104), 0.0566205 s/step
Meep progress: 112.541666666667/633.333343505859 = 17.8% done in 305.8s, 1415.3s to go
on time step 5403 (time=112.562), 0.0572328 s/step
Meep progress: 114.0/633.333343505859 = 18.0% done in 309.8s, 1411.5s to go
on time step 5473 (time=114.021), 0.0572384 s/step
Meep progress: 115.479166666667/633.333343505859 = 18.2% done in 313.9s, 1407.7s to go
on time step 5544 (time=115.5), 0.0570684 s/step
Meep progress: 116.958333333333/633.333343505859 = 18.5% done in 317.9s, 1403.7s to go
on time step 5615 (time=116.979), 0.0568048 s/step
Meep progress: 118.458333333333/633.333343505859 = 18.7% done in 322.0s, 1399.5s to go
on time step 5687 (time=118.479), 0.0562282 s/step
Meep progress: 119.958333333333/633.333343505859 = 18.9% done in 326.0s, 1395.3s to go
on time step 5759 (time=119.979), 0.0563062 s/step
Meep progress: 121.458333333333/633.333343505859 = 19.2% done in 330.1s, 1391.1s to go
on time step 5831 (time=121.479), 0.0562325 s/step
Meep progress: 122.958333333333/633.333343505859 = 19.4% done in 334.1s, 1386.9s to go
on time step 5903 (time=122.979), 0.0562657 s/step
Meep progress: 124.4375/633.333343505859 = 19.6% done in 338.2s, 1382.9s to go
on time step 5974 (time=124.458), 0.0567061 s/step
Meep progress: 125.916666666667/633.333343505859 = 19.9% done in 342.2s, 1378.9s to go
on time step 6045 (time=125.938), 0.0563789 s/step
Meep progress: 127.375/633.333343505859 = 20.1% done in 346.2s, 1375.1s to go
on time step 6115 (time=127.396), 0.0572902 s/step
Meep progress: 128.854166666667/633.333343505859 = 20.3% done in 350.2s, 1371.1s to go
on time step 6186 (time=128.875), 0.0566758 s/step
Meep progress: 130.354166666667/633.333343505859 = 20.6% done in 354.3s, 1366.9s to go
on time step 6258 (time=130.375), 0.056338 s/step
Meep progress: 131.833333333333/633.333343505859 = 20.8% done in 358.3s, 1362.8s to go
on time step 6329 (time=131.854), 0.0563619 s/step
Meep progress: 133.3125/633.333343505859 = 21.0% done in 362.3s, 1358.8s to go
on time step 6400 (time=133.333), 0.0566898 s/step
Meep progress: 134.791666666667/633.333343505859 = 21.3% done in 366.3s, 1354.7s to go
on time step 6471 (time=134.812), 0.0563704 s/step
Meep progress: 136.25/633.333343505859 = 21.5% done in 370.3s, 1350.9s to go
on time step 6541 (time=136.271), 0.0572409 s/step
Meep progress: 137.708333333333/633.333343505859 = 21.7% done in 374.3s, 1347.1s to go
on time step 6611 (time=137.729), 0.0572396 s/step
Meep progress: 139.166666666667/633.333343505859 = 22.0% done in 378.3s, 1343.3s to go
on time step 6681 (time=139.188), 0.0572234 s/step
Meep progress: 140.625/633.333343505859 = 22.2% done in 382.3s, 1339.5s to go
on time step 6751 (time=140.646), 0.0572085 s/step
Meep progress: 142.083333333333/633.333343505859 = 22.4% done in 386.3s, 1335.7s to go
on time step 6821 (time=142.104), 0.0572194 s/step
Meep progress: 143.5625/633.333343505859 = 22.7% done in 390.4s, 1331.7s to go
on time step 6892 (time=143.583), 0.0569194 s/step
Meep progress: 145.041666666667/633.333343505859 = 22.9% done in 394.4s, 1327.6s to go
on time step 6963 (time=145.062), 0.0563806 s/step
Meep progress: 146.520833333333/633.333343505859 = 23.1% done in 398.4s, 1323.6s to go
on time step 7034 (time=146.542), 0.0563614 s/step
Meep progress: 148.0/633.333343505859 = 23.4% done in 402.4s, 1319.5s to go
on time step 7105 (time=148.021), 0.0563746 s/step
Meep progress: 149.479166666667/633.333343505859 = 23.6% done in 406.4s, 1315.4s to go
on time step 7176 (time=149.5), 0.0563623 s/step
Meep progress: 150.958333333333/633.333343505859 = 23.8% done in 410.4s, 1311.3s to go
on time step 7247 (time=150.979), 0.0563421 s/step
Meep progress: 152.4375/633.333343505859 = 24.1% done in 414.4s, 1307.2s to go
on time step 7318 (time=152.458), 0.0563456 s/step
Meep progress: 153.9375/633.333343505859 = 24.3% done in 418.4s, 1303.1s to go
on time step 7390 (time=153.958), 0.056315 s/step
Meep progress: 155.416666666667/633.333343505859 = 24.5% done in 422.4s, 1299.0s to go
on time step 7461 (time=155.438), 0.0563608 s/step
Meep progress: 156.895833333333/633.333343505859 = 24.8% done in 426.4s, 1294.9s to go
on time step 7532 (time=156.917), 0.0565052 s/step
Meep progress: 158.375/633.333343505859 = 25.0% done in 430.4s, 1290.9s to go
on time step 7603 (time=158.396), 0.056346 s/step
Meep progress: 159.854166666667/633.333343505859 = 25.2% done in 434.5s, 1286.9s to go
on time step 7674 (time=159.875), 0.0568635 s/step
Meep progress: 161.333333333333/633.333343505859 = 25.5% done in 438.5s, 1282.8s to go
on time step 7745 (time=161.354), 0.0563429 s/step
Meep progress: 162.833333333333/633.333343505859 = 25.7% done in 442.5s, 1278.7s to go
on time step 7817 (time=162.854), 0.0562628 s/step
Meep progress: 164.3125/633.333343505859 = 25.9% done in 446.5s, 1274.6s to go
on time step 7888 (time=164.333), 0.0564173 s/step
Meep progress: 165.791666666667/633.333343505859 = 26.2% done in 450.5s, 1270.5s to go
on time step 7959 (time=165.812), 0.0564512 s/step
Meep progress: 167.270833333333/633.333343505859 = 26.4% done in 454.5s, 1266.5s to go
on time step 8030 (time=167.292), 0.0564066 s/step
Meep progress: 168.75/633.333343505859 = 26.6% done in 458.6s, 1262.4s to go
on time step 8101 (time=168.771), 0.0564861 s/step
Meep progress: 170.229166666667/633.333343505859 = 26.9% done in 462.6s, 1258.4s to go
on time step 8172 (time=170.25), 0.056454 s/step
Meep progress: 171.708333333333/633.333343505859 = 27.1% done in 466.6s, 1254.4s to go
on time step 8243 (time=171.729), 0.0566363 s/step
Meep progress: 173.1875/633.333343505859 = 27.3% done in 470.6s, 1250.3s to go
on time step 8314 (time=173.208), 0.0565116 s/step
Meep progress: 174.666666666667/633.333343505859 = 27.6% done in 474.6s, 1246.3s to go
on time step 8385 (time=174.688), 0.0563573 s/step
Meep progress: 176.145833333333/633.333343505859 = 27.8% done in 478.6s, 1242.2s to go
on time step 8456 (time=176.167), 0.0563606 s/step
Meep progress: 177.645833333333/633.333343505859 = 28.0% done in 482.7s, 1238.1s to go
on time step 8528 (time=177.667), 0.0563368 s/step
Meep progress: 179.125/633.333343505859 = 28.3% done in 486.7s, 1234.0s to go
on time step 8599 (time=179.146), 0.0564227 s/step
Meep progress: 180.625/633.333343505859 = 28.5% done in 490.7s, 1229.9s to go
on time step 8671 (time=180.646), 0.0562991 s/step
Meep progress: 182.104166666667/633.333343505859 = 28.8% done in 494.7s, 1225.9s to go
on time step 8742 (time=182.125), 0.0564417 s/step
Meep progress: 183.583333333333/633.333343505859 = 29.0% done in 498.7s, 1221.8s to go
on time step 8813 (time=183.604), 0.0565068 s/step
Meep progress: 185.0625/633.333343505859 = 29.2% done in 502.7s, 1217.8s to go
on time step 8884 (time=185.083), 0.0563699 s/step
Meep progress: 186.541666666667/633.333343505859 = 29.5% done in 506.7s, 1213.7s to go
on time step 8955 (time=186.562), 0.0563582 s/step
Meep progress: 188.020833333333/633.333343505859 = 29.7% done in 510.7s, 1209.7s to go
on time step 9026 (time=188.042), 0.0564485 s/step
Meep progress: 189.5/633.333343505859 = 29.9% done in 514.8s, 1205.6s to go
on time step 9097 (time=189.521), 0.0563959 s/step
Meep progress: 190.979166666667/633.333343505859 = 30.2% done in 518.8s, 1201.6s to go
on time step 9168 (time=191), 0.0565684 s/step
Meep progress: 192.479166666667/633.333343505859 = 30.4% done in 522.8s, 1197.5s to go
on time step 9240 (time=192.5), 0.056198 s/step
Meep progress: 193.958333333333/633.333343505859 = 30.6% done in 526.8s, 1193.4s to go
on time step 9311 (time=193.979), 0.0565104 s/step
Meep progress: 195.458333333333/633.333343505859 = 30.9% done in 530.9s, 1189.3s to go
on time step 9383 (time=195.479), 0.0561481 s/step
Meep progress: 196.958333333333/633.333343505859 = 31.1% done in 534.9s, 1185.1s to go
on time step 9455 (time=196.979), 0.0562004 s/step
Meep progress: 198.458333333333/633.333343505859 = 31.3% done in 539.0s, 1181.0s to go
on time step 9527 (time=198.479), 0.0561404 s/step
Meep progress: 199.9375/633.333343505859 = 31.6% done in 543.0s, 1177.1s to go
on time step 9598 (time=199.958), 0.0570863 s/step
Meep progress: 201.395833333333/633.333343505859 = 31.8% done in 547.0s, 1173.2s to go
on time step 9668 (time=201.417), 0.0571643 s/step
Meep progress: 202.854166666667/633.333343505859 = 32.0% done in 551.0s, 1169.3s to go
on time step 9738 (time=202.875), 0.0571844 s/step
Meep progress: 204.333333333333/633.333343505859 = 32.3% done in 555.0s, 1165.3s to go
on time step 9809 (time=204.354), 0.0564218 s/step
Meep progress: 205.8125/633.333343505859 = 32.5% done in 559.1s, 1161.3s to go
on time step 9880 (time=205.833), 0.0569813 s/step
Meep progress: 207.270833333333/633.333343505859 = 32.7% done in 563.1s, 1157.4s to go
on time step 9950 (time=207.292), 0.0571569 s/step
Meep progress: 208.729166666667/633.333343505859 = 33.0% done in 567.1s, 1153.6s to go
on time step 10020 (time=208.75), 0.0571948 s/step
Meep progress: 210.1875/633.333343505859 = 33.2% done in 571.1s, 1149.7s to go
on time step 10090 (time=210.208), 0.0571655 s/step
Meep progress: 211.645833333333/633.333343505859 = 33.4% done in 575.1s, 1145.8s to go
on time step 10160 (time=211.667), 0.0571719 s/step
Meep progress: 213.125/633.333343505859 = 33.7% done in 579.1s, 1141.8s to go
on time step 10231 (time=213.146), 0.0564823 s/step
Meep progress: 214.604166666667/633.333343505859 = 33.9% done in 583.1s, 1137.8s to go
on time step 10302 (time=214.625), 0.0569715 s/step
Meep progress: 216.0625/633.333343505859 = 34.1% done in 587.1s, 1133.9s to go
on time step 10372 (time=216.083), 0.0571757 s/step
Meep progress: 217.520833333333/633.333343505859 = 34.3% done in 591.1s, 1130.0s to go
on time step 10442 (time=217.542), 0.0571877 s/step
Meep progress: 218.979166666667/633.333343505859 = 34.6% done in 595.1s, 1126.1s to go
on time step 10512 (time=219), 0.0571701 s/step
Meep progress: 220.458333333333/633.333343505859 = 34.8% done in 599.2s, 1122.1s to go
on time step 10583 (time=220.479), 0.0568149 s/step
Meep progress: 221.9375/633.333343505859 = 35.0% done in 603.2s, 1118.1s to go
on time step 10654 (time=221.958), 0.0564009 s/step
Meep progress: 223.416666666667/633.333343505859 = 35.3% done in 607.2s, 1114.0s to go
on time step 10725 (time=223.438), 0.0564075 s/step
Meep progress: 224.895833333333/633.333343505859 = 35.5% done in 611.2s, 1110.0s to go
on time step 10796 (time=224.917), 0.0563996 s/step
Meep progress: 226.375/633.333343505859 = 35.7% done in 615.2s, 1106.0s to go
on time step 10867 (time=226.396), 0.0565218 s/step
Meep progress: 227.875/633.333343505859 = 36.0% done in 619.2s, 1101.8s to go
on time step 10939 (time=227.896), 0.0561861 s/step
Meep progress: 229.354166666667/633.333343505859 = 36.2% done in 623.3s, 1097.8s to go
on time step 11010 (time=229.375), 0.0568186 s/step
Meep progress: 230.833333333333/633.333343505859 = 36.4% done in 627.3s, 1093.9s to go
on time step 11081 (time=230.854), 0.057122 s/step
Meep progress: 232.3125/633.333343505859 = 36.7% done in 631.4s, 1089.9s to go
on time step 11152 (time=232.333), 0.0571212 s/step
Meep progress: 233.791666666667/633.333343505859 = 36.9% done in 635.4s, 1085.9s to go
on time step 11223 (time=233.812), 0.0565818 s/step
Meep progress: 235.270833333333/633.333343505859 = 37.1% done in 639.4s, 1081.9s to go
on time step 11294 (time=235.292), 0.0565335 s/step
Meep progress: 236.75/633.333343505859 = 37.4% done in 643.4s, 1077.8s to go
on time step 11365 (time=236.771), 0.0566225 s/step
Meep progress: 238.229166666667/633.333343505859 = 37.6% done in 647.5s, 1073.8s to go
on time step 11436 (time=238.25), 0.0564327 s/step
Meep progress: 239.708333333333/633.333343505859 = 37.8% done in 651.5s, 1069.8s to go
on time step 11507 (time=239.729), 0.0564066 s/step
Meep progress: 241.1875/633.333343505859 = 38.1% done in 655.5s, 1065.7s to go
on time step 11578 (time=241.208), 0.0564817 s/step
Meep progress: 242.666666666667/633.333343505859 = 38.3% done in 659.5s, 1061.7s to go
on time step 11649 (time=242.688), 0.0564725 s/step
Meep progress: 244.145833333333/633.333343505859 = 38.5% done in 663.5s, 1057.7s to go
on time step 11720 (time=244.167), 0.0569128 s/step
Meep progress: 245.625/633.333343505859 = 38.8% done in 667.5s, 1053.7s to go
on time step 11791 (time=245.646), 0.0565383 s/step
Meep progress: 247.125/633.333343505859 = 39.0% done in 671.6s, 1049.6s to go
on time step 11863 (time=247.146), 0.0562511 s/step
Meep progress: 248.604166666667/633.333343505859 = 39.3% done in 675.6s, 1045.5s to go
on time step 11934 (time=248.625), 0.0565939 s/step
Meep progress: 250.083333333333/633.333343505859 = 39.5% done in 679.6s, 1041.5s to go
on time step 12005 (time=250.104), 0.0567718 s/step
Meep progress: 251.583333333333/633.333343505859 = 39.7% done in 683.7s, 1037.4s to go
on time step 12077 (time=251.604), 0.0562065 s/step
Meep progress: 253.0625/633.333343505859 = 40.0% done in 687.7s, 1033.4s to go
on time step 12148 (time=253.083), 0.0566765 s/step
Meep progress: 254.541666666667/633.333343505859 = 40.2% done in 691.7s, 1029.4s to go
on time step 12219 (time=254.562), 0.0564295 s/step
Meep progress: 256.020833333333/633.333343505859 = 40.4% done in 695.7s, 1025.3s to go
on time step 12290 (time=256.042), 0.0564125 s/step
Meep progress: 257.5/633.333343505859 = 40.7% done in 699.7s, 1021.3s to go
on time step 12361 (time=257.521), 0.0564668 s/step
Meep progress: 258.979166666667/633.333343505859 = 40.9% done in 703.7s, 1017.2s to go
on time step 12432 (time=259), 0.056506 s/step
Meep progress: 260.458333333333/633.333343505859 = 41.1% done in 707.7s, 1013.2s to go
on time step 12503 (time=260.479), 0.0564128 s/step
Meep progress: 261.958333333333/633.333343505859 = 41.4% done in 711.8s, 1009.1s to go
on time step 12574 (time=261.958), 0.0563476 s/step
Meep progress: 263.4375/633.333343505859 = 41.6% done in 715.8s, 1005.1s to go
on time step 12645 (time=263.438), 0.0566073 s/step
Meep progress: 264.9375/633.333343505859 = 41.8% done in 719.8s, 1001.0s to go
on time step 12717 (time=264.938), 0.0560112 s/step
Meep progress: 266.416666666667/633.333343505859 = 42.1% done in 723.9s, 996.9s to go
on time step 12788 (time=266.417), 0.0567485 s/step
Meep progress: 267.895833333333/633.333343505859 = 42.3% done in 727.9s, 993.0s to go
on time step 12859 (time=267.896), 0.0570791 s/step
Meep progress: 269.375/633.333343505859 = 42.5% done in 732.0s, 989.0s to go
on time step 12930 (time=269.375), 0.057103 s/step
Meep progress: 270.854166666667/633.333343505859 = 42.8% done in 736.0s, 985.0s to go
on time step 13001 (time=270.854), 0.0570352 s/step
Meep progress: 272.333333333333/633.333343505859 = 43.0% done in 740.0s, 981.0s to go
on time step 13072 (time=272.333), 0.0564458 s/step
Meep progress: 273.833333333333/633.333343505859 = 43.2% done in 744.1s, 976.9s to go
on time step 13144 (time=273.833), 0.0561924 s/step
Meep progress: 275.3125/633.333343505859 = 43.5% done in 748.1s, 972.8s to go
on time step 13215 (time=275.312), 0.0563432 s/step
Meep progress: 276.791666666667/633.333343505859 = 43.7% done in 752.1s, 968.8s to go
on time step 13286 (time=276.792), 0.0563566 s/step
Meep progress: 278.291666666667/633.333343505859 = 43.9% done in 756.1s, 964.7s to go
on time step 13358 (time=278.292), 0.0563228 s/step
Meep progress: 279.770833333333/633.333343505859 = 44.2% done in 760.1s, 960.6s to go
on time step 13429 (time=279.771), 0.0563626 s/step
Meep progress: 281.270833333333/633.333343505859 = 44.4% done in 764.2s, 956.5s to go
on time step 13501 (time=281.271), 0.056295 s/step
Meep progress: 282.75/633.333343505859 = 44.6% done in 768.2s, 952.5s to go
on time step 13572 (time=282.75), 0.0564817 s/step
Meep progress: 284.229166666667/633.333343505859 = 44.9% done in 772.2s, 948.5s to go
on time step 13643 (time=284.229), 0.0567015 s/step
Meep progress: 285.708333333333/633.333343505859 = 45.1% done in 776.2s, 944.5s to go
on time step 13714 (time=285.708), 0.0564129 s/step
Meep progress: 287.208333333333/633.333343505859 = 45.3% done in 780.3s, 940.4s to go
on time step 13786 (time=287.208), 0.0562822 s/step
Meep progress: 288.708333333333/633.333343505859 = 45.6% done in 784.3s, 936.3s to go
on time step 13858 (time=288.708), 0.0562758 s/step
Meep progress: 290.208333333333/633.333343505859 = 45.8% done in 788.4s, 932.2s to go
on time step 13930 (time=290.208), 0.0562858 s/step
Meep progress: 291.708333333333/633.333343505859 = 46.1% done in 792.4s, 928.1s to go
on time step 14002 (time=291.708), 0.0562382 s/step
Meep progress: 293.208333333333/633.333343505859 = 46.3% done in 796.5s, 924.0s to go
on time step 14074 (time=293.208), 0.056297 s/step
Meep progress: 294.6875/633.333343505859 = 46.5% done in 800.5s, 919.9s to go
on time step 14145 (time=294.688), 0.0563937 s/step
Meep progress: 296.166666666667/633.333343505859 = 46.8% done in 804.5s, 915.9s to go
on time step 14216 (time=296.167), 0.0563474 s/step
Meep progress: 297.645833333333/633.333343505859 = 47.0% done in 808.5s, 911.9s to go
on time step 14287 (time=297.646), 0.0564531 s/step
Meep progress: 299.145833333333/633.333343505859 = 47.2% done in 812.6s, 907.7s to go
on time step 14359 (time=299.146), 0.0562013 s/step
Meep progress: 300.625/633.333343505859 = 47.5% done in 816.6s, 903.7s to go
on time step 14430 (time=300.625), 0.0565553 s/step
Meep progress: 302.104166666667/633.333343505859 = 47.7% done in 820.6s, 899.7s to go
on time step 14501 (time=302.104), 0.0567634 s/step
Meep progress: 303.604166666667/633.333343505859 = 47.9% done in 824.6s, 895.6s to go
on time step 14573 (time=303.604), 0.0561139 s/step
Meep progress: 305.083333333333/633.333343505859 = 48.2% done in 828.7s, 891.6s to go
on time step 14644 (time=305.083), 0.0565557 s/step
Meep progress: 306.583333333333/633.333343505859 = 48.4% done in 832.7s, 887.5s to go
on time step 14716 (time=306.583), 0.0563279 s/step
Meep progress: 308.083333333333/633.333343505859 = 48.6% done in 836.8s, 883.4s to go
on time step 14788 (time=308.083), 0.0563203 s/step
Meep progress: 309.583333333333/633.333343505859 = 48.9% done in 840.8s, 879.3s to go
on time step 14860 (time=309.583), 0.0562993 s/step
Meep progress: 311.083333333333/633.333343505859 = 49.1% done in 844.9s, 875.2s to go
on time step 14932 (time=311.083), 0.056251 s/step
Meep progress: 312.5625/633.333343505859 = 49.4% done in 848.9s, 871.2s to go
on time step 15003 (time=312.562), 0.0563684 s/step
Meep progress: 314.041666666667/633.333343505859 = 49.6% done in 852.9s, 867.1s to go
on time step 15074 (time=314.042), 0.056365 s/step
Meep progress: 315.520833333333/633.333343505859 = 49.8% done in 856.9s, 863.1s to go
on time step 15145 (time=315.521), 0.0563827 s/step
Meep progress: 317.020833333333/633.333343505859 = 50.1% done in 860.9s, 859.0s to go
on time step 15217 (time=317.021), 0.0562831 s/step
Meep progress: 318.5/633.333343505859 = 50.3% done in 864.9s, 855.0s to go
on time step 15288 (time=318.5), 0.0563888 s/step
Meep progress: 319.979166666667/633.333343505859 = 50.5% done in 868.9s, 851.0s to go
on time step 15359 (time=319.979), 0.0563482 s/step
Meep progress: 321.458333333333/633.333343505859 = 50.8% done in 872.9s, 846.9s to go
on time step 15430 (time=321.458), 0.0563562 s/step
Meep progress: 322.958333333333/633.333343505859 = 51.0% done in 877.0s, 842.8s to go
on time step 15502 (time=322.958), 0.0561315 s/step
Meep progress: 324.4375/633.333343505859 = 51.2% done in 881.0s, 838.8s to go
on time step 15573 (time=324.438), 0.056754 s/step
Meep progress: 325.9375/633.333343505859 = 51.5% done in 885.1s, 834.7s to go
on time step 15645 (time=325.938), 0.056251 s/step
Meep progress: 327.4375/633.333343505859 = 51.7% done in 889.1s, 830.6s to go
on time step 15717 (time=327.438), 0.0562651 s/step
Meep progress: 328.916666666667/633.333343505859 = 51.9% done in 893.1s, 826.6s to go
on time step 15788 (time=328.917), 0.0563452 s/step
Meep progress: 330.416666666667/633.333343505859 = 52.2% done in 897.2s, 822.5s to go
on time step 15860 (time=330.417), 0.0562442 s/step
Meep progress: 331.895833333333/633.333343505859 = 52.4% done in 901.2s, 818.5s to go
on time step 15931 (time=331.896), 0.0563446 s/step
Meep progress: 333.375/633.333343505859 = 52.6% done in 905.2s, 814.4s to go
on time step 16002 (time=333.375), 0.0563414 s/step
Meep progress: 334.854166666667/633.333343505859 = 52.9% done in 909.2s, 810.4s to go
on time step 16073 (time=334.854), 0.0564612 s/step
Meep progress: 336.354166666667/633.333343505859 = 53.1% done in 913.2s, 806.3s to go
on time step 16145 (time=336.354), 0.0560687 s/step
Meep progress: 337.854166666667/633.333343505859 = 53.3% done in 917.3s, 802.2s to go
on time step 16217 (time=337.854), 0.0563028 s/step
Meep progress: 339.333333333333/633.333343505859 = 53.6% done in 921.3s, 798.2s to go
on time step 16288 (time=339.333), 0.056376 s/step
Meep progress: 340.8125/633.333343505859 = 53.8% done in 925.3s, 794.2s to go
on time step 16359 (time=340.812), 0.0563676 s/step
Meep progress: 342.291666666667/633.333343505859 = 54.0% done in 929.3s, 790.1s to go
on time step 16430 (time=342.292), 0.056377 s/step
Meep progress: 343.770833333333/633.333343505859 = 54.3% done in 933.3s, 786.1s to go
on time step 16501 (time=343.771), 0.0563611 s/step
Meep progress: 345.25/633.333343505859 = 54.5% done in 937.3s, 782.1s to go
on time step 16572 (time=345.25), 0.0564039 s/step
Meep progress: 346.729166666667/633.333343505859 = 54.7% done in 941.3s, 778.1s to go
on time step 16643 (time=346.729), 0.0563602 s/step
Meep progress: 348.229166666667/633.333343505859 = 55.0% done in 945.3s, 774.0s to go
on time step 16715 (time=348.229), 0.0562539 s/step
Meep progress: 349.729166666667/633.333343505859 = 55.2% done in 949.4s, 769.9s to go
on time step 16787 (time=349.729), 0.0561423 s/step
Meep progress: 351.208333333333/633.333343505859 = 55.5% done in 953.4s, 765.9s to go
on time step 16858 (time=351.208), 0.0567767 s/step
Meep progress: 352.6875/633.333343505859 = 55.7% done in 957.4s, 761.9s to go
on time step 16929 (time=352.688), 0.0565751 s/step
Meep progress: 354.166666666667/633.333343505859 = 55.9% done in 961.4s, 757.8s to go
on time step 17000 (time=354.167), 0.0564879 s/step
Meep progress: 355.645833333333/633.333343505859 = 56.2% done in 965.5s, 753.8s to go
on time step 17071 (time=355.646), 0.0566326 s/step
Meep progress: 357.145833333333/633.333343505859 = 56.4% done in 969.5s, 749.7s to go
on time step 17143 (time=357.146), 0.0561871 s/step
Meep progress: 358.645833333333/633.333343505859 = 56.6% done in 973.5s, 745.6s to go
on time step 17215 (time=358.646), 0.0561921 s/step
Meep progress: 360.125/633.333343505859 = 56.9% done in 977.6s, 741.6s to go
on time step 17286 (time=360.125), 0.0566279 s/step
Meep progress: 361.604166666667/633.333343505859 = 57.1% done in 981.6s, 737.6s to go
on time step 17357 (time=361.604), 0.0568293 s/step
Meep progress: 363.104166666667/633.333343505859 = 57.3% done in 985.6s, 733.5s to go
on time step 17429 (time=363.104), 0.0561311 s/step
Meep progress: 364.604166666667/633.333343505859 = 57.6% done in 989.7s, 729.4s to go
on time step 17501 (time=364.604), 0.0562374 s/step
Meep progress: 366.083333333333/633.333343505859 = 57.8% done in 993.7s, 725.4s to go
on time step 17572 (time=366.083), 0.0563408 s/step
Meep progress: 367.583333333333/633.333343505859 = 58.0% done in 997.7s, 721.3s to go
on time step 17644 (time=367.583), 0.0562712 s/step
Meep progress: 369.0625/633.333343505859 = 58.3% done in 1001.7s, 717.3s to go
on time step 17715 (time=369.062), 0.0563631 s/step
Meep progress: 370.5625/633.333343505859 = 58.5% done in 1005.8s, 713.2s to go
on time step 17787 (time=370.562), 0.056319 s/step
Meep progress: 372.0625/633.333343505859 = 58.7% done in 1009.9s, 709.1s to go
on time step 17859 (time=372.062), 0.0563332 s/step
Meep progress: 373.5625/633.333343505859 = 59.0% done in 1013.9s, 705.1s to go
on time step 17931 (time=373.562), 0.05622 s/step
Meep progress: 375.0625/633.333343505859 = 59.2% done in 1018.0s, 701.0s to go
on time step 18003 (time=375.062), 0.0561961 s/step
Meep progress: 376.5625/633.333343505859 = 59.5% done in 1022.0s, 696.9s to go
on time step 18075 (time=376.562), 0.0562883 s/step
Meep progress: 378.0625/633.333343505859 = 59.7% done in 1026.1s, 692.8s to go
on time step 18147 (time=378.062), 0.056335 s/step
Meep progress: 379.541666666667/633.333343505859 = 59.9% done in 1030.1s, 688.8s to go
on time step 18218 (time=379.542), 0.0563786 s/step
Meep progress: 381.020833333333/633.333343505859 = 60.2% done in 1034.1s, 684.8s to go
on time step 18289 (time=381.021), 0.0563475 s/step
Meep progress: 382.520833333333/633.333343505859 = 60.4% done in 1038.1s, 680.7s to go
on time step 18361 (time=382.521), 0.0562332 s/step
Meep progress: 384.0/633.333343505859 = 60.6% done in 1042.1s, 676.7s to go
on time step 18432 (time=384), 0.0563619 s/step
Meep progress: 385.479166666667/633.333343505859 = 60.9% done in 1046.1s, 672.6s to go
on time step 18503 (time=385.479), 0.056445 s/step
Meep progress: 386.979166666667/633.333343505859 = 61.1% done in 1050.2s, 668.5s to go
on time step 18575 (time=386.979), 0.05627 s/step
Meep progress: 388.479166666667/633.333343505859 = 61.3% done in 1054.2s, 664.5s to go
on time step 18647 (time=388.479), 0.0561703 s/step
Meep progress: 389.958333333333/633.333343505859 = 61.6% done in 1058.2s, 660.4s to go
on time step 18718 (time=389.958), 0.05649 s/step
Meep progress: 391.4375/633.333343505859 = 61.8% done in 1062.3s, 656.5s to go
on time step 18789 (time=391.438), 0.0570624 s/step
Meep progress: 392.916666666667/633.333343505859 = 62.0% done in 1066.3s, 652.5s to go
on time step 18860 (time=392.917), 0.0570718 s/step
Meep progress: 394.395833333333/633.333343505859 = 62.3% done in 1070.4s, 648.5s to go
on time step 18931 (time=394.396), 0.0570798 s/step
Meep progress: 395.875/633.333343505859 = 62.5% done in 1074.4s, 644.5s to go
on time step 19002 (time=395.875), 0.0570888 s/step
Meep progress: 397.354166666667/633.333343505859 = 62.7% done in 1078.5s, 640.5s to go
on time step 19073 (time=397.354), 0.0570995 s/step
Meep progress: 398.833333333333/633.333343505859 = 63.0% done in 1082.5s, 636.5s to go
on time step 19144 (time=398.833), 0.0569382 s/step
Meep progress: 400.333333333333/633.333343505859 = 63.2% done in 1086.6s, 632.4s to go
on time step 19216 (time=400.333), 0.0563173 s/step
Meep progress: 401.833333333333/633.333343505859 = 63.4% done in 1090.6s, 628.3s to go
on time step 19288 (time=401.833), 0.0562894 s/step
Meep progress: 403.3125/633.333343505859 = 63.7% done in 1094.6s, 624.3s to go
on time step 19359 (time=403.312), 0.0563907 s/step
Meep progress: 404.8125/633.333343505859 = 63.9% done in 1098.7s, 620.2s to go
on time step 19431 (time=404.812), 0.0563191 s/step
Meep progress: 406.3125/633.333343505859 = 64.2% done in 1102.8s, 616.1s to go
on time step 19503 (time=406.312), 0.0563023 s/step
Meep progress: 407.791666666667/633.333343505859 = 64.4% done in 1106.8s, 612.1s to go
on time step 19574 (time=407.792), 0.0563915 s/step
Meep progress: 409.291666666667/633.333343505859 = 64.6% done in 1110.8s, 608.0s to go
on time step 19646 (time=409.292), 0.0560042 s/step
Meep progress: 410.770833333333/633.333343505859 = 64.9% done in 1114.8s, 604.0s to go
on time step 19717 (time=410.771), 0.0569711 s/step
Meep progress: 412.25/633.333343505859 = 65.1% done in 1118.9s, 600.0s to go
on time step 19788 (time=412.25), 0.0566179 s/step
Meep progress: 413.729166666667/633.333343505859 = 65.3% done in 1122.9s, 596.0s to go
on time step 19859 (time=413.729), 0.056487 s/step
Meep progress: 415.229166666667/633.333343505859 = 65.6% done in 1126.9s, 591.9s to go
on time step 19931 (time=415.229), 0.0561545 s/step
Meep progress: 416.708333333333/633.333343505859 = 65.8% done in 1130.9s, 587.9s to go
on time step 20002 (time=416.708), 0.0566795 s/step
Meep progress: 418.1875/633.333343505859 = 66.0% done in 1135.0s, 583.9s to go
on time step 20073 (time=418.188), 0.0569934 s/step
Meep progress: 419.666666666667/633.333343505859 = 66.3% done in 1139.0s, 579.9s to go
on time step 20144 (time=419.667), 0.0564561 s/step
Meep progress: 421.166666666667/633.333343505859 = 66.5% done in 1143.0s, 575.8s to go
on time step 20216 (time=421.167), 0.0559116 s/step
Meep progress: 422.645833333333/633.333343505859 = 66.7% done in 1147.0s, 571.8s to go
on time step 20287 (time=422.646), 0.0564118 s/step
Meep progress: 424.125/633.333343505859 = 67.0% done in 1151.0s, 567.8s to go
on time step 20358 (time=424.125), 0.0563432 s/step
Meep progress: 425.625/633.333343505859 = 67.2% done in 1155.1s, 563.7s to go
on time step 20430 (time=425.625), 0.0562661 s/step
Meep progress: 427.104166666667/633.333343505859 = 67.4% done in 1159.1s, 559.7s to go
on time step 20501 (time=427.104), 0.0563395 s/step
Meep progress: 428.583333333333/633.333343505859 = 67.7% done in 1163.1s, 555.7s to go
on time step 20572 (time=428.583), 0.0567049 s/step
Meep progress: 430.0625/633.333343505859 = 67.9% done in 1167.1s, 551.6s to go
on time step 20643 (time=430.062), 0.0563798 s/step
Meep progress: 431.5625/633.333343505859 = 68.1% done in 1171.1s, 547.6s to go
on time step 20715 (time=431.562), 0.0562202 s/step
Meep progress: 433.041666666667/633.333343505859 = 68.4% done in 1175.2s, 543.5s to go
on time step 20786 (time=433.042), 0.0565073 s/step
Meep progress: 434.520833333333/633.333343505859 = 68.6% done in 1179.2s, 539.5s to go
on time step 20857 (time=434.521), 0.0563479 s/step
Meep progress: 436.020833333333/633.333343505859 = 68.8% done in 1183.2s, 535.4s to go
on time step 20929 (time=436.021), 0.0562969 s/step
Meep progress: 437.520833333333/633.333343505859 = 69.1% done in 1187.3s, 531.4s to go
on time step 21001 (time=437.521), 0.0561077 s/step
Meep progress: 439.0/633.333343505859 = 69.3% done in 1191.3s, 527.3s to go
on time step 21072 (time=439), 0.0567016 s/step
Meep progress: 440.479166666667/633.333343505859 = 69.5% done in 1195.3s, 523.3s to go
on time step 21143 (time=440.479), 0.0564855 s/step
Meep progress: 441.979166666667/633.333343505859 = 69.8% done in 1199.3s, 519.3s to go
on time step 21215 (time=441.979), 0.0562511 s/step
Meep progress: 443.479166666667/633.333343505859 = 70.0% done in 1203.4s, 515.2s to go
on time step 21287 (time=443.479), 0.0562474 s/step
Meep progress: 444.979166666667/633.333343505859 = 70.3% done in 1207.4s, 511.1s to go
on time step 21359 (time=444.979), 0.0562438 s/step
Meep progress: 446.479166666667/633.333343505859 = 70.5% done in 1211.5s, 507.0s to go
on time step 21431 (time=446.479), 0.0562473 s/step
Meep progress: 447.979166666667/633.333343505859 = 70.7% done in 1215.5s, 502.9s to go
on time step 21503 (time=447.979), 0.0562473 s/step
Meep progress: 449.479166666667/633.333343505859 = 71.0% done in 1219.6s, 498.9s to go
on time step 21575 (time=449.479), 0.0562319 s/step
Meep progress: 450.979166666667/633.333343505859 = 71.2% done in 1223.6s, 494.8s to go
on time step 21647 (time=450.979), 0.0563129 s/step
Meep progress: 452.458333333333/633.333343505859 = 71.4% done in 1227.6s, 490.8s to go
on time step 21718 (time=452.458), 0.0563684 s/step
Meep progress: 453.9375/633.333343505859 = 71.7% done in 1231.7s, 486.8s to go
on time step 21789 (time=453.938), 0.0565302 s/step
Meep progress: 455.4375/633.333343505859 = 71.9% done in 1235.7s, 482.7s to go
on time step 21861 (time=455.438), 0.0560852 s/step
Meep progress: 456.9375/633.333343505859 = 72.1% done in 1239.7s, 478.6s to go
on time step 21933 (time=456.938), 0.0562093 s/step
Meep progress: 458.416666666667/633.333343505859 = 72.4% done in 1243.8s, 474.6s to go
on time step 22004 (time=458.417), 0.0564645 s/step
Meep progress: 459.895833333333/633.333343505859 = 72.6% done in 1247.8s, 470.6s to go
on time step 22075 (time=459.896), 0.0570137 s/step
Meep progress: 461.375/633.333343505859 = 72.8% done in 1251.9s, 466.6s to go
on time step 22146 (time=461.375), 0.0571356 s/step
Meep progress: 462.854166666667/633.333343505859 = 73.1% done in 1255.9s, 462.6s to go
on time step 22217 (time=462.854), 0.0571269 s/step
Meep progress: 464.333333333333/633.333343505859 = 73.3% done in 1259.9s, 458.6s to go
on time step 22288 (time=464.333), 0.0566013 s/step
Meep progress: 465.833333333333/633.333343505859 = 73.6% done in 1264.0s, 454.5s to go
on time step 22360 (time=465.833), 0.0560794 s/step
Meep progress: 467.3125/633.333343505859 = 73.8% done in 1268.0s, 450.5s to go
on time step 22431 (time=467.312), 0.0565041 s/step
Meep progress: 468.791666666667/633.333343505859 = 74.0% done in 1272.0s, 446.5s to go
on time step 22502 (time=468.792), 0.0565514 s/step
Meep progress: 470.291666666667/633.333343505859 = 74.3% done in 1276.1s, 442.4s to go
on time step 22574 (time=470.292), 0.0562742 s/step
Meep progress: 471.770833333333/633.333343505859 = 74.5% done in 1280.1s, 438.4s to go
on time step 22645 (time=471.771), 0.0570769 s/step
Meep progress: 473.25/633.333343505859 = 74.7% done in 1284.2s, 434.4s to go
on time step 22716 (time=473.25), 0.0571197 s/step
Meep progress: 474.729166666667/633.333343505859 = 75.0% done in 1288.2s, 430.4s to go
on time step 22787 (time=474.729), 0.0571363 s/step
Meep progress: 476.208333333333/633.333343505859 = 75.2% done in 1292.3s, 426.4s to go
on time step 22858 (time=476.208), 0.0570864 s/step
Meep progress: 477.708333333333/633.333343505859 = 75.4% done in 1296.3s, 422.3s to go
on time step 22930 (time=477.708), 0.0562785 s/step
Meep progress: 479.208333333333/633.333343505859 = 75.7% done in 1300.4s, 418.2s to go
on time step 23002 (time=479.208), 0.0563004 s/step
Meep progress: 480.708333333333/633.333343505859 = 75.9% done in 1304.4s, 414.2s to go
on time step 23074 (time=480.708), 0.056113 s/step
Meep progress: 482.208333333333/633.333343505859 = 76.1% done in 1308.5s, 410.1s to go
on time step 23146 (time=482.208), 0.0563035 s/step
Meep progress: 483.6875/633.333343505859 = 76.4% done in 1312.5s, 406.1s to go
on time step 23217 (time=483.688), 0.0564052 s/step
Meep progress: 485.166666666667/633.333343505859 = 76.6% done in 1316.5s, 402.0s to go
on time step 23288 (time=485.167), 0.0563939 s/step
Meep progress: 486.666666666667/633.333343505859 = 76.8% done in 1320.5s, 398.0s to go
on time step 23360 (time=486.667), 0.0562585 s/step
Meep progress: 488.166666666667/633.333343505859 = 77.1% done in 1324.6s, 393.9s to go
on time step 23432 (time=488.167), 0.0562062 s/step
Meep progress: 489.666666666667/633.333343505859 = 77.3% done in 1328.6s, 389.8s to go
on time step 23504 (time=489.667), 0.0562882 s/step
Meep progress: 491.166666666667/633.333343505859 = 77.6% done in 1332.7s, 385.7s to go
on time step 23576 (time=491.167), 0.0560991 s/step
Meep progress: 492.645833333333/633.333343505859 = 77.8% done in 1336.7s, 381.7s to go
on time step 23647 (time=492.646), 0.0564033 s/step
Meep progress: 494.125/633.333343505859 = 78.0% done in 1340.7s, 377.7s to go
on time step 23718 (time=494.125), 0.0567565 s/step
Meep progress: 495.604166666667/633.333343505859 = 78.3% done in 1344.7s, 373.7s to go
on time step 23789 (time=495.604), 0.0565308 s/step
Meep progress: 497.083333333333/633.333343505859 = 78.5% done in 1348.8s, 369.7s to go
on time step 23860 (time=497.083), 0.0571415 s/step
Meep progress: 498.5625/633.333343505859 = 78.7% done in 1352.8s, 365.7s to go
on time step 23931 (time=498.562), 0.0570999 s/step
Meep progress: 500.020833333333/633.333343505859 = 79.0% done in 1356.8s, 361.7s to go
on time step 24001 (time=500.021), 0.0571454 s/step
Meep progress: 501.5/633.333343505859 = 79.2% done in 1360.9s, 357.7s to go
on time step 24072 (time=501.5), 0.0571394 s/step
Meep progress: 502.979166666667/633.333343505859 = 79.4% done in 1364.9s, 353.7s to go
on time step 24143 (time=502.979), 0.0570032 s/step
Meep progress: 504.458333333333/633.333343505859 = 79.7% done in 1369.0s, 349.7s to go
on time step 24214 (time=504.458), 0.0566238 s/step
Meep progress: 505.958333333333/633.333343505859 = 79.9% done in 1373.0s, 345.7s to go
on time step 24286 (time=505.958), 0.0562545 s/step
Meep progress: 507.458333333333/633.333343505859 = 80.1% done in 1377.1s, 341.6s to go
on time step 24358 (time=507.458), 0.0562917 s/step
Meep progress: 508.958333333333/633.333343505859 = 80.4% done in 1381.1s, 337.5s to go
on time step 24430 (time=508.958), 0.0562809 s/step
Meep progress: 510.4375/633.333343505859 = 80.6% done in 1385.1s, 333.5s to go
on time step 24501 (time=510.438), 0.056435 s/step
Meep progress: 511.9375/633.333343505859 = 80.8% done in 1389.2s, 329.4s to go
on time step 24573 (time=511.938), 0.0560945 s/step
Meep progress: 513.4375/633.333343505859 = 81.1% done in 1393.2s, 325.3s to go
on time step 24645 (time=513.438), 0.0562191 s/step
Meep progress: 514.9375/633.333343505859 = 81.3% done in 1397.2s, 321.3s to go
on time step 24717 (time=514.938), 0.0560233 s/step
Meep progress: 516.416666666667/633.333343505859 = 81.5% done in 1401.3s, 317.2s to go
on time step 24788 (time=516.417), 0.0568873 s/step
Meep progress: 517.895833333333/633.333343505859 = 81.8% done in 1405.3s, 313.2s to go
on time step 24859 (time=517.896), 0.0566102 s/step
Meep progress: 519.375/633.333343505859 = 82.0% done in 1409.3s, 309.2s to go
on time step 24930 (time=519.375), 0.0565005 s/step
Meep progress: 520.854166666667/633.333343505859 = 82.2% done in 1413.3s, 305.2s to go
on time step 25001 (time=520.854), 0.0564607 s/step
Meep progress: 522.333333333333/633.333343505859 = 82.5% done in 1417.3s, 301.2s to go
on time step 25072 (time=522.333), 0.0564187 s/step
Meep progress: 523.8125/633.333343505859 = 82.7% done in 1421.3s, 297.2s to go
on time step 25143 (time=523.812), 0.0564212 s/step
Meep progress: 525.291666666667/633.333343505859 = 82.9% done in 1425.3s, 293.2s to go
on time step 25214 (time=525.292), 0.0565233 s/step
Meep progress: 526.791666666667/633.333343505859 = 83.2% done in 1429.4s, 289.1s to go
on time step 25286 (time=526.792), 0.0561468 s/step
Meep progress: 528.270833333333/633.333343505859 = 83.4% done in 1433.4s, 285.1s to go
on time step 25357 (time=528.271), 0.0565476 s/step
Meep progress: 529.770833333333/633.333343505859 = 83.6% done in 1437.4s, 281.0s to go
on time step 25429 (time=529.771), 0.0561747 s/step
Meep progress: 531.25/633.333343505859 = 83.9% done in 1441.4s, 277.0s to go
on time step 25500 (time=531.25), 0.0563511 s/step
Meep progress: 532.729166666667/633.333343505859 = 84.1% done in 1445.4s, 273.0s to go
on time step 25571 (time=532.729), 0.0564054 s/step
Meep progress: 534.229166666667/633.333343505859 = 84.4% done in 1449.5s, 268.9s to go
on time step 25643 (time=534.229), 0.0562693 s/step
Meep progress: 535.729166666667/633.333343505859 = 84.6% done in 1453.6s, 264.8s to go
on time step 25715 (time=535.729), 0.0563248 s/step
Meep progress: 537.208333333333/633.333343505859 = 84.8% done in 1457.6s, 260.8s to go
on time step 25786 (time=537.208), 0.056421 s/step
Meep progress: 538.708333333333/633.333343505859 = 85.1% done in 1461.6s, 256.7s to go
on time step 25858 (time=538.708), 0.056309 s/step
Meep progress: 540.1875/633.333343505859 = 85.3% done in 1465.6s, 252.7s to go
on time step 25929 (time=540.188), 0.0564117 s/step
Meep progress: 541.666666666667/633.333343505859 = 85.5% done in 1469.6s, 248.7s to go
on time step 26000 (time=541.667), 0.0563974 s/step
Meep progress: 543.166666666667/633.333343505859 = 85.8% done in 1473.7s, 244.6s to go
on time step 26072 (time=543.167), 0.0562943 s/step
Meep progress: 544.645833333333/633.333343505859 = 86.0% done in 1477.7s, 240.6s to go
on time step 26143 (time=544.646), 0.0569415 s/step
Meep progress: 546.125/633.333343505859 = 86.2% done in 1481.7s, 236.6s to go
on time step 26214 (time=546.125), 0.056463 s/step
Meep progress: 547.604166666667/633.333343505859 = 86.5% done in 1485.8s, 232.6s to go
on time step 26285 (time=547.604), 0.0568321 s/step
Meep progress: 549.0625/633.333343505859 = 86.7% done in 1489.8s, 228.7s to go
on time step 26355 (time=549.062), 0.0572422 s/step
Meep progress: 550.520833333333/633.333343505859 = 86.9% done in 1493.8s, 224.7s to go
on time step 26425 (time=550.521), 0.05723 s/step
Meep progress: 551.979166666667/633.333343505859 = 87.2% done in 1497.8s, 220.8s to go
on time step 26495 (time=551.979), 0.0572538 s/step
Meep progress: 553.4375/633.333343505859 = 87.4% done in 1501.8s, 216.8s to go
on time step 26565 (time=553.438), 0.0572418 s/step
Meep progress: 554.895833333333/633.333343505859 = 87.6% done in 1505.8s, 212.9s to go
on time step 26635 (time=554.896), 0.0571882 s/step
Meep progress: 556.354166666667/633.333343505859 = 87.8% done in 1509.8s, 208.9s to go
on time step 26705 (time=556.354), 0.0572273 s/step
Meep progress: 557.8125/633.333343505859 = 88.1% done in 1513.8s, 205.0s to go
on time step 26775 (time=557.812), 0.0572201 s/step
Meep progress: 559.270833333333/633.333343505859 = 88.3% done in 1517.8s, 201.0s to go
on time step 26845 (time=559.271), 0.0572515 s/step
Meep progress: 560.75/633.333343505859 = 88.5% done in 1521.8s, 197.0s to go
on time step 26916 (time=560.75), 0.0568064 s/step
Meep progress: 562.25/633.333343505859 = 88.8% done in 1525.9s, 192.9s to go
on time step 26988 (time=562.25), 0.0562756 s/step
Meep progress: 563.729166666667/633.333343505859 = 89.0% done in 1530.0s, 188.9s to go
on time step 27059 (time=563.729), 0.0570941 s/step
Meep progress: 565.1875/633.333343505859 = 89.2% done in 1534.0s, 185.0s to go
on time step 27129 (time=565.188), 0.0572426 s/step
Meep progress: 566.645833333333/633.333343505859 = 89.5% done in 1538.0s, 181.0s to go
on time step 27199 (time=566.646), 0.057214 s/step
Meep progress: 568.104166666667/633.333343505859 = 89.7% done in 1542.0s, 177.0s to go
on time step 27269 (time=568.104), 0.0572377 s/step
Meep progress: 569.5625/633.333343505859 = 89.9% done in 1546.0s, 173.1s to go
on time step 27339 (time=569.562), 0.0572159 s/step
Meep progress: 571.020833333333/633.333343505859 = 90.2% done in 1550.0s, 169.1s to go
on time step 27409 (time=571.021), 0.0572347 s/step
Meep progress: 572.479166666667/633.333343505859 = 90.4% done in 1554.0s, 165.2s to go
on time step 27479 (time=572.479), 0.0572213 s/step
Meep progress: 573.9375/633.333343505859 = 90.6% done in 1558.0s, 161.2s to go
on time step 27549 (time=573.938), 0.0572183 s/step
Meep progress: 575.395833333333/633.333343505859 = 90.9% done in 1562.0s, 157.3s to go
on time step 27619 (time=575.396), 0.0572272 s/step
Meep progress: 576.854166666667/633.333343505859 = 91.1% done in 1566.0s, 153.3s to go
on time step 27689 (time=576.854), 0.0572492 s/step
Meep progress: 578.3125/633.333343505859 = 91.3% done in 1570.0s, 149.4s to go
on time step 27759 (time=578.312), 0.0572517 s/step
Meep progress: 579.791666666667/633.333343505859 = 91.5% done in 1574.1s, 145.4s to go
on time step 27830 (time=579.792), 0.056866 s/step
Meep progress: 581.270833333333/633.333343505859 = 91.8% done in 1578.1s, 141.3s to go
on time step 27901 (time=581.271), 0.0569321 s/step
Meep progress: 582.75/633.333343505859 = 92.0% done in 1582.1s, 137.3s to go
on time step 27972 (time=582.75), 0.0563706 s/step
Meep progress: 584.229166666667/633.333343505859 = 92.2% done in 1586.1s, 133.3s to go
on time step 28043 (time=584.229), 0.0564118 s/step
Meep progress: 585.708333333333/633.333343505859 = 92.5% done in 1590.1s, 129.3s to go
on time step 28114 (time=585.708), 0.0563969 s/step
Meep progress: 587.1875/633.333343505859 = 92.7% done in 1594.1s, 125.3s to go
on time step 28185 (time=587.188), 0.0564505 s/step
Meep progress: 588.666666666667/633.333343505859 = 92.9% done in 1598.1s, 121.3s to go
on time step 28256 (time=588.667), 0.0564028 s/step
Meep progress: 590.145833333333/633.333343505859 = 93.2% done in 1602.1s, 117.2s to go
on time step 28327 (time=590.146), 0.0563865 s/step
Meep progress: 591.625/633.333343505859 = 93.4% done in 1606.1s, 113.2s to go
on time step 28398 (time=591.625), 0.0563985 s/step
Meep progress: 593.104166666667/633.333343505859 = 93.6% done in 1610.1s, 109.2s to go
on time step 28469 (time=593.104), 0.056407 s/step
Meep progress: 594.604166666667/633.333343505859 = 93.9% done in 1614.2s, 105.1s to go
on time step 28541 (time=594.604), 0.0561681 s/step
Meep progress: 596.104166666667/633.333343505859 = 94.1% done in 1618.2s, 101.1s to go
on time step 28613 (time=596.104), 0.0561903 s/step
Meep progress: 597.583333333333/633.333343505859 = 94.4% done in 1622.3s, 97.1s to go
on time step 28684 (time=597.583), 0.0567522 s/step
Meep progress: 599.041666666667/633.333343505859 = 94.6% done in 1626.3s, 93.1s to go
on time step 28754 (time=599.042), 0.0572061 s/step
Meep progress: 600.5/633.333343505859 = 94.8% done in 1630.3s, 89.1s to go
on time step 28824 (time=600.5), 0.0571885 s/step
Meep progress: 601.958333333333/633.333343505859 = 95.0% done in 1634.3s, 85.2s to go
on time step 28894 (time=601.958), 0.057204 s/step
Meep progress: 603.416666666667/633.333343505859 = 95.3% done in 1638.3s, 81.2s to go
on time step 28964 (time=603.417), 0.0572301 s/step
Meep progress: 604.875/633.333343505859 = 95.5% done in 1642.3s, 77.3s to go
on time step 29034 (time=604.875), 0.0572228 s/step
Meep progress: 606.333333333333/633.333343505859 = 95.7% done in 1646.3s, 73.3s to go
on time step 29104 (time=606.333), 0.057237 s/step
Meep progress: 607.8125/633.333343505859 = 96.0% done in 1650.3s, 69.3s to go
on time step 29175 (time=607.812), 0.0567512 s/step
Meep progress: 609.291666666667/633.333343505859 = 96.2% done in 1654.3s, 65.3s to go
on time step 29246 (time=609.292), 0.056369 s/step
Meep progress: 610.791666666667/633.333343505859 = 96.4% done in 1658.4s, 61.2s to go
on time step 29318 (time=610.792), 0.0563453 s/step
Meep progress: 612.270833333333/633.333343505859 = 96.7% done in 1662.4s, 57.2s to go
on time step 29389 (time=612.271), 0.0565186 s/step
Meep progress: 613.75/633.333343505859 = 96.9% done in 1666.4s, 53.2s to go
on time step 29460 (time=613.75), 0.056545 s/step
Meep progress: 615.229166666667/633.333343505859 = 97.1% done in 1670.4s, 49.2s to go
on time step 29531 (time=615.229), 0.0566058 s/step
Meep progress: 616.729166666667/633.333343505859 = 97.4% done in 1674.5s, 45.1s to go
on time step 29603 (time=616.729), 0.0563039 s/step
Meep progress: 618.208333333333/633.333343505859 = 97.6% done in 1678.5s, 41.1s to go
on time step 29674 (time=618.208), 0.0565106 s/step
Meep progress: 619.6875/633.333343505859 = 97.8% done in 1682.5s, 37.0s to go
on time step 29745 (time=619.688), 0.0565487 s/step
Meep progress: 621.1875/633.333343505859 = 98.1% done in 1686.6s, 33.0s to go
on time step 29817 (time=621.188), 0.0563312 s/step
Meep progress: 622.666666666667/633.333343505859 = 98.3% done in 1690.6s, 29.0s to go
on time step 29888 (time=622.667), 0.0564814 s/step
Meep progress: 624.145833333333/633.333343505859 = 98.5% done in 1694.6s, 24.9s to go
on time step 29959 (time=624.146), 0.0563411 s/step
Meep progress: 625.625/633.333343505859 = 98.8% done in 1698.6s, 20.9s to go
on time step 30030 (time=625.625), 0.0563822 s/step
Meep progress: 627.104166666667/633.333343505859 = 99.0% done in 1702.6s, 16.9s to go
on time step 30101 (time=627.104), 0.0564563 s/step
Meep progress: 628.583333333333/633.333343505859 = 99.2% done in 1706.6s, 12.9s to go
on time step 30173 (time=628.604), 0.0563383 s/step
Meep progress: 630.083333333333/633.333343505859 = 99.5% done in 1710.6s, 8.8s to go
on time step 30245 (time=630.104), 0.0561248 s/step
Meep progress: 631.5625/633.333343505859 = 99.7% done in 1714.6s, 4.8s to go
on time step 30316 (time=631.583), 0.0565228 s/step
Meep progress: 633.041666666667/633.333343505859 = 100.0% done in 1718.6s, 0.8s to go
on time step 30387 (time=633.062), 0.0564081 s/step
harminv0:, frequency, imag. freq., Q, |amp|, amplitude, error
harminv0:, 0.454231957144217, -3.58030216982755e-7, 634348.632598929, 18.6170209412893, -4.99785808757197-17.9336243761515i, 6.06075756163196e-12
run 0 finished at t = 633.354166666667 (30401 timesteps)

Elapsed run time = 1721.09 s

Some deprecated features have been used.  Set the environment
variable GUILE_WARN_DEPRECATED to "detailed" and rerun the
program to get more information.  Set it to "no" to suppress
this message.

Some deprecated features have been used.  Set the environment
variable GUILE_WARN_DEPRECATED to "detailed" and rerun the
program to get more information.  Set it to "no" to suppress
this message.
