wade: kx = 0.27600 ; ky = 0 
Using MPI version 2.1, 2 processes
command-line param: kx=0.27600
command-line param: ky=0
command-line param: fcen=0.452612
command-line param: kx=0.27600
command-line param: ky=0
command-line param: fcen=0.452612
-----------
Initializing structure...
Working in 3D dimensions.
Computational cell is 1 x 1 x 15 with resolution 24
     block, center = (0,0,3.75)
          size (1e+20,1e+20,7.5)
          axes (1,0,0), (0,1,0), (0,0,1)
          dielectric constant epsilon diagonal = (2.12576,2.12576,2.12576)
     block, center = (0,0,-3.75)
          size (1e+20,1e+20,7.5)
          axes (1,0,0), (0,1,0), (0,0,1)
          dielectric constant epsilon diagonal = (2.12576,2.12576,2.12576)
     block, center = (0,0,0)
          size (1e+20,1e+20,0.533333)
          axes (1,0,0), (0,1,0), (0,0,1)
          dielectric constant epsilon diagonal = (4.07232,4.07232,4.07232)
     cylinder, center = (0,0,0)
          radius 0.238095, height 1.06667, axis (0.0871557, 0, 0.996195)
          dielectric constant epsilon diagonal = (2.12576,2.12576,2.12576)
time for set_epsilon = 1.30819 s
-----------
Meep progress: 1.375/633.333343505859 = 0.2% done in 4.0s, 1844.8s to go
on time step 66 (time=1.375), 0.0608216 s/step
Meep progress: 2.85416666666667/633.333343505859 = 0.5% done in 8.1s, 1780.8s to go
on time step 137 (time=2.85417), 0.0570092 s/step
Meep progress: 4.33333333333333/633.333343505859 = 0.7% done in 12.1s, 1753.4s to go
on time step 208 (time=4.33333), 0.0565841 s/step
Meep progress: 5.8125/633.333343505859 = 0.9% done in 16.1s, 1737.7s to go
on time step 279 (time=5.8125), 0.0565706 s/step
Meep progress: 7.29166666666667/633.333343505859 = 1.2% done in 20.1s, 1727.9s to go
on time step 350 (time=7.29167), 0.0567464 s/step
Meep progress: 8.77083333333333/633.333343505859 = 1.4% done in 24.1s, 1718.5s to go
on time step 421 (time=8.77083), 0.0564465 s/step
Meep progress: 10.25/633.333343505859 = 1.6% done in 28.1s, 1710.5s to go
on time step 492 (time=10.25), 0.0564156 s/step
Meep progress: 11.7291666666667/633.333343505859 = 1.9% done in 32.2s, 1704.7s to go
on time step 563 (time=11.7292), 0.0567265 s/step
Meep progress: 13.2083333333333/633.333343505859 = 2.1% done in 36.2s, 1699.5s to go
on time step 634 (time=13.2083), 0.0568092 s/step
Meep progress: 14.6875/633.333343505859 = 2.3% done in 40.2s, 1694.6s to go
on time step 705 (time=14.6875), 0.0568154 s/step
Meep progress: 16.1666666666667/633.333343505859 = 2.6% done in 44.3s, 1689.5s to go
on time step 776 (time=16.1667), 0.0566808 s/step
Meep progress: 17.6458333333333/633.333343505859 = 2.8% done in 48.3s, 1684.4s to go
on time step 847 (time=17.6458), 0.0565826 s/step
Meep progress: 19.125/633.333343505859 = 3.0% done in 52.3s, 1679.3s to go
on time step 918 (time=19.125), 0.0565239 s/step
Meep progress: 20.6041666666667/633.333343505859 = 3.3% done in 56.3s, 1674.3s to go
on time step 989 (time=20.6042), 0.0565101 s/step
Meep progress: 22.0833333333333/633.333343505859 = 3.5% done in 60.3s, 1669.4s to go
on time step 1060 (time=22.0833), 0.0565264 s/step
Meep progress: 23.5625/633.333343505859 = 3.7% done in 64.3s, 1664.7s to go
on time step 1131 (time=23.5625), 0.0564955 s/step
Meep progress: 25.0625/633.333343505859 = 4.0% done in 68.4s, 1659.5s to go
on time step 1203 (time=25.0625), 0.0562591 s/step
Meep progress: 26.5416666666667/633.333343505859 = 4.2% done in 72.4s, 1655.4s to go
on time step 1274 (time=26.5417), 0.0568012 s/step
Meep progress: 28.0208333333333/633.333343505859 = 4.4% done in 76.4s, 1651.1s to go
on time step 1345 (time=28.0208), 0.0566419 s/step
Meep progress: 29.5/633.333343505859 = 4.7% done in 80.4s, 1646.4s to go
on time step 1416 (time=29.5), 0.0564156 s/step
Meep progress: 30.9791666666667/633.333343505859 = 4.9% done in 84.5s, 1642.3s to go
on time step 1487 (time=30.9792), 0.056736 s/step
Meep progress: 32.4375/633.333343505859 = 5.1% done in 88.5s, 1639.1s to go
on time step 1557 (time=32.4375), 0.057356 s/step
Meep progress: 33.8958333333333/633.333343505859 = 5.4% done in 92.5s, 1635.7s to go
on time step 1627 (time=33.8958), 0.057323 s/step
Meep progress: 35.3541666666667/633.333343505859 = 5.6% done in 96.5s, 1632.2s to go
on time step 1697 (time=35.3542), 0.0572872 s/step
Meep progress: 36.8125/633.333343505859 = 5.8% done in 100.5s, 1628.7s to go
on time step 1767 (time=36.8125), 0.0572838 s/step
Meep progress: 38.2916666666667/633.333343505859 = 6.0% done in 104.6s, 1624.9s to go
on time step 1838 (time=38.2917), 0.0570474 s/step
Meep progress: 39.7708333333333/633.333343505859 = 6.3% done in 108.6s, 1620.9s to go
on time step 1909 (time=39.7708), 0.0569281 s/step
Meep progress: 41.25/633.333343505859 = 6.5% done in 112.6s, 1616.7s to go
on time step 1980 (time=41.25), 0.0567291 s/step
Meep progress: 42.7291666666667/633.333343505859 = 6.7% done in 116.7s, 1612.5s to go
on time step 2051 (time=42.7292), 0.0567161 s/step
Meep progress: 44.2083333333333/633.333343505859 = 7.0% done in 120.7s, 1608.2s to go
on time step 2122 (time=44.2083), 0.0566379 s/step
Meep progress: 45.6875/633.333343505859 = 7.2% done in 124.7s, 1603.8s to go
on time step 2193 (time=45.6875), 0.0564595 s/step
Meep progress: 47.1666666666667/633.333343505859 = 7.4% done in 128.7s, 1599.5s to go
on time step 2264 (time=47.1667), 0.0565438 s/step
Meep progress: 48.6458333333333/633.333343505859 = 7.7% done in 132.7s, 1595.3s to go
on time step 2335 (time=48.6458), 0.0566955 s/step
Meep progress: 50.125/633.333343505859 = 7.9% done in 136.8s, 1591.1s to go
on time step 2406 (time=50.125), 0.0566759 s/step
Meep progress: 51.5833333333333/633.333343505859 = 8.1% done in 140.8s, 1587.5s to go
on time step 2476 (time=51.5833), 0.0572428 s/step
Meep progress: 53.0625/633.333343505859 = 8.4% done in 144.8s, 1583.6s to go
on time step 2547 (time=53.0625), 0.0570373 s/step
Meep progress: 54.5416666666667/633.333343505859 = 8.6% done in 148.9s, 1579.6s to go
on time step 2618 (time=54.5417), 0.0569743 s/step
Meep progress: 56.0208333333333/633.333343505859 = 8.8% done in 152.9s, 1575.5s to go
on time step 2689 (time=56.0208), 0.0567665 s/step
Meep progress: 57.5/633.333343505859 = 9.1% done in 156.9s, 1571.3s to go
on time step 2760 (time=57.5), 0.0566362 s/step
Meep progress: 58.9791666666667/633.333343505859 = 9.3% done in 160.9s, 1567.1s to go
on time step 2831 (time=58.9792), 0.0564941 s/step
Meep progress: 60.4583333333333/633.333343505859 = 9.5% done in 164.9s, 1562.7s to go
on time step 2902 (time=60.4583), 0.0564223 s/step
Meep progress: 61.9375/633.333343505859 = 9.8% done in 168.9s, 1558.5s to go
on time step 2973 (time=61.9375), 0.0565242 s/step
Meep progress: 63.4166666666667/633.333343505859 = 10.0% done in 173.0s, 1554.6s to go
on time step 3044 (time=63.4167), 0.0569499 s/step
Meep progress: 64.8958333333333/633.333343505859 = 10.2% done in 177.0s, 1550.7s to go
on time step 3115 (time=64.8958), 0.0571354 s/step
Meep progress: 66.375/633.333343505859 = 10.5% done in 181.1s, 1546.5s to go
on time step 3186 (time=66.375), 0.0565784 s/step
Meep progress: 67.8541666666667/633.333343505859 = 10.7% done in 185.1s, 1542.4s to go
on time step 3257 (time=67.8542), 0.0566954 s/step
Meep progress: 69.3333333333333/633.333343505859 = 10.9% done in 189.1s, 1538.2s to go
on time step 3328 (time=69.3333), 0.0565554 s/step
Meep progress: 70.8125/633.333343505859 = 11.2% done in 193.1s, 1534.3s to go
on time step 3399 (time=70.8125), 0.0569937 s/step
Meep progress: 72.2916666666667/633.333343505859 = 11.4% done in 197.2s, 1530.4s to go
on time step 3470 (time=72.2917), 0.0570208 s/step
Meep progress: 73.7708333333333/633.333343505859 = 11.6% done in 201.2s, 1526.2s to go
on time step 3541 (time=73.7708), 0.0566863 s/step
Meep progress: 75.25/633.333343505859 = 11.9% done in 205.2s, 1522.1s to go
on time step 3612 (time=75.25), 0.0565757 s/step
Meep progress: 76.7291666666667/633.333343505859 = 12.1% done in 209.2s, 1517.9s to go
on time step 3683 (time=76.7292), 0.0565632 s/step
Meep progress: 78.2083333333333/633.333343505859 = 12.3% done in 213.3s, 1513.8s to go
on time step 3754 (time=78.2083), 0.056574 s/step
Meep progress: 79.6875/633.333343505859 = 12.6% done in 217.3s, 1509.6s to go
on time step 3825 (time=79.6875), 0.0566248 s/step
Meep progress: 81.1875/633.333343505859 = 12.8% done in 221.3s, 1505.3s to go
on time step 3897 (time=81.1875), 0.0563164 s/step
Meep progress: 82.6666666666667/633.333343505859 = 13.1% done in 225.4s, 1501.4s to go
on time step 3968 (time=82.6667), 0.0569737 s/step
Meep progress: 84.1458333333333/633.333343505859 = 13.3% done in 229.4s, 1497.4s to go
on time step 4039 (time=84.1458), 0.0570011 s/step
Meep progress: 85.625/633.333343505859 = 13.5% done in 233.5s, 1493.5s to go
on time step 4110 (time=85.625), 0.0569937 s/step
Meep progress: 87.1041666666667/633.333343505859 = 13.8% done in 237.5s, 1489.5s to go
on time step 4181 (time=87.1042), 0.0569744 s/step
Meep progress: 88.5833333333333/633.333343505859 = 14.0% done in 241.6s, 1485.5s to go
on time step 4252 (time=88.5833), 0.0569622 s/step
Meep progress: 90.0625/633.333343505859 = 14.2% done in 245.6s, 1481.5s to go
on time step 4323 (time=90.0625), 0.056764 s/step
Meep progress: 91.5416666666667/633.333343505859 = 14.5% done in 249.6s, 1477.4s to go
on time step 4394 (time=91.5417), 0.0566602 s/step
Meep progress: 93.0208333333333/633.333343505859 = 14.7% done in 253.6s, 1473.2s to go
on time step 4465 (time=93.0208), 0.0565139 s/step
Meep progress: 94.5208333333333/633.333343505859 = 14.9% done in 257.7s, 1468.9s to go
on time step 4537 (time=94.5208), 0.0562138 s/step
Meep progress: 96.0/633.333343505859 = 15.2% done in 261.7s, 1464.8s to go
on time step 4608 (time=96), 0.0566294 s/step
Meep progress: 97.4791666666667/633.333343505859 = 15.4% done in 265.7s, 1460.8s to go
on time step 4679 (time=97.4792), 0.0568039 s/step
Meep progress: 98.9583333333333/633.333343505859 = 15.6% done in 269.8s, 1456.7s to go
on time step 4750 (time=98.9583), 0.0565843 s/step
Meep progress: 100.4375/633.333343505859 = 15.9% done in 273.8s, 1452.6s to go
on time step 4821 (time=100.438), 0.0565769 s/step
Meep progress: 101.916666666667/633.333343505859 = 16.1% done in 277.8s, 1448.5s to go
on time step 4892 (time=101.917), 0.056717 s/step
Meep progress: 103.395833333333/633.333343505859 = 16.3% done in 281.8s, 1444.4s to go
on time step 4963 (time=103.396), 0.0565684 s/step
Meep progress: 104.875/633.333343505859 = 16.6% done in 285.8s, 1440.3s to go
on time step 5034 (time=104.875), 0.0566501 s/step
Meep progress: 106.354166666667/633.333343505859 = 16.8% done in 289.9s, 1436.2s to go
on time step 5105 (time=106.354), 0.0565512 s/step
Meep progress: 107.833333333333/633.333343505859 = 17.0% done in 293.9s, 1432.0s to go
on time step 5176 (time=107.833), 0.0563594 s/step
Meep progress: 109.3125/633.333343505859 = 17.3% done in 297.9s, 1427.9s to go
on time step 5247 (time=109.312), 0.0564173 s/step
Meep progress: 110.791666666667/633.333343505859 = 17.5% done in 301.9s, 1423.8s to go
on time step 5318 (time=110.792), 0.056614 s/step
Meep progress: 112.25/633.333343505859 = 17.7% done in 305.9s, 1420.0s to go
on time step 5388 (time=112.25), 0.0572413 s/step
Meep progress: 113.708333333333/633.333343505859 = 18.0% done in 309.9s, 1416.1s to go
on time step 5458 (time=113.708), 0.0572334 s/step
Meep progress: 115.1875/633.333343505859 = 18.2% done in 313.9s, 1412.2s to go
on time step 5529 (time=115.188), 0.0571152 s/step
Meep progress: 116.666666666667/633.333343505859 = 18.4% done in 318.0s, 1408.3s to go
on time step 5600 (time=116.667), 0.0569846 s/step
Meep progress: 118.145833333333/633.333343505859 = 18.7% done in 322.0s, 1404.2s to go
on time step 5671 (time=118.146), 0.0566244 s/step
Meep progress: 119.625/633.333343505859 = 18.9% done in 326.0s, 1400.1s to go
on time step 5742 (time=119.625), 0.0567174 s/step
Meep progress: 121.104166666667/633.333343505859 = 19.1% done in 330.0s, 1396.0s to go
on time step 5813 (time=121.104), 0.0564398 s/step
Meep progress: 122.583333333333/633.333343505859 = 19.4% done in 334.1s, 1391.8s to go
on time step 5884 (time=122.583), 0.0564147 s/step
Meep progress: 124.083333333333/633.333343505859 = 19.6% done in 338.1s, 1387.6s to go
on time step 5956 (time=124.083), 0.0561853 s/step
Meep progress: 125.5625/633.333343505859 = 19.8% done in 342.2s, 1383.6s to go
on time step 6027 (time=125.562), 0.0570853 s/step
Meep progress: 127.020833333333/633.333343505859 = 20.1% done in 346.2s, 1379.8s to go
on time step 6097 (time=127.021), 0.0572868 s/step
Meep progress: 128.5/633.333343505859 = 20.3% done in 350.2s, 1375.8s to go
on time step 6168 (time=128.5), 0.0568251 s/step
Meep progress: 129.979166666667/633.333343505859 = 20.5% done in 354.2s, 1371.7s to go
on time step 6239 (time=129.979), 0.0565464 s/step
Meep progress: 131.458333333333/633.333343505859 = 20.8% done in 358.2s, 1367.6s to go
on time step 6310 (time=131.458), 0.0565759 s/step
Meep progress: 132.9375/633.333343505859 = 21.0% done in 362.2s, 1363.5s to go
on time step 6381 (time=132.938), 0.0565422 s/step
Meep progress: 134.416666666667/633.333343505859 = 21.2% done in 366.3s, 1359.5s to go
on time step 6452 (time=134.417), 0.0567229 s/step
Meep progress: 135.875/633.333343505859 = 21.5% done in 370.3s, 1355.6s to go
on time step 6522 (time=135.875), 0.0572817 s/step
Meep progress: 137.333333333333/633.333343505859 = 21.7% done in 374.3s, 1351.8s to go
on time step 6592 (time=137.333), 0.0572281 s/step
Meep progress: 138.791666666667/633.333343505859 = 21.9% done in 378.3s, 1347.9s to go
on time step 6662 (time=138.792), 0.0572411 s/step
Meep progress: 140.25/633.333343505859 = 22.1% done in 382.3s, 1344.1s to go
on time step 6732 (time=140.25), 0.0572424 s/step
Meep progress: 141.708333333333/633.333343505859 = 22.4% done in 386.3s, 1340.2s to go
on time step 6802 (time=141.708), 0.057179 s/step
Meep progress: 143.1875/633.333343505859 = 22.6% done in 390.3s, 1336.2s to go
on time step 6873 (time=143.188), 0.0570039 s/step
Meep progress: 144.666666666667/633.333343505859 = 22.8% done in 394.4s, 1332.1s to go
on time step 6944 (time=144.667), 0.0565498 s/step
Meep progress: 146.145833333333/633.333343505859 = 23.1% done in 398.4s, 1328.0s to go
on time step 7015 (time=146.146), 0.0564461 s/step
Meep progress: 147.625/633.333343505859 = 23.3% done in 402.4s, 1323.9s to go
on time step 7086 (time=147.625), 0.0564718 s/step
Meep progress: 149.104166666667/633.333343505859 = 23.5% done in 406.4s, 1319.8s to go
on time step 7157 (time=149.104), 0.0564512 s/step
Meep progress: 150.583333333333/633.333343505859 = 23.8% done in 410.4s, 1315.7s to go
on time step 7228 (time=150.583), 0.0564167 s/step
Meep progress: 152.0625/633.333343505859 = 24.0% done in 414.4s, 1311.6s to go
on time step 7299 (time=152.062), 0.0564648 s/step
Meep progress: 153.541666666667/633.333343505859 = 24.2% done in 418.4s, 1307.5s to go
on time step 7370 (time=153.542), 0.0566468 s/step
Meep progress: 155.020833333333/633.333343505859 = 24.5% done in 422.5s, 1303.5s to go
on time step 7441 (time=155.021), 0.0570005 s/step
Meep progress: 156.5/633.333343505859 = 24.7% done in 426.5s, 1299.5s to go
on time step 7512 (time=156.5), 0.0567121 s/step
Meep progress: 157.979166666667/633.333343505859 = 24.9% done in 430.5s, 1295.5s to go
on time step 7583 (time=157.979), 0.056863 s/step
Meep progress: 159.458333333333/633.333343505859 = 25.2% done in 434.6s, 1291.5s to go
on time step 7654 (time=159.458), 0.0568988 s/step
Meep progress: 160.9375/633.333343505859 = 25.4% done in 438.6s, 1287.4s to go
on time step 7725 (time=160.938), 0.0565846 s/step
Meep progress: 162.4375/633.333343505859 = 25.6% done in 442.6s, 1283.2s to go
on time step 7797 (time=162.438), 0.0561806 s/step
Meep progress: 163.9375/633.333343505859 = 25.9% done in 446.7s, 1279.0s to go
on time step 7869 (time=163.938), 0.0563332 s/step
Meep progress: 165.416666666667/633.333343505859 = 26.1% done in 450.7s, 1274.9s to go
on time step 7940 (time=165.417), 0.0565913 s/step
Meep progress: 166.895833333333/633.333343505859 = 26.4% done in 454.7s, 1270.9s to go
on time step 8011 (time=166.896), 0.0565214 s/step
Meep progress: 168.375/633.333343505859 = 26.6% done in 458.7s, 1266.8s to go
on time step 8082 (time=168.375), 0.0564374 s/step
Meep progress: 169.854166666667/633.333343505859 = 26.8% done in 462.8s, 1262.7s to go
on time step 8153 (time=169.854), 0.0566359 s/step
Meep progress: 171.333333333333/633.333343505859 = 27.1% done in 466.8s, 1258.7s to go
on time step 8224 (time=171.333), 0.0566329 s/step
Meep progress: 172.8125/633.333343505859 = 27.3% done in 470.8s, 1254.6s to go
on time step 8295 (time=172.812), 0.0563382 s/step
Meep progress: 174.291666666667/633.333343505859 = 27.5% done in 474.8s, 1250.5s to go
on time step 8366 (time=174.292), 0.0563928 s/step
Meep progress: 175.770833333333/633.333343505859 = 27.8% done in 478.8s, 1246.4s to go
on time step 8437 (time=175.771), 0.0563681 s/step
Meep progress: 177.270833333333/633.333343505859 = 28.0% done in 482.8s, 1242.2s to go
on time step 8509 (time=177.271), 0.0563037 s/step
Meep progress: 178.75/633.333343505859 = 28.2% done in 486.8s, 1238.1s to go
on time step 8580 (time=178.75), 0.0563947 s/step
Meep progress: 180.229166666667/633.333343505859 = 28.5% done in 490.8s, 1234.0s to go
on time step 8651 (time=180.229), 0.0563544 s/step
Meep progress: 181.708333333333/633.333343505859 = 28.7% done in 494.9s, 1229.9s to go
on time step 8722 (time=181.708), 0.0565735 s/step
Meep progress: 183.1875/633.333343505859 = 28.9% done in 498.9s, 1225.8s to go
on time step 8793 (time=183.188), 0.0563515 s/step
Meep progress: 184.666666666667/633.333343505859 = 29.2% done in 502.9s, 1221.8s to go
on time step 8864 (time=184.667), 0.0563707 s/step
Meep progress: 186.145833333333/633.333343505859 = 29.4% done in 506.9s, 1217.7s to go
on time step 8935 (time=186.146), 0.0563604 s/step
Meep progress: 187.625/633.333343505859 = 29.6% done in 510.9s, 1213.6s to go
on time step 9006 (time=187.625), 0.0564197 s/step
Meep progress: 189.104166666667/633.333343505859 = 29.9% done in 514.9s, 1209.5s to go
on time step 9077 (time=189.104), 0.0564339 s/step
Meep progress: 190.583333333333/633.333343505859 = 30.1% done in 518.9s, 1205.4s to go
on time step 9148 (time=190.583), 0.0564518 s/step
Meep progress: 192.0625/633.333343505859 = 30.3% done in 522.9s, 1201.4s to go
on time step 9219 (time=192.062), 0.0566098 s/step
Meep progress: 193.541666666667/633.333343505859 = 30.6% done in 526.9s, 1197.3s to go
on time step 9290 (time=193.542), 0.0564561 s/step
Meep progress: 195.020833333333/633.333343505859 = 30.8% done in 530.9s, 1193.3s to go
on time step 9361 (time=195.021), 0.0566655 s/step
Meep progress: 196.5/633.333343505859 = 31.0% done in 535.0s, 1189.2s to go
on time step 9432 (time=196.5), 0.0565438 s/step
Meep progress: 198.0/633.333343505859 = 31.3% done in 539.0s, 1185.1s to go
on time step 9504 (time=198), 0.0561489 s/step
Meep progress: 199.458333333333/633.333343505859 = 31.5% done in 543.0s, 1181.2s to go
on time step 9574 (time=199.458), 0.0572025 s/step
Meep progress: 200.916666666667/633.333343505859 = 31.7% done in 547.0s, 1177.3s to go
on time step 9644 (time=200.917), 0.0571746 s/step
Meep progress: 202.375/633.333343505859 = 32.0% done in 551.0s, 1173.4s to go
on time step 9714 (time=202.375), 0.0571806 s/step
Meep progress: 203.854166666667/633.333343505859 = 32.2% done in 555.1s, 1169.4s to go
on time step 9785 (time=203.854), 0.0571048 s/step
Meep progress: 205.333333333333/633.333343505859 = 32.4% done in 559.1s, 1165.4s to go
on time step 9856 (time=205.333), 0.0571074 s/step
Meep progress: 206.791666666667/633.333343505859 = 32.7% done in 563.1s, 1161.5s to go
on time step 9926 (time=206.792), 0.0571496 s/step
Meep progress: 208.25/633.333343505859 = 32.9% done in 567.1s, 1157.6s to go
on time step 9996 (time=208.25), 0.0571924 s/step
Meep progress: 209.708333333333/633.333343505859 = 33.1% done in 571.1s, 1153.7s to go
on time step 10066 (time=209.708), 0.0571765 s/step
Meep progress: 211.166666666667/633.333343505859 = 33.3% done in 575.1s, 1149.8s to go
on time step 10136 (time=211.167), 0.057173 s/step
Meep progress: 212.645833333333/633.333343505859 = 33.6% done in 579.2s, 1145.8s to go
on time step 10207 (time=212.646), 0.057088 s/step
Meep progress: 214.104166666667/633.333343505859 = 33.8% done in 583.2s, 1141.9s to go
on time step 10277 (time=214.104), 0.0571661 s/step
Meep progress: 215.5625/633.333343505859 = 34.0% done in 587.2s, 1138.0s to go
on time step 10347 (time=215.562), 0.0571674 s/step
Meep progress: 217.020833333333/633.333343505859 = 34.3% done in 591.2s, 1134.1s to go
on time step 10417 (time=217.021), 0.0571899 s/step
Meep progress: 218.479166666667/633.333343505859 = 34.5% done in 595.2s, 1130.1s to go
on time step 10487 (time=218.479), 0.0571768 s/step
Meep progress: 219.958333333333/633.333343505859 = 34.7% done in 599.2s, 1126.2s to go
on time step 10558 (time=219.958), 0.0569942 s/step
Meep progress: 221.4375/633.333343505859 = 35.0% done in 603.2s, 1122.1s to go
on time step 10629 (time=221.438), 0.0565208 s/step
Meep progress: 222.916666666667/633.333343505859 = 35.2% done in 607.3s, 1118.0s to go
on time step 10700 (time=222.917), 0.0564953 s/step
Meep progress: 224.395833333333/633.333343505859 = 35.4% done in 611.3s, 1114.0s to go
on time step 10771 (time=224.396), 0.0565859 s/step
Meep progress: 225.875/633.333343505859 = 35.7% done in 615.3s, 1109.9s to go
on time step 10842 (time=225.875), 0.0563475 s/step
Meep progress: 227.354166666667/633.333343505859 = 35.9% done in 619.3s, 1105.8s to go
on time step 10913 (time=227.354), 0.0564655 s/step
Meep progress: 228.833333333333/633.333343505859 = 36.1% done in 623.3s, 1101.8s to go
on time step 10984 (time=228.833), 0.0569641 s/step
Meep progress: 230.291666666667/633.333343505859 = 36.4% done in 627.3s, 1097.9s to go
on time step 11054 (time=230.292), 0.0571755 s/step
Meep progress: 231.770833333333/633.333343505859 = 36.6% done in 631.4s, 1093.9s to go
on time step 11125 (time=231.771), 0.0570525 s/step
Meep progress: 233.25/633.333343505859 = 36.8% done in 635.4s, 1089.9s to go
on time step 11196 (time=233.25), 0.0567849 s/step
Meep progress: 234.729166666667/633.333343505859 = 37.1% done in 639.4s, 1085.8s to go
on time step 11267 (time=234.729), 0.0565227 s/step
Meep progress: 236.208333333333/633.333343505859 = 37.3% done in 643.4s, 1081.8s to go
on time step 11338 (time=236.208), 0.0566165 s/step
Meep progress: 237.6875/633.333343505859 = 37.5% done in 647.5s, 1077.7s to go
on time step 11409 (time=237.688), 0.0565396 s/step
Meep progress: 239.166666666667/633.333343505859 = 37.8% done in 651.5s, 1073.7s to go
on time step 11480 (time=239.167), 0.0565375 s/step
Meep progress: 240.645833333333/633.333343505859 = 38.0% done in 655.5s, 1069.6s to go
on time step 11551 (time=240.646), 0.0564398 s/step
Meep progress: 242.125/633.333343505859 = 38.2% done in 659.5s, 1065.6s to go
on time step 11622 (time=242.125), 0.0564828 s/step
Meep progress: 243.604166666667/633.333343505859 = 38.5% done in 663.5s, 1061.5s to go
on time step 11693 (time=243.604), 0.0565143 s/step
Meep progress: 245.083333333333/633.333343505859 = 38.7% done in 667.5s, 1057.5s to go
on time step 11764 (time=245.083), 0.056889 s/step
Meep progress: 246.5625/633.333343505859 = 38.9% done in 671.6s, 1053.4s to go
on time step 11835 (time=246.562), 0.0565064 s/step
Meep progress: 248.041666666667/633.333343505859 = 39.2% done in 675.6s, 1049.4s to go
on time step 11906 (time=248.042), 0.0567414 s/step
Meep progress: 249.541666666667/633.333343505859 = 39.4% done in 679.6s, 1045.3s to go
on time step 11978 (time=249.542), 0.0561313 s/step
Meep progress: 251.020833333333/633.333343505859 = 39.6% done in 683.7s, 1041.2s to go
on time step 12049 (time=251.021), 0.0567395 s/step
Meep progress: 252.5/633.333343505859 = 39.9% done in 687.7s, 1037.2s to go
on time step 12120 (time=252.5), 0.0568669 s/step
Meep progress: 253.979166666667/633.333343505859 = 40.1% done in 691.7s, 1033.2s to go
on time step 12191 (time=253.979), 0.0567894 s/step
Meep progress: 255.458333333333/633.333343505859 = 40.3% done in 695.7s, 1029.1s to go
on time step 12262 (time=255.458), 0.0565091 s/step
Meep progress: 256.9375/633.333343505859 = 40.6% done in 699.7s, 1025.1s to go
on time step 12333 (time=256.938), 0.0565325 s/step
Meep progress: 258.416666666667/633.333343505859 = 40.8% done in 703.8s, 1021.0s to go
on time step 12404 (time=258.417), 0.0566784 s/step
Meep progress: 259.895833333333/633.333343505859 = 41.0% done in 707.8s, 1017.0s to go
on time step 12475 (time=259.896), 0.0567869 s/step
Meep progress: 261.375/633.333343505859 = 41.3% done in 711.8s, 1013.0s to go
on time step 12546 (time=261.375), 0.0568612 s/step
Meep progress: 262.854166666667/633.333343505859 = 41.5% done in 715.9s, 1009.0s to go
on time step 12617 (time=262.854), 0.0566436 s/step
Meep progress: 264.333333333333/633.333343505859 = 41.7% done in 719.9s, 1004.9s to go
on time step 12688 (time=264.333), 0.0564816 s/step
Meep progress: 265.8125/633.333343505859 = 42.0% done in 723.9s, 1000.9s to go
on time step 12759 (time=265.812), 0.0569343 s/step
Meep progress: 267.291666666667/633.333343505859 = 42.2% done in 727.9s, 996.9s to go
on time step 12830 (time=267.292), 0.0565035 s/step
Meep progress: 268.770833333333/633.333343505859 = 42.4% done in 732.0s, 992.9s to go
on time step 12901 (time=268.771), 0.0570088 s/step
Meep progress: 270.25/633.333343505859 = 42.7% done in 736.0s, 988.9s to go
on time step 12972 (time=270.25), 0.0569878 s/step
Meep progress: 271.729166666667/633.333343505859 = 42.9% done in 740.1s, 984.8s to go
on time step 13043 (time=271.729), 0.0567887 s/step
Meep progress: 273.208333333333/633.333343505859 = 43.1% done in 744.1s, 980.8s to go
on time step 13114 (time=273.208), 0.0567616 s/step
Meep progress: 274.6875/633.333343505859 = 43.4% done in 748.1s, 976.8s to go
on time step 13185 (time=274.688), 0.056665 s/step
Meep progress: 276.166666666667/633.333343505859 = 43.6% done in 752.1s, 972.7s to go
on time step 13256 (time=276.167), 0.0563502 s/step
Meep progress: 277.645833333333/633.333343505859 = 43.8% done in 756.1s, 968.6s to go
on time step 13327 (time=277.646), 0.0563704 s/step
Meep progress: 279.125/633.333343505859 = 44.1% done in 760.1s, 964.6s to go
on time step 13398 (time=279.125), 0.0563898 s/step
Meep progress: 280.604166666667/633.333343505859 = 44.3% done in 764.1s, 960.5s to go
on time step 13469 (time=280.604), 0.0563757 s/step
Meep progress: 282.083333333333/633.333343505859 = 44.5% done in 768.1s, 956.5s to go
on time step 13540 (time=282.083), 0.0565826 s/step
Meep progress: 283.583333333333/633.333343505859 = 44.8% done in 772.2s, 952.3s to go
on time step 13612 (time=283.583), 0.0561814 s/step
Meep progress: 285.0625/633.333343505859 = 45.0% done in 776.2s, 948.3s to go
on time step 13683 (time=285.062), 0.0565293 s/step
Meep progress: 286.5625/633.333343505859 = 45.2% done in 780.2s, 944.2s to go
on time step 13755 (time=286.562), 0.0562955 s/step
Meep progress: 288.0625/633.333343505859 = 45.5% done in 784.3s, 940.1s to go
on time step 13827 (time=288.062), 0.0562871 s/step
Meep progress: 289.5625/633.333343505859 = 45.7% done in 788.4s, 935.9s to go
on time step 13899 (time=289.562), 0.0562776 s/step
Meep progress: 291.0625/633.333343505859 = 46.0% done in 792.4s, 931.8s to go
on time step 13971 (time=291.062), 0.0562316 s/step
Meep progress: 292.5625/633.333343505859 = 46.2% done in 796.5s, 927.7s to go
on time step 14043 (time=292.562), 0.0563265 s/step
Meep progress: 294.041666666667/633.333343505859 = 46.4% done in 800.5s, 923.6s to go
on time step 14114 (time=294.042), 0.0564928 s/step
Meep progress: 295.520833333333/633.333343505859 = 46.7% done in 804.5s, 919.6s to go
on time step 14185 (time=295.521), 0.0565384 s/step
Meep progress: 297.0/633.333343505859 = 46.9% done in 808.5s, 915.6s to go
on time step 14256 (time=297), 0.0566067 s/step
Meep progress: 298.479166666667/633.333343505859 = 47.1% done in 812.5s, 911.5s to go
on time step 14327 (time=298.479), 0.0566432 s/step
Meep progress: 299.958333333333/633.333343505859 = 47.4% done in 816.6s, 907.5s to go
on time step 14398 (time=299.958), 0.0569144 s/step
Meep progress: 301.4375/633.333343505859 = 47.6% done in 820.6s, 903.5s to go
on time step 14469 (time=301.438), 0.0568025 s/step
Meep progress: 302.916666666667/633.333343505859 = 47.8% done in 824.6s, 899.5s to go
on time step 14540 (time=302.917), 0.056736 s/step
Meep progress: 304.395833333333/633.333343505859 = 48.1% done in 828.6s, 895.5s to go
on time step 14611 (time=304.396), 0.0566938 s/step
Meep progress: 305.875/633.333343505859 = 48.3% done in 832.7s, 891.4s to go
on time step 14682 (time=305.875), 0.0565434 s/step
Meep progress: 307.354166666667/633.333343505859 = 48.5% done in 836.7s, 887.4s to go
on time step 14753 (time=307.354), 0.0568814 s/step
Meep progress: 308.833333333333/633.333343505859 = 48.8% done in 840.7s, 883.4s to go
on time step 14824 (time=308.833), 0.0564455 s/step
Meep progress: 310.333333333333/633.333343505859 = 49.0% done in 844.8s, 879.2s to go
on time step 14896 (time=310.333), 0.0562813 s/step
Meep progress: 311.8125/633.333343505859 = 49.2% done in 848.8s, 875.2s to go
on time step 14967 (time=311.812), 0.0563658 s/step
Meep progress: 313.291666666667/633.333343505859 = 49.5% done in 852.8s, 871.1s to go
on time step 15038 (time=313.292), 0.0564504 s/step
Meep progress: 314.770833333333/633.333343505859 = 49.7% done in 856.8s, 867.1s to go
on time step 15109 (time=314.771), 0.0564701 s/step
Meep progress: 316.25/633.333343505859 = 49.9% done in 860.8s, 863.1s to go
on time step 15180 (time=316.25), 0.0564101 s/step
Meep progress: 317.75/633.333343505859 = 50.2% done in 864.8s, 858.9s to go
on time step 15252 (time=317.75), 0.0562282 s/step
Meep progress: 319.25/633.333343505859 = 50.4% done in 868.9s, 854.8s to go
on time step 15324 (time=319.25), 0.0562023 s/step
Meep progress: 320.729166666667/633.333343505859 = 50.6% done in 872.9s, 850.8s to go
on time step 15395 (time=320.729), 0.056373 s/step
Meep progress: 322.229166666667/633.333343505859 = 50.9% done in 876.9s, 846.6s to go
on time step 15467 (time=322.229), 0.056064 s/step
Meep progress: 323.708333333333/633.333343505859 = 51.1% done in 880.9s, 842.6s to go
on time step 15538 (time=323.708), 0.0566834 s/step
Meep progress: 325.1875/633.333343505859 = 51.3% done in 885.0s, 838.6s to go
on time step 15609 (time=325.188), 0.0564904 s/step
Meep progress: 326.666666666667/633.333343505859 = 51.6% done in 889.0s, 834.5s to go
on time step 15680 (time=326.667), 0.0564413 s/step
Meep progress: 328.145833333333/633.333343505859 = 51.8% done in 893.0s, 830.5s to go
on time step 15751 (time=328.146), 0.0564214 s/step
Meep progress: 329.625/633.333343505859 = 52.0% done in 897.0s, 826.4s to go
on time step 15823 (time=329.646), 0.0563284 s/step
Meep progress: 331.104166666667/633.333343505859 = 52.3% done in 901.0s, 822.4s to go
on time step 15894 (time=331.125), 0.0563504 s/step
Meep progress: 332.583333333333/633.333343505859 = 52.5% done in 905.0s, 818.4s to go
on time step 15965 (time=332.604), 0.0563667 s/step
Meep progress: 334.083333333333/633.333343505859 = 52.7% done in 909.0s, 814.2s to go
on time step 16037 (time=334.104), 0.0559941 s/step
Meep progress: 335.5625/633.333343505859 = 53.0% done in 913.0s, 810.2s to go
on time step 16108 (time=335.583), 0.0565352 s/step
Meep progress: 337.041666666667/633.333343505859 = 53.2% done in 917.0s, 806.1s to go
on time step 16179 (time=337.062), 0.0563758 s/step
Meep progress: 338.520833333333/633.333343505859 = 53.5% done in 921.0s, 802.1s to go
on time step 16250 (time=338.542), 0.056445 s/step
Meep progress: 340.0/633.333343505859 = 53.7% done in 925.0s, 798.1s to go
on time step 16321 (time=340.021), 0.0564229 s/step
Meep progress: 341.479166666667/633.333343505859 = 53.9% done in 929.0s, 794.0s to go
on time step 16392 (time=341.5), 0.0564706 s/step
Meep progress: 342.979166666667/633.333343505859 = 54.2% done in 933.1s, 789.9s to go
on time step 16464 (time=343), 0.0563105 s/step
Meep progress: 344.479166666667/633.333343505859 = 54.4% done in 937.2s, 785.8s to go
on time step 16536 (time=344.5), 0.0563436 s/step
Meep progress: 345.958333333333/633.333343505859 = 54.6% done in 941.2s, 781.8s to go
on time step 16607 (time=345.979), 0.0567248 s/step
Meep progress: 347.4375/633.333343505859 = 54.9% done in 945.2s, 777.8s to go
on time step 16678 (time=347.458), 0.0563856 s/step
Meep progress: 348.9375/633.333343505859 = 55.1% done in 949.2s, 773.6s to go
on time step 16750 (time=348.958), 0.0558173 s/step
Meep progress: 350.416666666667/633.333343505859 = 55.3% done in 953.2s, 769.6s to go
on time step 16821 (time=350.438), 0.056613 s/step
Meep progress: 351.895833333333/633.333343505859 = 55.6% done in 957.3s, 765.6s to go
on time step 16892 (time=351.917), 0.0569462 s/step
Meep progress: 353.375/633.333343505859 = 55.8% done in 961.3s, 761.6s to go
on time step 16963 (time=353.396), 0.0568844 s/step
Meep progress: 354.854166666667/633.333343505859 = 56.0% done in 965.3s, 757.6s to go
on time step 17034 (time=354.875), 0.0568002 s/step
Meep progress: 356.333333333333/633.333343505859 = 56.3% done in 969.4s, 753.5s to go
on time step 17105 (time=356.354), 0.0565672 s/step
Meep progress: 357.833333333333/633.333343505859 = 56.5% done in 973.4s, 749.4s to go
on time step 17177 (time=357.854), 0.0562594 s/step
Meep progress: 359.3125/633.333343505859 = 56.7% done in 977.4s, 745.4s to go
on time step 17248 (time=359.333), 0.0568789 s/step
Meep progress: 360.791666666667/633.333343505859 = 57.0% done in 981.5s, 741.4s to go
on time step 17319 (time=360.812), 0.056742 s/step
Meep progress: 362.270833333333/633.333343505859 = 57.2% done in 985.5s, 737.4s to go
on time step 17390 (time=362.292), 0.0566111 s/step
Meep progress: 363.75/633.333343505859 = 57.4% done in 989.5s, 733.3s to go
on time step 17461 (time=363.771), 0.0563531 s/step
Meep progress: 365.25/633.333343505859 = 57.7% done in 993.5s, 729.2s to go
on time step 17533 (time=365.271), 0.0563036 s/step
Meep progress: 366.75/633.333343505859 = 57.9% done in 997.6s, 725.1s to go
on time step 17605 (time=366.771), 0.0563115 s/step
Meep progress: 368.229166666667/633.333343505859 = 58.1% done in 1001.6s, 721.1s to go
on time step 17676 (time=368.25), 0.0564411 s/step
Meep progress: 369.729166666667/633.333343505859 = 58.4% done in 1005.7s, 717.0s to go
on time step 17748 (time=369.75), 0.0561914 s/step
Meep progress: 371.229166666667/633.333343505859 = 58.6% done in 1009.7s, 712.9s to go
on time step 17820 (time=371.25), 0.0560376 s/step
Meep progress: 372.708333333333/633.333343505859 = 58.8% done in 1013.7s, 708.8s to go
on time step 17891 (time=372.729), 0.0563789 s/step
Meep progress: 374.208333333333/633.333343505859 = 59.1% done in 1017.7s, 704.8s to go
on time step 17963 (time=374.229), 0.0562953 s/step
Meep progress: 375.708333333333/633.333343505859 = 59.3% done in 1021.8s, 700.7s to go
on time step 18035 (time=375.729), 0.0563256 s/step
Meep progress: 377.1875/633.333343505859 = 59.6% done in 1025.8s, 696.6s to go
on time step 18106 (time=377.208), 0.0564241 s/step
Meep progress: 378.6875/633.333343505859 = 59.8% done in 1029.9s, 692.5s to go
on time step 18178 (time=378.708), 0.0563183 s/step
Meep progress: 380.1875/633.333343505859 = 60.0% done in 1033.9s, 688.4s to go
on time step 18250 (time=380.208), 0.0561363 s/step
Meep progress: 381.6875/633.333343505859 = 60.3% done in 1038.0s, 684.3s to go
on time step 18322 (time=381.708), 0.0562308 s/step
Meep progress: 383.166666666667/633.333343505859 = 60.5% done in 1042.0s, 680.3s to go
on time step 18393 (time=383.188), 0.0565895 s/step
Meep progress: 384.645833333333/633.333343505859 = 60.7% done in 1046.0s, 676.3s to go
on time step 18464 (time=384.667), 0.0564212 s/step
Meep progress: 386.145833333333/633.333343505859 = 61.0% done in 1050.0s, 672.2s to go
on time step 18536 (time=386.167), 0.0562597 s/step
Meep progress: 387.645833333333/633.333343505859 = 61.2% done in 1054.1s, 668.1s to go
on time step 18608 (time=387.667), 0.0561022 s/step
Meep progress: 389.125/633.333343505859 = 61.4% done in 1058.1s, 664.0s to go
on time step 18679 (time=389.146), 0.0567768 s/step
Meep progress: 390.604166666667/633.333343505859 = 61.7% done in 1062.1s, 660.0s to go
on time step 18750 (time=390.625), 0.057037 s/step
Meep progress: 392.083333333333/633.333343505859 = 61.9% done in 1066.2s, 656.0s to go
on time step 18821 (time=392.104), 0.057097 s/step
Meep progress: 393.5625/633.333343505859 = 62.1% done in 1070.3s, 652.0s to go
on time step 18892 (time=393.583), 0.0570709 s/step
Meep progress: 395.041666666667/633.333343505859 = 62.4% done in 1074.3s, 648.0s to go
on time step 18963 (time=395.062), 0.0570724 s/step
Meep progress: 396.520833333333/633.333343505859 = 62.6% done in 1078.4s, 644.0s to go
on time step 19034 (time=396.542), 0.0571206 s/step
Meep progress: 398.0/633.333343505859 = 62.8% done in 1082.4s, 640.0s to go
on time step 19105 (time=398.021), 0.0570597 s/step
Meep progress: 399.479166666667/633.333343505859 = 63.1% done in 1086.4s, 636.0s to go
on time step 19176 (time=399.5), 0.0563933 s/step
Meep progress: 400.958333333333/633.333343505859 = 63.3% done in 1090.4s, 632.0s to go
on time step 19247 (time=400.979), 0.0566701 s/step
Meep progress: 402.458333333333/633.333343505859 = 63.5% done in 1094.5s, 627.9s to go
on time step 19319 (time=402.479), 0.0563243 s/step
Meep progress: 403.9375/633.333343505859 = 63.8% done in 1098.5s, 623.8s to go
on time step 19390 (time=403.958), 0.0563721 s/step
Meep progress: 405.416666666667/633.333343505859 = 64.0% done in 1102.5s, 619.8s to go
on time step 19461 (time=405.438), 0.0563844 s/step
Meep progress: 406.916666666667/633.333343505859 = 64.2% done in 1106.6s, 615.7s to go
on time step 19533 (time=406.938), 0.0562073 s/step
Meep progress: 408.416666666667/633.333343505859 = 64.5% done in 1110.6s, 611.6s to go
on time step 19605 (time=408.438), 0.0562873 s/step
Meep progress: 409.895833333333/633.333343505859 = 64.7% done in 1114.7s, 607.6s to go
on time step 19676 (time=409.917), 0.0570059 s/step
Meep progress: 411.375/633.333343505859 = 65.0% done in 1118.7s, 603.6s to go
on time step 19747 (time=411.396), 0.0566368 s/step
Meep progress: 412.854166666667/633.333343505859 = 65.2% done in 1122.7s, 599.6s to go
on time step 19818 (time=412.875), 0.056605 s/step
Meep progress: 414.333333333333/633.333343505859 = 65.4% done in 1126.7s, 595.5s to go
on time step 19889 (time=414.354), 0.0566083 s/step
Meep progress: 415.8125/633.333343505859 = 65.7% done in 1130.8s, 591.5s to go
on time step 19960 (time=415.833), 0.0568931 s/step
Meep progress: 417.291666666667/633.333343505859 = 65.9% done in 1134.8s, 587.5s to go
on time step 20031 (time=417.312), 0.0569757 s/step
Meep progress: 418.791666666667/633.333343505859 = 66.1% done in 1138.8s, 583.4s to go
on time step 20103 (time=418.812), 0.0560607 s/step
Meep progress: 420.291666666667/633.333343505859 = 66.4% done in 1142.9s, 579.3s to go
on time step 20175 (time=420.312), 0.0563172 s/step
Meep progress: 421.770833333333/633.333343505859 = 66.6% done in 1146.9s, 575.3s to go
on time step 20246 (time=421.792), 0.0564905 s/step
Meep progress: 423.270833333333/633.333343505859 = 66.8% done in 1151.0s, 571.2s to go
on time step 20318 (time=423.292), 0.0563176 s/step
Meep progress: 424.770833333333/633.333343505859 = 67.1% done in 1155.0s, 567.1s to go
on time step 20390 (time=424.792), 0.0563043 s/step
Meep progress: 426.270833333333/633.333343505859 = 67.3% done in 1159.1s, 563.0s to go
on time step 20462 (time=426.292), 0.0562636 s/step
Meep progress: 427.75/633.333343505859 = 67.5% done in 1163.1s, 559.0s to go
on time step 20533 (time=427.771), 0.0567045 s/step
Meep progress: 429.229166666667/633.333343505859 = 67.8% done in 1167.1s, 555.0s to go
on time step 20604 (time=429.25), 0.0566288 s/step
Meep progress: 430.729166666667/633.333343505859 = 68.0% done in 1171.1s, 550.9s to go
on time step 20676 (time=430.75), 0.0559681 s/step
Meep progress: 432.208333333333/633.333343505859 = 68.2% done in 1175.2s, 546.8s to go
on time step 20747 (time=432.229), 0.0565538 s/step
Meep progress: 433.6875/633.333343505859 = 68.5% done in 1179.2s, 542.8s to go
on time step 20818 (time=433.708), 0.0563985 s/step
Meep progress: 435.166666666667/633.333343505859 = 68.7% done in 1183.2s, 538.8s to go
on time step 20889 (time=435.188), 0.0564413 s/step
Meep progress: 436.645833333333/633.333343505859 = 68.9% done in 1187.2s, 534.8s to go
on time step 20960 (time=436.667), 0.056531 s/step
Meep progress: 438.125/633.333343505859 = 69.2% done in 1191.2s, 530.7s to go
on time step 21031 (time=438.146), 0.0568003 s/step
Meep progress: 439.604166666667/633.333343505859 = 69.4% done in 1195.2s, 526.7s to go
on time step 21102 (time=439.625), 0.056793 s/step
Meep progress: 441.104166666667/633.333343505859 = 69.6% done in 1199.3s, 522.6s to go
on time step 21174 (time=441.125), 0.0562982 s/step
Meep progress: 442.604166666667/633.333343505859 = 69.9% done in 1203.3s, 518.6s to go
on time step 21246 (time=442.625), 0.0562475 s/step
Meep progress: 444.104166666667/633.333343505859 = 70.1% done in 1207.4s, 514.5s to go
on time step 21318 (time=444.125), 0.0562366 s/step
Meep progress: 445.604166666667/633.333343505859 = 70.4% done in 1211.4s, 510.4s to go
on time step 21390 (time=445.625), 0.0562502 s/step
Meep progress: 447.104166666667/633.333343505859 = 70.6% done in 1215.5s, 506.3s to go
on time step 21462 (time=447.125), 0.056253 s/step
Meep progress: 448.604166666667/633.333343505859 = 70.8% done in 1219.5s, 502.2s to go
on time step 21534 (time=448.625), 0.056233 s/step
Meep progress: 450.104166666667/633.333343505859 = 71.1% done in 1223.6s, 498.1s to go
on time step 21606 (time=450.125), 0.0562173 s/step
Meep progress: 451.583333333333/633.333343505859 = 71.3% done in 1227.6s, 494.1s to go
on time step 21677 (time=451.604), 0.0564945 s/step
Meep progress: 453.0625/633.333343505859 = 71.5% done in 1231.6s, 490.0s to go
on time step 21748 (time=453.083), 0.0563914 s/step
Meep progress: 454.5625/633.333343505859 = 71.8% done in 1235.6s, 486.0s to go
on time step 21820 (time=454.583), 0.0560278 s/step
Meep progress: 456.041666666667/633.333343505859 = 72.0% done in 1239.7s, 481.9s to go
on time step 21891 (time=456.062), 0.0565868 s/step
Meep progress: 457.541666666667/633.333343505859 = 72.2% done in 1243.7s, 477.8s to go
on time step 21963 (time=457.562), 0.0559887 s/step
Meep progress: 459.020833333333/633.333343505859 = 72.5% done in 1247.7s, 473.8s to go
on time step 22034 (time=459.042), 0.0569261 s/step
Meep progress: 460.5/633.333343505859 = 72.7% done in 1251.8s, 469.8s to go
on time step 22105 (time=460.521), 0.0571324 s/step
Meep progress: 461.979166666667/633.333343505859 = 72.9% done in 1255.8s, 465.8s to go
on time step 22176 (time=462), 0.0571164 s/step
Meep progress: 463.458333333333/633.333343505859 = 73.2% done in 1259.9s, 461.8s to go
on time step 22247 (time=463.479), 0.0567378 s/step
Meep progress: 464.9375/633.333343505859 = 73.4% done in 1263.9s, 457.8s to go
on time step 22318 (time=464.958), 0.0567288 s/step
Meep progress: 466.416666666667/633.333343505859 = 73.6% done in 1267.9s, 453.8s to go
on time step 22389 (time=466.438), 0.0570045 s/step
Meep progress: 467.895833333333/633.333343505859 = 73.9% done in 1272.0s, 449.7s to go
on time step 22460 (time=467.917), 0.0568618 s/step
Meep progress: 469.375/633.333343505859 = 74.1% done in 1276.0s, 445.7s to go
on time step 22531 (time=469.396), 0.0570318 s/step
Meep progress: 470.854166666667/633.333343505859 = 74.3% done in 1280.1s, 441.7s to go
on time step 22602 (time=470.875), 0.0571155 s/step
Meep progress: 472.333333333333/633.333343505859 = 74.6% done in 1284.1s, 437.7s to go
on time step 22673 (time=472.354), 0.0571133 s/step
Meep progress: 473.8125/633.333343505859 = 74.8% done in 1288.2s, 433.7s to go
on time step 22743 (time=473.812), 0.0571468 s/step
Meep progress: 475.270833333333/633.333343505859 = 75.0% done in 1292.2s, 429.8s to go
on time step 22813 (time=475.271), 0.0571453 s/step
Meep progress: 476.75/633.333343505859 = 75.3% done in 1296.2s, 425.7s to go
on time step 22884 (time=476.75), 0.05689 s/step
Meep progress: 478.229166666667/633.333343505859 = 75.5% done in 1300.2s, 421.7s to go
on time step 22955 (time=478.229), 0.0564307 s/step
Meep progress: 479.729166666667/633.333343505859 = 75.7% done in 1304.3s, 417.6s to go
on time step 23027 (time=479.729), 0.0562373 s/step
Meep progress: 481.208333333333/633.333343505859 = 76.0% done in 1308.3s, 413.6s to go
on time step 23098 (time=481.208), 0.0564536 s/step
Meep progress: 482.6875/633.333343505859 = 76.2% done in 1312.3s, 409.6s to go
on time step 23169 (time=482.688), 0.0564266 s/step
Meep progress: 484.166666666667/633.333343505859 = 76.4% done in 1316.3s, 405.5s to go
on time step 23240 (time=484.167), 0.0564009 s/step
Meep progress: 485.645833333333/633.333343505859 = 76.7% done in 1320.3s, 401.5s to go
on time step 23311 (time=485.646), 0.0563497 s/step
Meep progress: 487.145833333333/633.333343505859 = 76.9% done in 1324.4s, 397.4s to go
on time step 23383 (time=487.146), 0.056206 s/step
Meep progress: 488.625/633.333343505859 = 77.2% done in 1328.4s, 393.4s to go
on time step 23454 (time=488.625), 0.0563717 s/step
Meep progress: 490.125/633.333343505859 = 77.4% done in 1332.4s, 389.3s to go
on time step 23526 (time=490.125), 0.056066 s/step
Meep progress: 491.604166666667/633.333343505859 = 77.6% done in 1336.4s, 385.3s to go
on time step 23597 (time=491.604), 0.0567052 s/step
Meep progress: 493.083333333333/633.333343505859 = 77.9% done in 1340.5s, 381.3s to go
on time step 23668 (time=493.083), 0.0571239 s/step
Meep progress: 494.5625/633.333343505859 = 78.1% done in 1344.5s, 377.3s to go
on time step 23739 (time=494.562), 0.0569957 s/step
Meep progress: 496.041666666667/633.333343505859 = 78.3% done in 1348.6s, 373.3s to go
on time step 23810 (time=496.042), 0.0571304 s/step
Meep progress: 497.520833333333/633.333343505859 = 78.6% done in 1352.6s, 369.2s to go
on time step 23881 (time=497.521), 0.0571063 s/step
Meep progress: 498.979166666667/633.333343505859 = 78.8% done in 1356.6s, 365.3s to go
on time step 23951 (time=498.979), 0.0571459 s/step
Meep progress: 500.458333333333/633.333343505859 = 79.0% done in 1360.7s, 361.3s to go
on time step 24022 (time=500.458), 0.0571252 s/step
Meep progress: 501.9375/633.333343505859 = 79.3% done in 1364.7s, 357.3s to go
on time step 24093 (time=501.938), 0.0570527 s/step
Meep progress: 503.416666666667/633.333343505859 = 79.5% done in 1368.8s, 353.2s to go
on time step 24164 (time=503.417), 0.0569299 s/step
Meep progress: 504.895833333333/633.333343505859 = 79.7% done in 1372.8s, 349.2s to go
on time step 24235 (time=504.896), 0.0564629 s/step
Meep progress: 506.375/633.333343505859 = 80.0% done in 1376.8s, 345.2s to go
on time step 24306 (time=506.375), 0.0563743 s/step
Meep progress: 507.854166666667/633.333343505859 = 80.2% done in 1380.8s, 341.2s to go
on time step 24377 (time=507.854), 0.0563535 s/step
Meep progress: 509.354166666667/633.333343505859 = 80.4% done in 1384.9s, 337.1s to go
on time step 24449 (time=509.354), 0.056253 s/step
Meep progress: 510.854166666667/633.333343505859 = 80.7% done in 1388.9s, 333.0s to go
on time step 24521 (time=510.854), 0.0562459 s/step
Meep progress: 512.333333333333/633.333343505859 = 80.9% done in 1392.9s, 329.0s to go
on time step 24592 (time=512.333), 0.0563553 s/step
Meep progress: 513.8125/633.333343505859 = 81.1% done in 1396.9s, 324.9s to go
on time step 24663 (time=513.812), 0.0566808 s/step
Meep progress: 515.291666666667/633.333343505859 = 81.4% done in 1401.0s, 320.9s to go
on time step 24734 (time=515.292), 0.0569535 s/step
Meep progress: 516.770833333333/633.333343505859 = 81.6% done in 1405.0s, 316.9s to go
on time step 24805 (time=516.771), 0.0568989 s/step
Meep progress: 518.25/633.333343505859 = 81.8% done in 1409.0s, 312.9s to go
on time step 24876 (time=518.25), 0.0566022 s/step
Meep progress: 519.729166666667/633.333343505859 = 82.1% done in 1413.0s, 308.9s to go
on time step 24947 (time=519.729), 0.0565062 s/step
Meep progress: 521.208333333333/633.333343505859 = 82.3% done in 1417.0s, 304.8s to go
on time step 25018 (time=521.208), 0.0563755 s/step
Meep progress: 522.6875/633.333343505859 = 82.5% done in 1421.1s, 300.8s to go
on time step 25089 (time=522.688), 0.056419 s/step
Meep progress: 524.166666666667/633.333343505859 = 82.8% done in 1425.1s, 296.8s to go
on time step 25160 (time=524.167), 0.056447 s/step
Meep progress: 525.666666666667/633.333343505859 = 83.0% done in 1429.1s, 292.7s to go
on time step 25232 (time=525.667), 0.0559746 s/step
Meep progress: 527.145833333333/633.333343505859 = 83.2% done in 1433.1s, 288.7s to go
on time step 25303 (time=527.146), 0.0567168 s/step
Meep progress: 528.625/633.333343505859 = 83.5% done in 1437.1s, 284.7s to go
on time step 25374 (time=528.625), 0.0567808 s/step
Meep progress: 530.125/633.333343505859 = 83.7% done in 1441.2s, 280.6s to go
on time step 25446 (time=530.125), 0.0563187 s/step
Meep progress: 531.604166666667/633.333343505859 = 83.9% done in 1445.2s, 276.6s to go
on time step 25517 (time=531.604), 0.0565263 s/step
Meep progress: 533.083333333333/633.333343505859 = 84.2% done in 1449.2s, 272.5s to go
on time step 25588 (time=533.083), 0.0563951 s/step
Meep progress: 534.5625/633.333343505859 = 84.4% done in 1453.2s, 268.5s to go
on time step 25659 (time=534.562), 0.0565738 s/step
Meep progress: 536.0625/633.333343505859 = 84.6% done in 1457.3s, 264.4s to go
on time step 25731 (time=536.062), 0.0559911 s/step
Meep progress: 537.5625/633.333343505859 = 84.9% done in 1461.3s, 260.3s to go
on time step 25803 (time=537.562), 0.056333 s/step
Meep progress: 539.041666666667/633.333343505859 = 85.1% done in 1465.3s, 256.3s to go
on time step 25874 (time=539.042), 0.0565034 s/step
Meep progress: 540.520833333333/633.333343505859 = 85.3% done in 1469.3s, 252.3s to go
on time step 25945 (time=540.521), 0.0564714 s/step
Meep progress: 542.020833333333/633.333343505859 = 85.6% done in 1473.4s, 248.2s to go
on time step 26017 (time=542.021), 0.0561593 s/step
Meep progress: 543.5/633.333343505859 = 85.8% done in 1477.4s, 244.2s to go
on time step 26088 (time=543.5), 0.0567593 s/step
Meep progress: 544.979166666667/633.333343505859 = 86.0% done in 1481.5s, 240.2s to go
on time step 26159 (time=544.979), 0.0570664 s/step
Meep progress: 546.458333333333/633.333343505859 = 86.3% done in 1485.5s, 236.2s to go
on time step 26230 (time=546.458), 0.0569998 s/step
Meep progress: 547.916666666667/633.333343505859 = 86.5% done in 1489.5s, 232.2s to go
on time step 26300 (time=547.917), 0.0572306 s/step
Meep progress: 549.375/633.333343505859 = 86.7% done in 1493.5s, 228.2s to go
on time step 26370 (time=549.375), 0.0572414 s/step
Meep progress: 550.833333333333/633.333343505859 = 87.0% done in 1497.5s, 224.3s to go
on time step 26440 (time=550.833), 0.0572444 s/step
Meep progress: 552.291666666667/633.333343505859 = 87.2% done in 1501.5s, 220.3s to go
on time step 26510 (time=552.292), 0.057243 s/step
Meep progress: 553.75/633.333343505859 = 87.4% done in 1505.5s, 216.4s to go
on time step 26580 (time=553.75), 0.057185 s/step
Meep progress: 555.208333333333/633.333343505859 = 87.7% done in 1509.6s, 212.4s to go
on time step 26650 (time=555.208), 0.0572271 s/step
Meep progress: 556.666666666667/633.333343505859 = 87.9% done in 1513.6s, 208.5s to go
on time step 26720 (time=556.667), 0.0572378 s/step
Meep progress: 558.125/633.333343505859 = 88.1% done in 1517.6s, 204.5s to go
on time step 26790 (time=558.125), 0.0572417 s/step
Meep progress: 559.604166666667/633.333343505859 = 88.4% done in 1521.6s, 200.5s to go
on time step 26861 (time=559.604), 0.056732 s/step
Meep progress: 561.083333333333/633.333343505859 = 88.6% done in 1525.6s, 196.4s to go
on time step 26932 (time=561.083), 0.0563832 s/step
Meep progress: 562.5625/633.333343505859 = 88.8% done in 1529.7s, 192.4s to go
on time step 27003 (time=562.562), 0.057054 s/step
Meep progress: 564.020833333333/633.333343505859 = 89.1% done in 1533.7s, 188.5s to go
on time step 27073 (time=564.021), 0.0572364 s/step
Meep progress: 565.479166666667/633.333343505859 = 89.3% done in 1537.7s, 184.5s to go
on time step 27143 (time=565.479), 0.057232 s/step
Meep progress: 566.9375/633.333343505859 = 89.5% done in 1541.7s, 180.5s to go
on time step 27213 (time=566.938), 0.0572183 s/step
Meep progress: 568.395833333333/633.333343505859 = 89.7% done in 1545.7s, 176.6s to go
on time step 27283 (time=568.396), 0.0572157 s/step
Meep progress: 569.854166666667/633.333343505859 = 90.0% done in 1549.7s, 172.6s to go
on time step 27353 (time=569.854), 0.0572265 s/step
Meep progress: 571.3125/633.333343505859 = 90.2% done in 1553.7s, 168.7s to go
on time step 27423 (time=571.312), 0.0572362 s/step
Meep progress: 572.770833333333/633.333343505859 = 90.4% done in 1557.7s, 164.7s to go
on time step 27493 (time=572.771), 0.057223 s/step
Meep progress: 574.229166666667/633.333343505859 = 90.7% done in 1561.7s, 160.7s to go
on time step 27563 (time=574.229), 0.0572245 s/step
Meep progress: 575.6875/633.333343505859 = 90.9% done in 1565.7s, 156.8s to go
on time step 27633 (time=575.688), 0.0572409 s/step
Meep progress: 577.145833333333/633.333343505859 = 91.1% done in 1569.7s, 152.8s to go
on time step 27703 (time=577.146), 0.0572415 s/step
Meep progress: 578.625/633.333343505859 = 91.4% done in 1573.8s, 148.8s to go
on time step 27774 (time=578.625), 0.0569043 s/step
Meep progress: 580.083333333333/633.333343505859 = 91.6% done in 1577.8s, 144.8s to go
on time step 27844 (time=580.083), 0.0571489 s/step
Meep progress: 581.5625/633.333343505859 = 91.8% done in 1581.8s, 140.8s to go
on time step 27915 (time=581.562), 0.0565733 s/step
Meep progress: 583.041666666667/633.333343505859 = 92.1% done in 1585.8s, 136.8s to go
on time step 27986 (time=583.042), 0.0564205 s/step
Meep progress: 584.520833333333/633.333343505859 = 92.3% done in 1589.8s, 132.8s to go
on time step 28057 (time=584.521), 0.0563898 s/step
Meep progress: 586.0/633.333343505859 = 92.5% done in 1593.8s, 128.7s to go
on time step 28128 (time=586), 0.0564099 s/step
Meep progress: 587.479166666667/633.333343505859 = 92.8% done in 1597.8s, 124.7s to go
on time step 28199 (time=587.479), 0.0564451 s/step
Meep progress: 588.958333333333/633.333343505859 = 93.0% done in 1601.8s, 120.7s to go
on time step 28270 (time=588.958), 0.056385 s/step
Meep progress: 590.4375/633.333343505859 = 93.2% done in 1605.8s, 116.7s to go
on time step 28341 (time=590.438), 0.0563979 s/step
Meep progress: 591.916666666667/633.333343505859 = 93.5% done in 1609.8s, 112.6s to go
on time step 28412 (time=591.917), 0.0564486 s/step
Meep progress: 593.416666666667/633.333343505859 = 93.7% done in 1613.9s, 108.6s to go
on time step 28484 (time=593.417), 0.0562107 s/step
Meep progress: 594.895833333333/633.333343505859 = 93.9% done in 1617.9s, 104.5s to go
on time step 28555 (time=594.896), 0.0569262 s/step
Meep progress: 596.375/633.333343505859 = 94.2% done in 1622.0s, 100.5s to go
on time step 28626 (time=596.375), 0.0570979 s/step
Meep progress: 597.833333333333/633.333343505859 = 94.4% done in 1626.0s, 96.6s to go
on time step 28696 (time=597.833), 0.0572135 s/step
Meep progress: 599.291666666667/633.333343505859 = 94.6% done in 1630.0s, 92.6s to go
on time step 28766 (time=599.292), 0.0571854 s/step
Meep progress: 600.75/633.333343505859 = 94.9% done in 1634.0s, 88.6s to go
on time step 28836 (time=600.75), 0.0571765 s/step
Meep progress: 602.208333333333/633.333343505859 = 95.1% done in 1638.0s, 84.7s to go
on time step 28906 (time=602.208), 0.0572383 s/step
Meep progress: 603.666666666667/633.333343505859 = 95.3% done in 1642.0s, 80.7s to go
on time step 28976 (time=603.667), 0.0572852 s/step
Meep progress: 605.125/633.333343505859 = 95.5% done in 1646.0s, 76.7s to go
on time step 29046 (time=605.125), 0.0571882 s/step
Meep progress: 606.604166666667/633.333343505859 = 95.8% done in 1650.0s, 72.7s to go
on time step 29117 (time=606.604), 0.0570039 s/step
Meep progress: 608.083333333333/633.333343505859 = 96.0% done in 1654.0s, 68.7s to go
on time step 29188 (time=608.083), 0.0565214 s/step
Meep progress: 609.583333333333/633.333343505859 = 96.2% done in 1658.1s, 64.6s to go
on time step 29260 (time=609.583), 0.0563242 s/step
Meep progress: 611.0625/633.333343505859 = 96.5% done in 1662.1s, 60.6s to go
on time step 29331 (time=611.062), 0.0563834 s/step
Meep progress: 612.541666666667/633.333343505859 = 96.7% done in 1666.1s, 56.6s to go
on time step 29402 (time=612.542), 0.0565224 s/step
Meep progress: 614.020833333333/633.333343505859 = 97.0% done in 1670.1s, 52.5s to go
on time step 29473 (time=614.021), 0.056595 s/step
Meep progress: 615.5/633.333343505859 = 97.2% done in 1674.1s, 48.5s to go
on time step 29544 (time=615.5), 0.0565402 s/step
Meep progress: 616.979166666667/633.333343505859 = 97.4% done in 1678.2s, 44.5s to go
on time step 29615 (time=616.979), 0.056419 s/step
Meep progress: 618.458333333333/633.333343505859 = 97.7% done in 1682.2s, 40.5s to go
on time step 29686 (time=618.458), 0.0565383 s/step
Meep progress: 619.9375/633.333343505859 = 97.9% done in 1686.2s, 36.4s to go
on time step 29757 (time=619.938), 0.056385 s/step
Meep progress: 621.416666666667/633.333343505859 = 98.1% done in 1690.2s, 32.4s to go
on time step 29828 (time=621.417), 0.0564309 s/step
Meep progress: 622.895833333333/633.333343505859 = 98.4% done in 1694.2s, 28.4s to go
on time step 29899 (time=622.896), 0.0563965 s/step
Meep progress: 624.395833333333/633.333343505859 = 98.6% done in 1698.2s, 24.3s to go
on time step 29971 (time=624.396), 0.0563228 s/step
Meep progress: 625.875/633.333343505859 = 98.8% done in 1702.2s, 20.3s to go
on time step 30042 (time=625.875), 0.0563973 s/step
Meep progress: 627.375/633.333343505859 = 99.1% done in 1706.3s, 16.2s to go
on time step 30114 (time=627.375), 0.0561742 s/step
Meep progress: 628.854166666667/633.333343505859 = 99.3% done in 1710.3s, 12.2s to go
on time step 30185 (time=628.854), 0.0564336 s/step
Meep progress: 630.333333333333/633.333343505859 = 99.5% done in 1714.3s, 8.2s to go
on time step 30256 (time=630.333), 0.0566388 s/step
Meep progress: 631.8125/633.333343505859 = 99.8% done in 1718.3s, 4.1s to go
on time step 30327 (time=631.812), 0.0565249 s/step
harminv0:, frequency, imag. freq., Q, |amp|, amplitude, error
harminv0:, 0.452071462206921, -4.21705246403162e-7, 536004.076381265, 18.8942224407835, 17.2270211621126+7.76024377980037i, 9.24284565475632e-12
run 0 finished at t = 633.354166666667 (30401 timesteps)

Elapsed run time = 1723.01 s

Some deprecated features have been used.  Set the environment
variable GUILE_WARN_DEPRECATED to "detailed" and rerun the
program to get more information.  Set it to "no" to suppress
this message.

Some deprecated features have been used.  Set the environment
variable GUILE_WARN_DEPRECATED to "detailed" and rerun the
program to get more information.  Set it to "no" to suppress
this message.
