wade: kx = 0.28000 ; ky = 0 
Using MPI version 2.1, 2 processes
command-line param: kx=0.28000
command-line param: ky=0
command-line param: fcen=0.449908
command-line param: kx=0.28000
command-line param: ky=0
command-line param: fcen=0.449908
-----------
Initializing structure...
Working in 3D dimensions.
Computational cell is 1 x 1 x 15 with resolution 24
     block, center = (0,0,3.75)
          size (1e+20,1e+20,7.5)
          axes (1,0,0), (0,1,0), (0,0,1)
          dielectric constant epsilon diagonal = (2.12576,2.12576,2.12576)
     block, center = (0,0,-3.75)
          size (1e+20,1e+20,7.5)
          axes (1,0,0), (0,1,0), (0,0,1)
          dielectric constant epsilon diagonal = (2.12576,2.12576,2.12576)
     block, center = (0,0,0)
          size (1e+20,1e+20,0.533333)
          axes (1,0,0), (0,1,0), (0,0,1)
          dielectric constant epsilon diagonal = (4.07232,4.07232,4.07232)
     cylinder, center = (0,0,0)
          radius 0.238095, height 1.06667, axis (0.0871557, 0, 0.996195)
          dielectric constant epsilon diagonal = (2.12576,2.12576,2.12576)
time for set_epsilon = 1.31997 s
-----------
Meep progress: 2.3125/633.333343505859 = 0.4% done in 4.0s, 1096.2s to go
on time step 111 (time=2.3125), 0.0361927 s/step
Meep progress: 5.22916666666667/633.333343505859 = 0.8% done in 8.0s, 964.8s to go
on time step 251 (time=5.22917), 0.0286787 s/step
Meep progress: 8.14583333333333/633.333343505859 = 1.3% done in 12.0s, 923.9s to go
on time step 391 (time=8.14583), 0.0286143 s/step
Meep progress: 11.0625/633.333343505859 = 1.7% done in 16.0s, 902.8s to go
on time step 531 (time=11.0625), 0.0286463 s/step
Meep progress: 13.9791666666667/633.333343505859 = 2.2% done in 20.1s, 888.8s to go
on time step 671 (time=13.9792), 0.0286621 s/step
Meep progress: 16.8958333333333/633.333343505859 = 2.7% done in 24.1s, 878.5s to go
on time step 811 (time=16.8958), 0.0286895 s/step
Meep progress: 19.8125/633.333343505859 = 3.1% done in 28.1s, 869.8s to go
on time step 951 (time=19.8125), 0.0286489 s/step
Meep progress: 22.75/633.333343505859 = 3.6% done in 32.1s, 861.7s to go
on time step 1092 (time=22.75), 0.0285031 s/step
Meep progress: 25.6875/633.333343505859 = 4.1% done in 36.1s, 854.5s to go
on time step 1233 (time=25.6875), 0.0284682 s/step
Meep progress: 28.6041666666667/633.333343505859 = 4.5% done in 40.1s, 848.6s to go
on time step 1373 (time=28.6042), 0.0286916 s/step
Meep progress: 31.5416666666667/633.333343505859 = 5.0% done in 44.2s, 842.6s to go
on time step 1514 (time=31.5417), 0.0285419 s/step
Meep progress: 34.4583333333333/633.333343505859 = 5.4% done in 48.2s, 837.1s to go
on time step 1654 (time=34.4583), 0.0285862 s/step
Meep progress: 37.375/633.333343505859 = 5.9% done in 52.2s, 832.2s to go
on time step 1794 (time=37.375), 0.0287313 s/step
Meep progress: 40.2916666666667/633.333343505859 = 6.4% done in 56.2s, 827.2s to go
on time step 1934 (time=40.2917), 0.0286501 s/step
Meep progress: 43.2083333333333/633.333343505859 = 6.8% done in 60.2s, 822.3s to go
on time step 2074 (time=43.2083), 0.0286321 s/step
Meep progress: 46.125/633.333343505859 = 7.3% done in 64.2s, 817.7s to go
on time step 2214 (time=46.125), 0.0287216 s/step
Meep progress: 49.0416666666667/633.333343505859 = 7.7% done in 68.2s, 813.1s to go
on time step 2354 (time=49.0417), 0.0287081 s/step
Meep progress: 51.9583333333333/633.333343505859 = 8.2% done in 72.3s, 808.5s to go
on time step 2494 (time=51.9583), 0.0286337 s/step
Meep progress: 54.8541666666667/633.333343505859 = 8.7% done in 76.3s, 804.2s to go
on time step 2633 (time=54.8542), 0.0288047 s/step
Meep progress: 57.7708333333333/633.333343505859 = 9.1% done in 80.3s, 799.9s to go
on time step 2773 (time=57.7708), 0.0287381 s/step
Meep progress: 60.6875/633.333343505859 = 9.6% done in 84.3s, 795.3s to go
on time step 2913 (time=60.6875), 0.0285989 s/step
Meep progress: 63.6041666666667/633.333343505859 = 10.0% done in 88.3s, 790.9s to go
on time step 3053 (time=63.6042), 0.0285981 s/step
Meep progress: 66.5208333333333/633.333343505859 = 10.5% done in 92.3s, 786.5s to go
on time step 3193 (time=66.5208), 0.0286526 s/step
Meep progress: 69.4375/633.333343505859 = 11.0% done in 96.3s, 782.2s to go
on time step 3333 (time=69.4375), 0.0286499 s/step
Meep progress: 72.3541666666667/633.333343505859 = 11.4% done in 100.3s, 777.8s to go
on time step 3473 (time=72.3542), 0.0286412 s/step
Meep progress: 75.2916666666667/633.333343505859 = 11.9% done in 104.3s, 773.3s to go
on time step 3614 (time=75.2917), 0.0284668 s/step
Meep progress: 78.2291666666667/633.333343505859 = 12.4% done in 108.4s, 768.9s to go
on time step 3755 (time=78.2292), 0.0285598 s/step
Meep progress: 81.1666666666667/633.333343505859 = 12.8% done in 112.4s, 764.6s to go
on time step 3896 (time=81.1667), 0.0285622 s/step
Meep progress: 84.1041666666667/633.333343505859 = 13.3% done in 116.4s, 760.3s to go
on time step 4037 (time=84.1042), 0.0285675 s/step
Meep progress: 87.0208333333333/633.333343505859 = 13.7% done in 120.4s, 756.0s to go
on time step 4177 (time=87.0208), 0.0286102 s/step
Meep progress: 89.9375/633.333343505859 = 14.2% done in 124.4s, 751.9s to go
on time step 4317 (time=89.9375), 0.0287083 s/step
Meep progress: 92.875/633.333343505859 = 14.7% done in 128.5s, 747.6s to go
on time step 4458 (time=92.875), 0.0285277 s/step
Meep progress: 95.7916666666667/633.333343505859 = 15.1% done in 132.5s, 743.4s to go
on time step 4598 (time=95.7917), 0.0286811 s/step
Meep progress: 98.7291666666667/633.333343505859 = 15.6% done in 136.5s, 739.2s to go
on time step 4739 (time=98.7292), 0.0285779 s/step
Meep progress: 101.645833333333/633.333343505859 = 16.0% done in 140.5s, 735.0s to go
on time step 4879 (time=101.646), 0.0285851 s/step
Meep progress: 104.5625/633.333343505859 = 16.5% done in 144.5s, 730.8s to go
on time step 5019 (time=104.562), 0.0285736 s/step
Meep progress: 107.479166666667/633.333343505859 = 17.0% done in 148.5s, 726.6s to go
on time step 5159 (time=107.479), 0.0286028 s/step
Meep progress: 110.416666666667/633.333343505859 = 17.4% done in 152.5s, 722.4s to go
on time step 5300 (time=110.417), 0.0284797 s/step
Meep progress: 113.333333333333/633.333343505859 = 17.9% done in 156.5s, 718.2s to go
on time step 5440 (time=113.333), 0.0286194 s/step
Meep progress: 116.25/633.333343505859 = 18.4% done in 160.6s, 714.1s to go
on time step 5580 (time=116.25), 0.0286392 s/step
Meep progress: 119.166666666667/633.333343505859 = 18.8% done in 164.6s, 710.1s to go
on time step 5720 (time=119.167), 0.0287292 s/step
Meep progress: 122.083333333333/633.333343505859 = 19.3% done in 168.6s, 706.0s to go
on time step 5860 (time=122.083), 0.0286078 s/step
Meep progress: 125.020833333333/633.333343505859 = 19.7% done in 172.6s, 701.7s to go
on time step 6001 (time=125.021), 0.028451 s/step
Meep progress: 127.958333333333/633.333343505859 = 20.2% done in 176.6s, 697.5s to go
on time step 6142 (time=127.958), 0.0285515 s/step
Meep progress: 130.875/633.333343505859 = 20.7% done in 180.6s, 693.4s to go
on time step 6282 (time=130.875), 0.0286168 s/step
Meep progress: 133.791666666667/633.333343505859 = 21.1% done in 184.6s, 689.4s to go
on time step 6422 (time=133.792), 0.0286247 s/step
Meep progress: 136.708333333333/633.333343505859 = 21.6% done in 188.6s, 685.3s to go
on time step 6562 (time=136.708), 0.0286178 s/step
Meep progress: 139.625/633.333343505859 = 22.0% done in 192.6s, 681.2s to go
on time step 6702 (time=139.625), 0.0285784 s/step
Meep progress: 142.5625/633.333343505859 = 22.5% done in 196.7s, 677.0s to go
on time step 6843 (time=142.562), 0.0285568 s/step
Meep progress: 145.479166666667/633.333343505859 = 23.0% done in 200.7s, 673.0s to go
on time step 6983 (time=145.479), 0.028713 s/step
Meep progress: 148.395833333333/633.333343505859 = 23.4% done in 204.7s, 668.9s to go
on time step 7123 (time=148.396), 0.0286841 s/step
Meep progress: 151.3125/633.333343505859 = 23.9% done in 208.7s, 664.9s to go
on time step 7263 (time=151.312), 0.0286749 s/step
Meep progress: 154.229166666667/633.333343505859 = 24.4% done in 212.7s, 660.9s to go
on time step 7403 (time=154.229), 0.0287624 s/step
Meep progress: 157.145833333333/633.333343505859 = 24.8% done in 216.7s, 656.8s to go
on time step 7543 (time=157.146), 0.0285776 s/step
Meep progress: 160.0625/633.333343505859 = 25.3% done in 220.8s, 652.7s to go
on time step 7683 (time=160.062), 0.0286335 s/step
Meep progress: 163.0/633.333343505859 = 25.7% done in 224.8s, 648.6s to go
on time step 7824 (time=163), 0.0284855 s/step
Meep progress: 165.9375/633.333343505859 = 26.2% done in 228.8s, 644.4s to go
on time step 7965 (time=165.938), 0.0285058 s/step
Meep progress: 168.875/633.333343505859 = 26.7% done in 232.8s, 640.3s to go
on time step 8106 (time=168.875), 0.0284915 s/step
Meep progress: 171.8125/633.333343505859 = 27.1% done in 236.8s, 636.1s to go
on time step 8247 (time=171.812), 0.0284873 s/step
Meep progress: 174.75/633.333343505859 = 27.6% done in 240.8s, 632.0s to go
on time step 8388 (time=174.75), 0.0284838 s/step
Meep progress: 177.666666666667/633.333343505859 = 28.1% done in 244.8s, 628.0s to go
on time step 8528 (time=177.667), 0.0286126 s/step
Meep progress: 180.583333333333/633.333343505859 = 28.5% done in 248.8s, 623.9s to go
on time step 8668 (time=180.583), 0.0285733 s/step
Meep progress: 183.5/633.333343505859 = 29.0% done in 252.9s, 619.9s to go
on time step 8808 (time=183.5), 0.0287549 s/step
Meep progress: 186.416666666667/633.333343505859 = 29.4% done in 256.9s, 615.8s to go
on time step 8948 (time=186.417), 0.0285853 s/step
Meep progress: 189.333333333333/633.333343505859 = 29.9% done in 260.9s, 611.8s to go
on time step 9088 (time=189.333), 0.0285913 s/step
Meep progress: 192.270833333333/633.333343505859 = 30.4% done in 264.9s, 607.7s to go
on time step 9229 (time=192.271), 0.0285652 s/step
Meep progress: 195.1875/633.333343505859 = 30.8% done in 268.9s, 603.6s to go
on time step 9369 (time=195.188), 0.0286746 s/step
Meep progress: 198.104166666667/633.333343505859 = 31.3% done in 272.9s, 599.6s to go
on time step 9509 (time=198.104), 0.0286608 s/step
Meep progress: 201.020833333333/633.333343505859 = 31.7% done in 276.9s, 595.6s to go
on time step 9649 (time=201.021), 0.0285739 s/step
Meep progress: 203.9375/633.333343505859 = 32.2% done in 280.9s, 591.5s to go
on time step 9789 (time=203.938), 0.0286915 s/step
Meep progress: 206.854166666667/633.333343505859 = 32.7% done in 285.0s, 587.5s to go
on time step 9929 (time=206.854), 0.0287053 s/step
Meep progress: 209.770833333333/633.333343505859 = 33.1% done in 289.0s, 583.5s to go
on time step 10069 (time=209.771), 0.0286166 s/step
Meep progress: 212.6875/633.333343505859 = 33.6% done in 293.0s, 579.5s to go
on time step 10209 (time=212.688), 0.0286942 s/step
Meep progress: 215.604166666667/633.333343505859 = 34.0% done in 297.0s, 575.4s to go
on time step 10349 (time=215.604), 0.0285961 s/step
Meep progress: 218.520833333333/633.333343505859 = 34.5% done in 301.0s, 571.4s to go
on time step 10489 (time=218.521), 0.028675 s/step
Meep progress: 221.4375/633.333343505859 = 35.0% done in 305.0s, 567.4s to go
on time step 10629 (time=221.438), 0.0286123 s/step
Meep progress: 224.354166666667/633.333343505859 = 35.4% done in 309.0s, 563.3s to go
on time step 10769 (time=224.354), 0.0286142 s/step
Meep progress: 227.291666666667/633.333343505859 = 35.9% done in 313.0s, 559.2s to go
on time step 10910 (time=227.292), 0.0285568 s/step
Meep progress: 230.229166666667/633.333343505859 = 36.4% done in 317.1s, 555.1s to go
on time step 11051 (time=230.229), 0.0285207 s/step
Meep progress: 233.145833333333/633.333343505859 = 36.8% done in 321.1s, 551.1s to go
on time step 11191 (time=233.146), 0.0286292 s/step
Meep progress: 236.0625/633.333343505859 = 37.3% done in 325.1s, 547.1s to go
on time step 11331 (time=236.062), 0.0287404 s/step
Meep progress: 238.979166666667/633.333343505859 = 37.7% done in 329.1s, 543.1s to go
on time step 11471 (time=238.979), 0.0286278 s/step
Meep progress: 241.895833333333/633.333343505859 = 38.2% done in 333.1s, 539.1s to go
on time step 11611 (time=241.896), 0.0287164 s/step
Meep progress: 244.8125/633.333343505859 = 38.7% done in 337.1s, 535.0s to go
on time step 11751 (time=244.812), 0.0286198 s/step
Meep progress: 247.729166666667/633.333343505859 = 39.1% done in 341.1s, 531.0s to go
on time step 11891 (time=247.729), 0.0286192 s/step
Meep progress: 250.645833333333/633.333343505859 = 39.6% done in 345.1s, 527.0s to go
on time step 12031 (time=250.646), 0.0285998 s/step
Meep progress: 253.583333333333/633.333343505859 = 40.0% done in 349.2s, 522.9s to go
on time step 12172 (time=253.583), 0.0285516 s/step
Meep progress: 256.5/633.333343505859 = 40.5% done in 353.2s, 518.9s to go
on time step 12312 (time=256.5), 0.0286205 s/step
Meep progress: 259.416666666667/633.333343505859 = 41.0% done in 357.2s, 514.8s to go
on time step 12452 (time=259.417), 0.028593 s/step
Meep progress: 262.354166666667/633.333343505859 = 41.4% done in 361.2s, 510.8s to go
on time step 12593 (time=262.354), 0.0285149 s/step
Meep progress: 265.270833333333/633.333343505859 = 41.9% done in 365.2s, 506.7s to go
on time step 12733 (time=265.271), 0.0285782 s/step
Meep progress: 268.1875/633.333343505859 = 42.3% done in 369.2s, 502.7s to go
on time step 12873 (time=268.188), 0.0285859 s/step
Meep progress: 271.104166666667/633.333343505859 = 42.8% done in 373.2s, 498.7s to go
on time step 13013 (time=271.104), 0.0286252 s/step
Meep progress: 274.020833333333/633.333343505859 = 43.3% done in 377.2s, 494.6s to go
on time step 13153 (time=274.021), 0.0286118 s/step
Meep progress: 276.9375/633.333343505859 = 43.7% done in 381.2s, 490.6s to go
on time step 13293 (time=276.938), 0.0286026 s/step
Meep progress: 279.854166666667/633.333343505859 = 44.2% done in 385.2s, 486.6s to go
on time step 13433 (time=279.854), 0.0286972 s/step
Meep progress: 282.791666666667/633.333343505859 = 44.7% done in 389.2s, 482.5s to go
on time step 13574 (time=282.792), 0.0284193 s/step
Meep progress: 285.708333333333/633.333343505859 = 45.1% done in 393.3s, 478.5s to go
on time step 13714 (time=285.708), 0.0286154 s/step
Meep progress: 288.625/633.333343505859 = 45.6% done in 397.3s, 474.4s to go
on time step 13854 (time=288.625), 0.0286009 s/step
Meep progress: 291.5625/633.333343505859 = 46.0% done in 401.3s, 470.4s to go
on time step 13995 (time=291.562), 0.0285753 s/step
Meep progress: 294.479166666667/633.333343505859 = 46.5% done in 405.3s, 466.4s to go
on time step 14135 (time=294.479), 0.0286834 s/step
Meep progress: 297.395833333333/633.333343505859 = 47.0% done in 409.3s, 462.4s to go
on time step 14275 (time=297.396), 0.0287503 s/step
Meep progress: 300.3125/633.333343505859 = 47.4% done in 413.3s, 458.4s to go
on time step 14415 (time=300.312), 0.0286347 s/step
Meep progress: 303.229166666667/633.333343505859 = 47.9% done in 417.4s, 454.3s to go
on time step 14555 (time=303.229), 0.0287268 s/step
Meep progress: 306.145833333333/633.333343505859 = 48.3% done in 421.4s, 450.3s to go
on time step 14695 (time=306.146), 0.0286636 s/step
Meep progress: 309.0625/633.333343505859 = 48.8% done in 425.4s, 446.3s to go
on time step 14835 (time=309.062), 0.0285775 s/step
Meep progress: 311.979166666667/633.333343505859 = 49.3% done in 429.4s, 442.3s to go
on time step 14975 (time=311.979), 0.0286087 s/step
Meep progress: 314.895833333333/633.333343505859 = 49.7% done in 433.4s, 438.3s to go
on time step 15115 (time=314.896), 0.0286483 s/step
Meep progress: 317.8125/633.333343505859 = 50.2% done in 437.4s, 434.2s to go
on time step 15255 (time=317.812), 0.0286673 s/step
Meep progress: 320.729166666667/633.333343505859 = 50.6% done in 441.4s, 430.2s to go
on time step 15395 (time=320.729), 0.0286934 s/step
Meep progress: 323.645833333333/633.333343505859 = 51.1% done in 445.4s, 426.2s to go
on time step 15535 (time=323.646), 0.0286645 s/step
Meep progress: 326.5625/633.333343505859 = 51.6% done in 449.4s, 422.2s to go
on time step 15675 (time=326.562), 0.0286518 s/step
Meep progress: 329.5/633.333343505859 = 52.0% done in 453.5s, 418.1s to go
on time step 15816 (time=329.5), 0.028559 s/step
Meep progress: 332.416666666667/633.333343505859 = 52.5% done in 457.5s, 414.1s to go
on time step 15956 (time=332.417), 0.0286633 s/step
Meep progress: 335.333333333333/633.333343505859 = 52.9% done in 461.5s, 410.1s to go
on time step 16096 (time=335.333), 0.0285984 s/step
Meep progress: 338.25/633.333343505859 = 53.4% done in 465.5s, 406.1s to go
on time step 16236 (time=338.25), 0.0287183 s/step
Meep progress: 341.166666666667/633.333343505859 = 53.9% done in 469.5s, 402.1s to go
on time step 16376 (time=341.167), 0.0286641 s/step
Meep progress: 344.083333333333/633.333343505859 = 54.3% done in 473.5s, 398.1s to go
on time step 16516 (time=344.083), 0.0286602 s/step
Meep progress: 347.0/633.333343505859 = 54.8% done in 477.5s, 394.1s to go
on time step 16656 (time=347), 0.0286843 s/step
Meep progress: 349.916666666667/633.333343505859 = 55.2% done in 481.6s, 390.1s to go
on time step 16796 (time=349.917), 0.0287505 s/step
Meep progress: 352.833333333333/633.333343505859 = 55.7% done in 485.6s, 386.0s to go
on time step 16936 (time=352.833), 0.0286439 s/step
Meep progress: 355.75/633.333343505859 = 56.2% done in 489.6s, 382.0s to go
on time step 17076 (time=355.75), 0.0287101 s/step
Meep progress: 358.666666666667/633.333343505859 = 56.6% done in 493.6s, 378.0s to go
on time step 17216 (time=358.667), 0.0286875 s/step
Meep progress: 361.583333333333/633.333343505859 = 57.1% done in 497.6s, 374.0s to go
on time step 17356 (time=361.583), 0.0286953 s/step
Meep progress: 364.5/633.333343505859 = 57.6% done in 501.7s, 370.0s to go
on time step 17496 (time=364.5), 0.0287084 s/step
Meep progress: 367.416666666667/633.333343505859 = 58.0% done in 505.7s, 366.0s to go
on time step 17636 (time=367.417), 0.0287315 s/step
Meep progress: 370.333333333333/633.333343505859 = 58.5% done in 509.7s, 362.0s to go
on time step 17776 (time=370.333), 0.028668 s/step
Meep progress: 373.25/633.333343505859 = 58.9% done in 513.7s, 358.0s to go
on time step 17916 (time=373.25), 0.0286501 s/step
Meep progress: 376.166666666667/633.333343505859 = 59.4% done in 517.7s, 353.9s to go
on time step 18056 (time=376.167), 0.0287745 s/step
Meep progress: 379.083333333333/633.333343505859 = 59.9% done in 521.8s, 349.9s to go
on time step 18196 (time=379.083), 0.0287543 s/step
Meep progress: 382.0/633.333343505859 = 60.3% done in 525.8s, 345.9s to go
on time step 18336 (time=382), 0.0286687 s/step
Meep progress: 384.895833333333/633.333343505859 = 60.8% done in 529.8s, 342.0s to go
on time step 18475 (time=384.896), 0.028839 s/step
Meep progress: 387.8125/633.333343505859 = 61.2% done in 533.8s, 337.9s to go
on time step 18615 (time=387.812), 0.0287682 s/step
Meep progress: 390.708333333333/633.333343505859 = 61.7% done in 537.8s, 334.0s to go
on time step 18754 (time=390.708), 0.0287873 s/step
Meep progress: 393.625/633.333343505859 = 62.2% done in 541.8s, 330.0s to go
on time step 18894 (time=393.625), 0.0286196 s/step
Meep progress: 396.541666666667/633.333343505859 = 62.6% done in 545.8s, 325.9s to go
on time step 19035 (time=396.562), 0.0285708 s/step
Meep progress: 399.458333333333/633.333343505859 = 63.1% done in 549.8s, 321.9s to go
on time step 19175 (time=399.479), 0.0285914 s/step
Meep progress: 402.375/633.333343505859 = 63.5% done in 553.8s, 317.9s to go
on time step 19315 (time=402.396), 0.0285985 s/step
Meep progress: 405.3125/633.333343505859 = 64.0% done in 557.8s, 313.8s to go
on time step 19456 (time=405.333), 0.0285179 s/step
Meep progress: 408.25/633.333343505859 = 64.5% done in 561.9s, 309.8s to go
on time step 19597 (time=408.271), 0.0285641 s/step
Meep progress: 411.166666666667/633.333343505859 = 64.9% done in 565.9s, 305.8s to go
on time step 19737 (time=411.188), 0.0286069 s/step
Meep progress: 414.083333333333/633.333343505859 = 65.4% done in 569.9s, 301.7s to go
on time step 19877 (time=414.104), 0.0285845 s/step
Meep progress: 417.0/633.333343505859 = 65.8% done in 573.9s, 297.7s to go
on time step 20017 (time=417.021), 0.0285872 s/step
Meep progress: 419.916666666667/633.333343505859 = 66.3% done in 577.9s, 293.7s to go
on time step 20158 (time=419.958), 0.0285889 s/step
Meep progress: 422.833333333333/633.333343505859 = 66.8% done in 581.9s, 289.7s to go
on time step 20298 (time=422.875), 0.028747 s/step
Meep progress: 425.75/633.333343505859 = 67.2% done in 585.9s, 285.7s to go
on time step 20438 (time=425.792), 0.028585 s/step
Meep progress: 428.666666666667/633.333343505859 = 67.7% done in 589.9s, 281.7s to go
on time step 20578 (time=428.708), 0.0285909 s/step
Meep progress: 431.583333333333/633.333343505859 = 68.1% done in 593.9s, 277.6s to go
on time step 20718 (time=431.625), 0.0285851 s/step
Meep progress: 434.5/633.333343505859 = 68.6% done in 597.9s, 273.6s to go
on time step 20858 (time=434.542), 0.0285762 s/step
Meep progress: 437.395833333333/633.333343505859 = 69.1% done in 601.9s, 269.6s to go
on time step 20997 (time=437.438), 0.028818 s/step
Meep progress: 440.3125/633.333343505859 = 69.5% done in 605.9s, 265.6s to go
on time step 21137 (time=440.354), 0.0286552 s/step
Meep progress: 443.25/633.333343505859 = 70.0% done in 610.0s, 261.6s to go
on time step 21278 (time=443.292), 0.0285777 s/step
Meep progress: 446.166666666667/633.333343505859 = 70.4% done in 614.0s, 257.6s to go
on time step 21418 (time=446.208), 0.0287351 s/step
Meep progress: 449.083333333333/633.333343505859 = 70.9% done in 618.0s, 253.6s to go
on time step 21558 (time=449.125), 0.0287259 s/step
Meep progress: 452.020833333333/633.333343505859 = 71.4% done in 622.0s, 249.5s to go
on time step 21699 (time=452.062), 0.0285211 s/step
Meep progress: 454.958333333333/633.333343505859 = 71.8% done in 626.1s, 245.5s to go
on time step 21840 (time=455), 0.0285565 s/step
Meep progress: 457.875/633.333343505859 = 72.3% done in 630.1s, 241.4s to go
on time step 21980 (time=457.917), 0.0286071 s/step
Meep progress: 460.770833333333/633.333343505859 = 72.8% done in 634.1s, 237.5s to go
on time step 22119 (time=460.812), 0.0288318 s/step
Meep progress: 463.666666666667/633.333343505859 = 73.2% done in 638.1s, 233.5s to go
on time step 22258 (time=463.708), 0.0287829 s/step
Meep progress: 466.583333333333/633.333343505859 = 73.7% done in 642.1s, 229.5s to go
on time step 22398 (time=466.625), 0.028757 s/step
Meep progress: 469.5/633.333343505859 = 74.1% done in 646.1s, 225.5s to go
on time step 22538 (time=469.542), 0.0287233 s/step
Meep progress: 472.4375/633.333343505859 = 74.6% done in 650.1s, 221.4s to go
on time step 22679 (time=472.479), 0.0285615 s/step
Meep progress: 475.354166666667/633.333343505859 = 75.1% done in 654.1s, 217.4s to go
on time step 22819 (time=475.396), 0.0286115 s/step
Meep progress: 478.270833333333/633.333343505859 = 75.5% done in 658.2s, 213.4s to go
on time step 22959 (time=478.312), 0.0286438 s/step
Meep progress: 481.1875/633.333343505859 = 76.0% done in 662.2s, 209.4s to go
on time step 23099 (time=481.229), 0.0286275 s/step
Meep progress: 484.104166666667/633.333343505859 = 76.4% done in 666.2s, 205.4s to go
on time step 23239 (time=484.146), 0.0286793 s/step
Meep progress: 487.020833333333/633.333343505859 = 76.9% done in 670.2s, 201.3s to go
on time step 23379 (time=487.062), 0.0287155 s/step
Meep progress: 489.9375/633.333343505859 = 77.4% done in 674.2s, 197.3s to go
on time step 23519 (time=489.979), 0.02873 s/step
Meep progress: 492.854166666667/633.333343505859 = 77.8% done in 678.2s, 193.3s to go
on time step 23659 (time=492.896), 0.02866 s/step
Meep progress: 495.770833333333/633.333343505859 = 78.3% done in 682.3s, 189.3s to go
on time step 23799 (time=495.812), 0.0287589 s/step
Meep progress: 498.6875/633.333343505859 = 78.7% done in 686.3s, 185.3s to go
on time step 23939 (time=498.729), 0.028678 s/step
Meep progress: 501.604166666667/633.333343505859 = 79.2% done in 690.3s, 181.3s to go
on time step 24079 (time=501.646), 0.0286284 s/step
Meep progress: 504.520833333333/633.333343505859 = 79.7% done in 694.3s, 177.3s to go
on time step 24219 (time=504.562), 0.0286551 s/step
Meep progress: 507.4375/633.333343505859 = 80.1% done in 698.3s, 173.3s to go
on time step 24359 (time=507.479), 0.0287691 s/step
Meep progress: 510.354166666667/633.333343505859 = 80.6% done in 702.3s, 169.2s to go
on time step 24499 (time=510.396), 0.0286986 s/step
Meep progress: 513.270833333333/633.333343505859 = 81.0% done in 706.4s, 165.2s to go
on time step 24639 (time=513.312), 0.0287398 s/step
Meep progress: 516.1875/633.333343505859 = 81.5% done in 710.4s, 161.2s to go
on time step 24779 (time=516.229), 0.0286671 s/step
Meep progress: 519.083333333333/633.333343505859 = 82.0% done in 714.4s, 157.2s to go
on time step 24918 (time=519.125), 0.0288319 s/step
Meep progress: 522.0/633.333343505859 = 82.4% done in 718.4s, 153.2s to go
on time step 25058 (time=522.042), 0.0287686 s/step
Meep progress: 524.916666666667/633.333343505859 = 82.9% done in 722.4s, 149.2s to go
on time step 25198 (time=524.958), 0.0285901 s/step
Meep progress: 527.854166666667/633.333343505859 = 83.3% done in 726.4s, 145.2s to go
on time step 25338 (time=527.875), 0.0285739 s/step
Meep progress: 530.770833333333/633.333343505859 = 83.8% done in 730.5s, 141.2s to go
on time step 25478 (time=530.792), 0.0287536 s/step
Meep progress: 533.708333333333/633.333343505859 = 84.3% done in 734.5s, 137.1s to go
on time step 25619 (time=533.729), 0.0285282 s/step
Meep progress: 536.625/633.333343505859 = 84.7% done in 738.5s, 133.1s to go
on time step 25759 (time=536.646), 0.0286182 s/step
Meep progress: 539.541666666667/633.333343505859 = 85.2% done in 742.5s, 129.1s to go
on time step 25899 (time=539.562), 0.0287264 s/step
Meep progress: 542.458333333333/633.333343505859 = 85.7% done in 746.5s, 125.1s to go
on time step 26039 (time=542.479), 0.0286264 s/step
Meep progress: 545.375/633.333343505859 = 86.1% done in 750.6s, 121.0s to go
on time step 26179 (time=545.396), 0.0287235 s/step
Meep progress: 548.291666666667/633.333343505859 = 86.6% done in 754.6s, 117.0s to go
on time step 26319 (time=548.312), 0.0286928 s/step
Meep progress: 551.208333333333/633.333343505859 = 87.0% done in 758.6s, 113.0s to go
on time step 26459 (time=551.229), 0.0287498 s/step
Meep progress: 554.125/633.333343505859 = 87.5% done in 762.6s, 109.0s to go
on time step 26599 (time=554.146), 0.028785 s/step
Meep progress: 557.041666666667/633.333343505859 = 88.0% done in 766.6s, 105.0s to go
on time step 26739 (time=557.062), 0.0287155 s/step
Meep progress: 559.958333333333/633.333343505859 = 88.4% done in 770.7s, 101.0s to go
on time step 26879 (time=559.979), 0.0287504 s/step
Meep progress: 562.875/633.333343505859 = 88.9% done in 774.7s, 97.0s to go
on time step 27019 (time=562.896), 0.0286947 s/step
Meep progress: 565.770833333333/633.333343505859 = 89.3% done in 778.7s, 93.0s to go
on time step 27158 (time=565.792), 0.0288459 s/step
Meep progress: 568.6875/633.333343505859 = 89.8% done in 782.7s, 89.0s to go
on time step 27298 (time=568.708), 0.0287104 s/step
Meep progress: 571.604166666667/633.333343505859 = 90.3% done in 786.7s, 85.0s to go
on time step 27438 (time=571.625), 0.028667 s/step
Meep progress: 574.520833333333/633.333343505859 = 90.7% done in 790.7s, 80.9s to go
on time step 27578 (time=574.542), 0.0286889 s/step
Meep progress: 577.4375/633.333343505859 = 91.2% done in 794.8s, 76.9s to go
on time step 27718 (time=577.458), 0.0287081 s/step
Meep progress: 580.354166666667/633.333343505859 = 91.6% done in 798.8s, 72.9s to go
on time step 27858 (time=580.375), 0.0286197 s/step
Meep progress: 583.270833333333/633.333343505859 = 92.1% done in 802.8s, 68.9s to go
on time step 27998 (time=583.292), 0.0287066 s/step
Meep progress: 586.1875/633.333343505859 = 92.6% done in 806.8s, 64.9s to go
on time step 28138 (time=586.208), 0.0287438 s/step
Meep progress: 589.083333333333/633.333343505859 = 93.0% done in 810.8s, 60.9s to go
on time step 28277 (time=589.104), 0.0288163 s/step
Meep progress: 592.0/633.333343505859 = 93.5% done in 814.8s, 56.9s to go
on time step 28417 (time=592.021), 0.0286835 s/step
Meep progress: 594.916666666667/633.333343505859 = 93.9% done in 818.8s, 52.9s to go
on time step 28557 (time=594.938), 0.028644 s/step
Meep progress: 597.8125/633.333343505859 = 94.4% done in 822.9s, 48.9s to go
on time step 28696 (time=597.833), 0.0288344 s/step
Meep progress: 600.729166666667/633.333343505859 = 94.9% done in 826.9s, 44.9s to go
on time step 28836 (time=600.75), 0.0287479 s/step
Meep progress: 603.645833333333/633.333343505859 = 95.3% done in 830.9s, 40.9s to go
on time step 28976 (time=603.667), 0.0287683 s/step
Meep progress: 606.5625/633.333343505859 = 95.8% done in 834.9s, 36.8s to go
on time step 29116 (time=606.583), 0.0286381 s/step
Meep progress: 609.479166666667/633.333343505859 = 96.2% done in 838.9s, 32.8s to go
on time step 29256 (time=609.5), 0.0287061 s/step
Meep progress: 612.395833333333/633.333343505859 = 96.7% done in 843.0s, 28.8s to go
on time step 29396 (time=612.417), 0.0287844 s/step
Meep progress: 615.3125/633.333343505859 = 97.2% done in 847.0s, 24.8s to go
on time step 29536 (time=615.333), 0.0287298 s/step
Meep progress: 618.229166666667/633.333343505859 = 97.6% done in 851.0s, 20.8s to go
on time step 29676 (time=618.25), 0.0287885 s/step
Meep progress: 621.125/633.333343505859 = 98.1% done in 855.0s, 16.8s to go
on time step 29815 (time=621.146), 0.0288212 s/step
Meep progress: 624.041666666667/633.333343505859 = 98.5% done in 859.0s, 12.8s to go
on time step 29955 (time=624.062), 0.0286312 s/step
Meep progress: 626.958333333333/633.333343505859 = 99.0% done in 863.1s, 8.8s to go
on time step 30095 (time=626.979), 0.0287348 s/step
Meep progress: 629.875/633.333343505859 = 99.5% done in 867.1s, 4.8s to go
on time step 30235 (time=629.896), 0.028753 s/step
Meep progress: 632.770833333333/633.333343505859 = 99.9% done in 871.1s, 0.8s to go
on time step 30374 (time=632.792), 0.0288052 s/step
harminv0:, frequency, imag. freq., Q, |amp|, amplitude, error
harminv0:, 0.449907678801409, -5.74548926019489e-7, 391531.215555825, 18.9300813438693, -17.0530759187271+8.21830769657826i, 1.74745845090884e-11
run 0 finished at t = 633.354166666667 (30401 timesteps)

Elapsed run time = 873.595 s

Some deprecated features have been used.  Set the environment
variable GUILE_WARN_DEPRECATED to "detailed" and rerun the
program to get more information.  Set it to "no" to suppress
this message.

Some deprecated features have been used.  Set the environment
variable GUILE_WARN_DEPRECATED to "detailed" and rerun the
program to get more information.  Set it to "no" to suppress
this message.
